

================================================================
== Vitis HLS Report for 'MPCallocate_0627'
================================================================
* Date:           Mon Feb 12 12:02:43 2024

* Version:        2022.1 (Build 3526262 on Mon Apr 18 15:48:16 MDT 2022)
* Project:        HLS_v1_v4_NPC_SDA_20khz
* Solution:       solution1 (Vivado IP Flow Target)
* Product family: kintex7
* Target device:  xc7k410t-fbg900-1


================================================================
== Performance Estimates
================================================================
+ Timing: 
    * Summary: 
    +--------+----------+----------+------------+
    |  Clock |  Target  | Estimated| Uncertainty|
    +--------+----------+----------+------------+
    |ap_clk  |  10.00 ns|  4.681 ns|     2.70 ns|
    +--------+----------+----------+------------+

+ Latency: 
    * Summary: 
    +---------+---------+----------+----------+-----+-----+---------+
    |  Latency (cycles) |  Latency (absolute) |  Interval | Pipeline|
    |   min   |   max   |    min   |    max   | min | max |   Type  |
    +---------+---------+----------+----------+-----+-----+---------+
    |        0|        0|      0 ns|      0 ns|    0|    0|       no|
    +---------+---------+----------+----------+-----+-----+---------+

    + Detail: 
        * Instance: 
        N/A

        * Loop: 
        N/A

============================================================
+ Verbose Summary: Synthesis Manager
============================================================
InlineROM: 1
ExposeGlobal: 0
============================================================
+ Verbose Summary: CDFG Model
============================================================
IsTopModel: 0
ResetActiveHigh: 1
IsCombinational: 0
IsDatapathOnly: 0
HasWiredReturn: 1
HasMFsm: 0
HasVarLatency: 0
IsPipeline: 0
IsRtlPipelined: 0
IsInstanceOverlapped: 0
IsDontTouch: 0
HasImplIP: 0
IsGatedGlobalClock: 0


============================================================
+ Verbose Summary: Schedule
============================================================
* Number of FSM states : 1
* Pipeline : 0
* Dataflow Pipeline: 0

* FSM state transitions: 
1 --> 

* FSM state operations: 

State 1 <SV = 0> <Delay = 4.68>
ST_1 : Operation 2 [1/1] (0.00ns)   --->   "%p_read_1518 = read i8 @_ssdm_op_Read.ap_auto.i8, i8 %p_read191" [PHC_v1_v4_NPC_SDA_20khz/ThreadFunction.cpp:875]   --->   Operation 2 'read' 'p_read_1518' <Predicate = true> <Delay = 0.00>
ST_1 : Operation 3 [1/1] (0.00ns)   --->   "%p_read_1519 = read i8 @_ssdm_op_Read.ap_auto.i8, i8 %p_read190" [PHC_v1_v4_NPC_SDA_20khz/ThreadFunction.cpp:875]   --->   Operation 3 'read' 'p_read_1519' <Predicate = true> <Delay = 0.00>
ST_1 : Operation 4 [1/1] (0.00ns)   --->   "%p_read_1520 = read i8 @_ssdm_op_Read.ap_auto.i8, i8 %p_read189" [PHC_v1_v4_NPC_SDA_20khz/ThreadFunction.cpp:875]   --->   Operation 4 'read' 'p_read_1520' <Predicate = true> <Delay = 0.00>
ST_1 : Operation 5 [1/1] (0.00ns)   --->   "%p_read_1521 = read i8 @_ssdm_op_Read.ap_auto.i8, i8 %p_read188" [PHC_v1_v4_NPC_SDA_20khz/ThreadFunction.cpp:875]   --->   Operation 5 'read' 'p_read_1521' <Predicate = true> <Delay = 0.00>
ST_1 : Operation 6 [1/1] (0.00ns)   --->   "%p_read_1522 = read i8 @_ssdm_op_Read.ap_auto.i8, i8 %p_read187" [PHC_v1_v4_NPC_SDA_20khz/ThreadFunction.cpp:875]   --->   Operation 6 'read' 'p_read_1522' <Predicate = true> <Delay = 0.00>
ST_1 : Operation 7 [1/1] (0.00ns)   --->   "%p_read_1523 = read i8 @_ssdm_op_Read.ap_auto.i8, i8 %p_read186" [PHC_v1_v4_NPC_SDA_20khz/ThreadFunction.cpp:875]   --->   Operation 7 'read' 'p_read_1523' <Predicate = true> <Delay = 0.00>
ST_1 : Operation 8 [1/1] (0.00ns)   --->   "%p_read_1524 = read i8 @_ssdm_op_Read.ap_auto.i8, i8 %p_read185" [PHC_v1_v4_NPC_SDA_20khz/ThreadFunction.cpp:875]   --->   Operation 8 'read' 'p_read_1524' <Predicate = true> <Delay = 0.00>
ST_1 : Operation 9 [1/1] (0.00ns)   --->   "%p_read_1525 = read i8 @_ssdm_op_Read.ap_auto.i8, i8 %p_read184" [PHC_v1_v4_NPC_SDA_20khz/ThreadFunction.cpp:875]   --->   Operation 9 'read' 'p_read_1525' <Predicate = true> <Delay = 0.00>
ST_1 : Operation 10 [1/1] (0.00ns)   --->   "%p_read_1526 = read i8 @_ssdm_op_Read.ap_auto.i8, i8 %p_read183" [PHC_v1_v4_NPC_SDA_20khz/ThreadFunction.cpp:875]   --->   Operation 10 'read' 'p_read_1526' <Predicate = true> <Delay = 0.00>
ST_1 : Operation 11 [1/1] (0.00ns)   --->   "%p_read_1527 = read i8 @_ssdm_op_Read.ap_auto.i8, i8 %p_read182" [PHC_v1_v4_NPC_SDA_20khz/ThreadFunction.cpp:875]   --->   Operation 11 'read' 'p_read_1527' <Predicate = true> <Delay = 0.00>
ST_1 : Operation 12 [1/1] (0.00ns)   --->   "%p_read_1528 = read i8 @_ssdm_op_Read.ap_auto.i8, i8 %p_read181" [PHC_v1_v4_NPC_SDA_20khz/ThreadFunction.cpp:875]   --->   Operation 12 'read' 'p_read_1528' <Predicate = true> <Delay = 0.00>
ST_1 : Operation 13 [1/1] (0.00ns)   --->   "%p_read_1529 = read i8 @_ssdm_op_Read.ap_auto.i8, i8 %p_read180" [PHC_v1_v4_NPC_SDA_20khz/ThreadFunction.cpp:875]   --->   Operation 13 'read' 'p_read_1529' <Predicate = true> <Delay = 0.00>
ST_1 : Operation 14 [1/1] (0.00ns)   --->   "%p_read_1530 = read i8 @_ssdm_op_Read.ap_auto.i8, i8 %p_read179" [PHC_v1_v4_NPC_SDA_20khz/ThreadFunction.cpp:875]   --->   Operation 14 'read' 'p_read_1530' <Predicate = true> <Delay = 0.00>
ST_1 : Operation 15 [1/1] (0.00ns)   --->   "%p_read_1531 = read i8 @_ssdm_op_Read.ap_auto.i8, i8 %p_read178" [PHC_v1_v4_NPC_SDA_20khz/ThreadFunction.cpp:875]   --->   Operation 15 'read' 'p_read_1531' <Predicate = true> <Delay = 0.00>
ST_1 : Operation 16 [1/1] (0.00ns)   --->   "%p_read_1532 = read i8 @_ssdm_op_Read.ap_auto.i8, i8 %p_read177" [PHC_v1_v4_NPC_SDA_20khz/ThreadFunction.cpp:875]   --->   Operation 16 'read' 'p_read_1532' <Predicate = true> <Delay = 0.00>
ST_1 : Operation 17 [1/1] (0.00ns)   --->   "%p_read_1533 = read i8 @_ssdm_op_Read.ap_auto.i8, i8 %p_read176" [PHC_v1_v4_NPC_SDA_20khz/ThreadFunction.cpp:875]   --->   Operation 17 'read' 'p_read_1533' <Predicate = true> <Delay = 0.00>
ST_1 : Operation 18 [1/1] (0.00ns)   --->   "%p_read_1534 = read i8 @_ssdm_op_Read.ap_auto.i8, i8 %p_read175" [PHC_v1_v4_NPC_SDA_20khz/ThreadFunction.cpp:875]   --->   Operation 18 'read' 'p_read_1534' <Predicate = true> <Delay = 0.00>
ST_1 : Operation 19 [1/1] (0.00ns)   --->   "%p_read_1535 = read i8 @_ssdm_op_Read.ap_auto.i8, i8 %p_read174" [PHC_v1_v4_NPC_SDA_20khz/ThreadFunction.cpp:875]   --->   Operation 19 'read' 'p_read_1535' <Predicate = true> <Delay = 0.00>
ST_1 : Operation 20 [1/1] (0.00ns)   --->   "%p_read_1536 = read i8 @_ssdm_op_Read.ap_auto.i8, i8 %p_read173" [PHC_v1_v4_NPC_SDA_20khz/ThreadFunction.cpp:875]   --->   Operation 20 'read' 'p_read_1536' <Predicate = true> <Delay = 0.00>
ST_1 : Operation 21 [1/1] (0.00ns)   --->   "%p_read_1537 = read i8 @_ssdm_op_Read.ap_auto.i8, i8 %p_read172" [PHC_v1_v4_NPC_SDA_20khz/ThreadFunction.cpp:875]   --->   Operation 21 'read' 'p_read_1537' <Predicate = true> <Delay = 0.00>
ST_1 : Operation 22 [1/1] (0.00ns)   --->   "%p_read_1538 = read i8 @_ssdm_op_Read.ap_auto.i8, i8 %p_read171" [PHC_v1_v4_NPC_SDA_20khz/ThreadFunction.cpp:875]   --->   Operation 22 'read' 'p_read_1538' <Predicate = true> <Delay = 0.00>
ST_1 : Operation 23 [1/1] (0.00ns)   --->   "%p_read_1539 = read i8 @_ssdm_op_Read.ap_auto.i8, i8 %p_read170" [PHC_v1_v4_NPC_SDA_20khz/ThreadFunction.cpp:875]   --->   Operation 23 'read' 'p_read_1539' <Predicate = true> <Delay = 0.00>
ST_1 : Operation 24 [1/1] (0.00ns)   --->   "%p_read_1540 = read i8 @_ssdm_op_Read.ap_auto.i8, i8 %p_read169" [PHC_v1_v4_NPC_SDA_20khz/ThreadFunction.cpp:875]   --->   Operation 24 'read' 'p_read_1540' <Predicate = true> <Delay = 0.00>
ST_1 : Operation 25 [1/1] (0.00ns)   --->   "%p_read_1541 = read i8 @_ssdm_op_Read.ap_auto.i8, i8 %p_read168" [PHC_v1_v4_NPC_SDA_20khz/ThreadFunction.cpp:875]   --->   Operation 25 'read' 'p_read_1541' <Predicate = true> <Delay = 0.00>
ST_1 : Operation 26 [1/1] (0.00ns)   --->   "%p_read_1542 = read i8 @_ssdm_op_Read.ap_auto.i8, i8 %p_read167" [PHC_v1_v4_NPC_SDA_20khz/ThreadFunction.cpp:875]   --->   Operation 26 'read' 'p_read_1542' <Predicate = true> <Delay = 0.00>
ST_1 : Operation 27 [1/1] (0.00ns)   --->   "%p_read_1543 = read i8 @_ssdm_op_Read.ap_auto.i8, i8 %p_read166" [PHC_v1_v4_NPC_SDA_20khz/ThreadFunction.cpp:875]   --->   Operation 27 'read' 'p_read_1543' <Predicate = true> <Delay = 0.00>
ST_1 : Operation 28 [1/1] (0.00ns)   --->   "%p_read_1544 = read i8 @_ssdm_op_Read.ap_auto.i8, i8 %p_read165" [PHC_v1_v4_NPC_SDA_20khz/ThreadFunction.cpp:875]   --->   Operation 28 'read' 'p_read_1544' <Predicate = true> <Delay = 0.00>
ST_1 : Operation 29 [1/1] (0.00ns)   --->   "%p_read_1545 = read i8 @_ssdm_op_Read.ap_auto.i8, i8 %p_read164" [PHC_v1_v4_NPC_SDA_20khz/ThreadFunction.cpp:875]   --->   Operation 29 'read' 'p_read_1545' <Predicate = true> <Delay = 0.00>
ST_1 : Operation 30 [1/1] (0.00ns)   --->   "%p_read_1546 = read i8 @_ssdm_op_Read.ap_auto.i8, i8 %p_read163" [PHC_v1_v4_NPC_SDA_20khz/ThreadFunction.cpp:875]   --->   Operation 30 'read' 'p_read_1546' <Predicate = true> <Delay = 0.00>
ST_1 : Operation 31 [1/1] (0.00ns)   --->   "%p_read_1547 = read i8 @_ssdm_op_Read.ap_auto.i8, i8 %p_read162" [PHC_v1_v4_NPC_SDA_20khz/ThreadFunction.cpp:875]   --->   Operation 31 'read' 'p_read_1547' <Predicate = true> <Delay = 0.00>
ST_1 : Operation 32 [1/1] (0.00ns)   --->   "%p_read_1548 = read i8 @_ssdm_op_Read.ap_auto.i8, i8 %p_read161" [PHC_v1_v4_NPC_SDA_20khz/ThreadFunction.cpp:875]   --->   Operation 32 'read' 'p_read_1548' <Predicate = true> <Delay = 0.00>
ST_1 : Operation 33 [1/1] (0.00ns)   --->   "%p_read_1549 = read i8 @_ssdm_op_Read.ap_auto.i8, i8 %p_read160" [PHC_v1_v4_NPC_SDA_20khz/ThreadFunction.cpp:875]   --->   Operation 33 'read' 'p_read_1549' <Predicate = true> <Delay = 0.00>
ST_1 : Operation 34 [1/1] (0.00ns)   --->   "%p_read_1550 = read i8 @_ssdm_op_Read.ap_auto.i8, i8 %p_read159" [PHC_v1_v4_NPC_SDA_20khz/ThreadFunction.cpp:875]   --->   Operation 34 'read' 'p_read_1550' <Predicate = true> <Delay = 0.00>
ST_1 : Operation 35 [1/1] (0.00ns)   --->   "%p_read_1551 = read i8 @_ssdm_op_Read.ap_auto.i8, i8 %p_read158" [PHC_v1_v4_NPC_SDA_20khz/ThreadFunction.cpp:875]   --->   Operation 35 'read' 'p_read_1551' <Predicate = true> <Delay = 0.00>
ST_1 : Operation 36 [1/1] (0.00ns)   --->   "%p_read_1552 = read i8 @_ssdm_op_Read.ap_auto.i8, i8 %p_read157" [PHC_v1_v4_NPC_SDA_20khz/ThreadFunction.cpp:875]   --->   Operation 36 'read' 'p_read_1552' <Predicate = true> <Delay = 0.00>
ST_1 : Operation 37 [1/1] (0.00ns)   --->   "%p_read_1553 = read i8 @_ssdm_op_Read.ap_auto.i8, i8 %p_read156" [PHC_v1_v4_NPC_SDA_20khz/ThreadFunction.cpp:875]   --->   Operation 37 'read' 'p_read_1553' <Predicate = true> <Delay = 0.00>
ST_1 : Operation 38 [1/1] (0.00ns)   --->   "%p_read_1554 = read i8 @_ssdm_op_Read.ap_auto.i8, i8 %p_read155" [PHC_v1_v4_NPC_SDA_20khz/ThreadFunction.cpp:875]   --->   Operation 38 'read' 'p_read_1554' <Predicate = true> <Delay = 0.00>
ST_1 : Operation 39 [1/1] (0.00ns)   --->   "%p_read_1555 = read i8 @_ssdm_op_Read.ap_auto.i8, i8 %p_read154" [PHC_v1_v4_NPC_SDA_20khz/ThreadFunction.cpp:875]   --->   Operation 39 'read' 'p_read_1555' <Predicate = true> <Delay = 0.00>
ST_1 : Operation 40 [1/1] (0.00ns)   --->   "%p_read_1556 = read i8 @_ssdm_op_Read.ap_auto.i8, i8 %p_read153" [PHC_v1_v4_NPC_SDA_20khz/ThreadFunction.cpp:875]   --->   Operation 40 'read' 'p_read_1556' <Predicate = true> <Delay = 0.00>
ST_1 : Operation 41 [1/1] (0.00ns)   --->   "%p_read_1557 = read i8 @_ssdm_op_Read.ap_auto.i8, i8 %p_read152" [PHC_v1_v4_NPC_SDA_20khz/ThreadFunction.cpp:875]   --->   Operation 41 'read' 'p_read_1557' <Predicate = true> <Delay = 0.00>
ST_1 : Operation 42 [1/1] (0.00ns)   --->   "%p_read_1558 = read i8 @_ssdm_op_Read.ap_auto.i8, i8 %p_read151" [PHC_v1_v4_NPC_SDA_20khz/ThreadFunction.cpp:875]   --->   Operation 42 'read' 'p_read_1558' <Predicate = true> <Delay = 0.00>
ST_1 : Operation 43 [1/1] (0.00ns)   --->   "%p_read_1559 = read i8 @_ssdm_op_Read.ap_auto.i8, i8 %p_read150" [PHC_v1_v4_NPC_SDA_20khz/ThreadFunction.cpp:875]   --->   Operation 43 'read' 'p_read_1559' <Predicate = true> <Delay = 0.00>
ST_1 : Operation 44 [1/1] (0.00ns)   --->   "%p_read_1560 = read i8 @_ssdm_op_Read.ap_auto.i8, i8 %p_read149" [PHC_v1_v4_NPC_SDA_20khz/ThreadFunction.cpp:875]   --->   Operation 44 'read' 'p_read_1560' <Predicate = true> <Delay = 0.00>
ST_1 : Operation 45 [1/1] (0.00ns)   --->   "%p_read_1561 = read i8 @_ssdm_op_Read.ap_auto.i8, i8 %p_read148" [PHC_v1_v4_NPC_SDA_20khz/ThreadFunction.cpp:875]   --->   Operation 45 'read' 'p_read_1561' <Predicate = true> <Delay = 0.00>
ST_1 : Operation 46 [1/1] (0.00ns)   --->   "%p_read_1562 = read i8 @_ssdm_op_Read.ap_auto.i8, i8 %p_read147" [PHC_v1_v4_NPC_SDA_20khz/ThreadFunction.cpp:875]   --->   Operation 46 'read' 'p_read_1562' <Predicate = true> <Delay = 0.00>
ST_1 : Operation 47 [1/1] (0.00ns)   --->   "%p_read_1563 = read i8 @_ssdm_op_Read.ap_auto.i8, i8 %p_read146" [PHC_v1_v4_NPC_SDA_20khz/ThreadFunction.cpp:875]   --->   Operation 47 'read' 'p_read_1563' <Predicate = true> <Delay = 0.00>
ST_1 : Operation 48 [1/1] (0.00ns)   --->   "%p_read_1564 = read i8 @_ssdm_op_Read.ap_auto.i8, i8 %p_read145" [PHC_v1_v4_NPC_SDA_20khz/ThreadFunction.cpp:875]   --->   Operation 48 'read' 'p_read_1564' <Predicate = true> <Delay = 0.00>
ST_1 : Operation 49 [1/1] (0.00ns)   --->   "%p_read_1565 = read i8 @_ssdm_op_Read.ap_auto.i8, i8 %p_read144" [PHC_v1_v4_NPC_SDA_20khz/ThreadFunction.cpp:875]   --->   Operation 49 'read' 'p_read_1565' <Predicate = true> <Delay = 0.00>
ST_1 : Operation 50 [1/1] (0.00ns)   --->   "%p_read_1566 = read i8 @_ssdm_op_Read.ap_auto.i8, i8 %p_read143" [PHC_v1_v4_NPC_SDA_20khz/ThreadFunction.cpp:875]   --->   Operation 50 'read' 'p_read_1566' <Predicate = true> <Delay = 0.00>
ST_1 : Operation 51 [1/1] (0.00ns)   --->   "%p_read_1567 = read i8 @_ssdm_op_Read.ap_auto.i8, i8 %p_read142" [PHC_v1_v4_NPC_SDA_20khz/ThreadFunction.cpp:875]   --->   Operation 51 'read' 'p_read_1567' <Predicate = true> <Delay = 0.00>
ST_1 : Operation 52 [1/1] (0.00ns)   --->   "%p_read_1568 = read i8 @_ssdm_op_Read.ap_auto.i8, i8 %p_read141" [PHC_v1_v4_NPC_SDA_20khz/ThreadFunction.cpp:875]   --->   Operation 52 'read' 'p_read_1568' <Predicate = true> <Delay = 0.00>
ST_1 : Operation 53 [1/1] (0.00ns)   --->   "%p_read_1569 = read i8 @_ssdm_op_Read.ap_auto.i8, i8 %p_read140" [PHC_v1_v4_NPC_SDA_20khz/ThreadFunction.cpp:875]   --->   Operation 53 'read' 'p_read_1569' <Predicate = true> <Delay = 0.00>
ST_1 : Operation 54 [1/1] (0.00ns)   --->   "%p_read_1570 = read i8 @_ssdm_op_Read.ap_auto.i8, i8 %p_read139" [PHC_v1_v4_NPC_SDA_20khz/ThreadFunction.cpp:875]   --->   Operation 54 'read' 'p_read_1570' <Predicate = true> <Delay = 0.00>
ST_1 : Operation 55 [1/1] (0.00ns)   --->   "%p_read_1571 = read i8 @_ssdm_op_Read.ap_auto.i8, i8 %p_read138" [PHC_v1_v4_NPC_SDA_20khz/ThreadFunction.cpp:875]   --->   Operation 55 'read' 'p_read_1571' <Predicate = true> <Delay = 0.00>
ST_1 : Operation 56 [1/1] (0.00ns)   --->   "%p_read_1572 = read i8 @_ssdm_op_Read.ap_auto.i8, i8 %p_read137" [PHC_v1_v4_NPC_SDA_20khz/ThreadFunction.cpp:875]   --->   Operation 56 'read' 'p_read_1572' <Predicate = true> <Delay = 0.00>
ST_1 : Operation 57 [1/1] (0.00ns)   --->   "%p_read_1573 = read i8 @_ssdm_op_Read.ap_auto.i8, i8 %p_read136" [PHC_v1_v4_NPC_SDA_20khz/ThreadFunction.cpp:875]   --->   Operation 57 'read' 'p_read_1573' <Predicate = true> <Delay = 0.00>
ST_1 : Operation 58 [1/1] (0.00ns)   --->   "%p_read_1574 = read i8 @_ssdm_op_Read.ap_auto.i8, i8 %p_read135" [PHC_v1_v4_NPC_SDA_20khz/ThreadFunction.cpp:875]   --->   Operation 58 'read' 'p_read_1574' <Predicate = true> <Delay = 0.00>
ST_1 : Operation 59 [1/1] (0.00ns)   --->   "%p_read_1575 = read i8 @_ssdm_op_Read.ap_auto.i8, i8 %p_read134" [PHC_v1_v4_NPC_SDA_20khz/ThreadFunction.cpp:875]   --->   Operation 59 'read' 'p_read_1575' <Predicate = true> <Delay = 0.00>
ST_1 : Operation 60 [1/1] (0.00ns)   --->   "%p_read_1576 = read i8 @_ssdm_op_Read.ap_auto.i8, i8 %p_read133" [PHC_v1_v4_NPC_SDA_20khz/ThreadFunction.cpp:875]   --->   Operation 60 'read' 'p_read_1576' <Predicate = true> <Delay = 0.00>
ST_1 : Operation 61 [1/1] (0.00ns)   --->   "%p_read_1577 = read i8 @_ssdm_op_Read.ap_auto.i8, i8 %p_read132" [PHC_v1_v4_NPC_SDA_20khz/ThreadFunction.cpp:875]   --->   Operation 61 'read' 'p_read_1577' <Predicate = true> <Delay = 0.00>
ST_1 : Operation 62 [1/1] (0.00ns)   --->   "%p_read_1578 = read i8 @_ssdm_op_Read.ap_auto.i8, i8 %p_read131" [PHC_v1_v4_NPC_SDA_20khz/ThreadFunction.cpp:875]   --->   Operation 62 'read' 'p_read_1578' <Predicate = true> <Delay = 0.00>
ST_1 : Operation 63 [1/1] (0.00ns)   --->   "%p_read_1579 = read i8 @_ssdm_op_Read.ap_auto.i8, i8 %p_read130" [PHC_v1_v4_NPC_SDA_20khz/ThreadFunction.cpp:875]   --->   Operation 63 'read' 'p_read_1579' <Predicate = true> <Delay = 0.00>
ST_1 : Operation 64 [1/1] (0.00ns)   --->   "%p_read_1580 = read i8 @_ssdm_op_Read.ap_auto.i8, i8 %p_read129" [PHC_v1_v4_NPC_SDA_20khz/ThreadFunction.cpp:875]   --->   Operation 64 'read' 'p_read_1580' <Predicate = true> <Delay = 0.00>
ST_1 : Operation 65 [1/1] (0.00ns)   --->   "%p_read_1581 = read i8 @_ssdm_op_Read.ap_auto.i8, i8 %p_read128" [PHC_v1_v4_NPC_SDA_20khz/ThreadFunction.cpp:875]   --->   Operation 65 'read' 'p_read_1581' <Predicate = true> <Delay = 0.00>
ST_1 : Operation 66 [1/1] (0.00ns)   --->   "%p_read_1582 = read i8 @_ssdm_op_Read.ap_auto.i8, i8 %p_read127" [PHC_v1_v4_NPC_SDA_20khz/ThreadFunction.cpp:875]   --->   Operation 66 'read' 'p_read_1582' <Predicate = true> <Delay = 0.00>
ST_1 : Operation 67 [1/1] (0.00ns)   --->   "%p_read_1583 = read i8 @_ssdm_op_Read.ap_auto.i8, i8 %p_read126" [PHC_v1_v4_NPC_SDA_20khz/ThreadFunction.cpp:875]   --->   Operation 67 'read' 'p_read_1583' <Predicate = true> <Delay = 0.00>
ST_1 : Operation 68 [1/1] (0.00ns)   --->   "%p_read_1584 = read i8 @_ssdm_op_Read.ap_auto.i8, i8 %p_read125" [PHC_v1_v4_NPC_SDA_20khz/ThreadFunction.cpp:875]   --->   Operation 68 'read' 'p_read_1584' <Predicate = true> <Delay = 0.00>
ST_1 : Operation 69 [1/1] (0.00ns)   --->   "%p_read_1585 = read i8 @_ssdm_op_Read.ap_auto.i8, i8 %p_read124" [PHC_v1_v4_NPC_SDA_20khz/ThreadFunction.cpp:875]   --->   Operation 69 'read' 'p_read_1585' <Predicate = true> <Delay = 0.00>
ST_1 : Operation 70 [1/1] (0.00ns)   --->   "%p_read_1586 = read i8 @_ssdm_op_Read.ap_auto.i8, i8 %p_read123" [PHC_v1_v4_NPC_SDA_20khz/ThreadFunction.cpp:875]   --->   Operation 70 'read' 'p_read_1586' <Predicate = true> <Delay = 0.00>
ST_1 : Operation 71 [1/1] (0.00ns)   --->   "%p_read_1587 = read i8 @_ssdm_op_Read.ap_auto.i8, i8 %p_read122" [PHC_v1_v4_NPC_SDA_20khz/ThreadFunction.cpp:875]   --->   Operation 71 'read' 'p_read_1587' <Predicate = true> <Delay = 0.00>
ST_1 : Operation 72 [1/1] (0.00ns)   --->   "%p_read_1588 = read i8 @_ssdm_op_Read.ap_auto.i8, i8 %p_read121" [PHC_v1_v4_NPC_SDA_20khz/ThreadFunction.cpp:875]   --->   Operation 72 'read' 'p_read_1588' <Predicate = true> <Delay = 0.00>
ST_1 : Operation 73 [1/1] (0.00ns)   --->   "%p_read_1589 = read i8 @_ssdm_op_Read.ap_auto.i8, i8 %p_read120" [PHC_v1_v4_NPC_SDA_20khz/ThreadFunction.cpp:875]   --->   Operation 73 'read' 'p_read_1589' <Predicate = true> <Delay = 0.00>
ST_1 : Operation 74 [1/1] (0.00ns)   --->   "%p_read_1590 = read i8 @_ssdm_op_Read.ap_auto.i8, i8 %p_read119" [PHC_v1_v4_NPC_SDA_20khz/ThreadFunction.cpp:875]   --->   Operation 74 'read' 'p_read_1590' <Predicate = true> <Delay = 0.00>
ST_1 : Operation 75 [1/1] (0.00ns)   --->   "%p_read_1591 = read i8 @_ssdm_op_Read.ap_auto.i8, i8 %p_read118" [PHC_v1_v4_NPC_SDA_20khz/ThreadFunction.cpp:875]   --->   Operation 75 'read' 'p_read_1591' <Predicate = true> <Delay = 0.00>
ST_1 : Operation 76 [1/1] (0.00ns)   --->   "%p_read_1592 = read i8 @_ssdm_op_Read.ap_auto.i8, i8 %p_read117" [PHC_v1_v4_NPC_SDA_20khz/ThreadFunction.cpp:875]   --->   Operation 76 'read' 'p_read_1592' <Predicate = true> <Delay = 0.00>
ST_1 : Operation 77 [1/1] (0.00ns)   --->   "%p_read_1593 = read i8 @_ssdm_op_Read.ap_auto.i8, i8 %p_read116" [PHC_v1_v4_NPC_SDA_20khz/ThreadFunction.cpp:875]   --->   Operation 77 'read' 'p_read_1593' <Predicate = true> <Delay = 0.00>
ST_1 : Operation 78 [1/1] (0.00ns)   --->   "%p_read_1594 = read i8 @_ssdm_op_Read.ap_auto.i8, i8 %p_read115" [PHC_v1_v4_NPC_SDA_20khz/ThreadFunction.cpp:875]   --->   Operation 78 'read' 'p_read_1594' <Predicate = true> <Delay = 0.00>
ST_1 : Operation 79 [1/1] (0.00ns)   --->   "%p_read_1595 = read i8 @_ssdm_op_Read.ap_auto.i8, i8 %p_read114" [PHC_v1_v4_NPC_SDA_20khz/ThreadFunction.cpp:875]   --->   Operation 79 'read' 'p_read_1595' <Predicate = true> <Delay = 0.00>
ST_1 : Operation 80 [1/1] (0.00ns)   --->   "%p_read_1596 = read i8 @_ssdm_op_Read.ap_auto.i8, i8 %p_read113" [PHC_v1_v4_NPC_SDA_20khz/ThreadFunction.cpp:875]   --->   Operation 80 'read' 'p_read_1596' <Predicate = true> <Delay = 0.00>
ST_1 : Operation 81 [1/1] (0.00ns)   --->   "%p_read_1597 = read i8 @_ssdm_op_Read.ap_auto.i8, i8 %p_read112" [PHC_v1_v4_NPC_SDA_20khz/ThreadFunction.cpp:875]   --->   Operation 81 'read' 'p_read_1597' <Predicate = true> <Delay = 0.00>
ST_1 : Operation 82 [1/1] (0.00ns)   --->   "%p_read_1598 = read i8 @_ssdm_op_Read.ap_auto.i8, i8 %p_read111" [PHC_v1_v4_NPC_SDA_20khz/ThreadFunction.cpp:875]   --->   Operation 82 'read' 'p_read_1598' <Predicate = true> <Delay = 0.00>
ST_1 : Operation 83 [1/1] (0.00ns)   --->   "%p_read_1599 = read i8 @_ssdm_op_Read.ap_auto.i8, i8 %p_read110" [PHC_v1_v4_NPC_SDA_20khz/ThreadFunction.cpp:875]   --->   Operation 83 'read' 'p_read_1599' <Predicate = true> <Delay = 0.00>
ST_1 : Operation 84 [1/1] (0.00ns)   --->   "%p_read_1600 = read i8 @_ssdm_op_Read.ap_auto.i8, i8 %p_read109" [PHC_v1_v4_NPC_SDA_20khz/ThreadFunction.cpp:875]   --->   Operation 84 'read' 'p_read_1600' <Predicate = true> <Delay = 0.00>
ST_1 : Operation 85 [1/1] (0.00ns)   --->   "%p_read_1601 = read i8 @_ssdm_op_Read.ap_auto.i8, i8 %p_read108" [PHC_v1_v4_NPC_SDA_20khz/ThreadFunction.cpp:875]   --->   Operation 85 'read' 'p_read_1601' <Predicate = true> <Delay = 0.00>
ST_1 : Operation 86 [1/1] (0.00ns)   --->   "%p_read_1602 = read i8 @_ssdm_op_Read.ap_auto.i8, i8 %p_read107" [PHC_v1_v4_NPC_SDA_20khz/ThreadFunction.cpp:875]   --->   Operation 86 'read' 'p_read_1602' <Predicate = true> <Delay = 0.00>
ST_1 : Operation 87 [1/1] (0.00ns)   --->   "%p_read_1603 = read i8 @_ssdm_op_Read.ap_auto.i8, i8 %p_read106" [PHC_v1_v4_NPC_SDA_20khz/ThreadFunction.cpp:875]   --->   Operation 87 'read' 'p_read_1603' <Predicate = true> <Delay = 0.00>
ST_1 : Operation 88 [1/1] (0.00ns)   --->   "%p_read10599 = read i8 @_ssdm_op_Read.ap_auto.i8, i8 %p_read105" [PHC_v1_v4_NPC_SDA_20khz/ThreadFunction.cpp:875]   --->   Operation 88 'read' 'p_read10599' <Predicate = true> <Delay = 0.00>
ST_1 : Operation 89 [1/1] (0.00ns)   --->   "%p_read10498 = read i8 @_ssdm_op_Read.ap_auto.i8, i8 %p_read104" [PHC_v1_v4_NPC_SDA_20khz/ThreadFunction.cpp:875]   --->   Operation 89 'read' 'p_read10498' <Predicate = true> <Delay = 0.00>
ST_1 : Operation 90 [1/1] (0.00ns)   --->   "%p_read10397 = read i8 @_ssdm_op_Read.ap_auto.i8, i8 %p_read103" [PHC_v1_v4_NPC_SDA_20khz/ThreadFunction.cpp:875]   --->   Operation 90 'read' 'p_read10397' <Predicate = true> <Delay = 0.00>
ST_1 : Operation 91 [1/1] (0.00ns)   --->   "%p_read10296 = read i8 @_ssdm_op_Read.ap_auto.i8, i8 %p_read102" [PHC_v1_v4_NPC_SDA_20khz/ThreadFunction.cpp:875]   --->   Operation 91 'read' 'p_read10296' <Predicate = true> <Delay = 0.00>
ST_1 : Operation 92 [1/1] (0.00ns)   --->   "%p_read10195 = read i8 @_ssdm_op_Read.ap_auto.i8, i8 %p_read101" [PHC_v1_v4_NPC_SDA_20khz/ThreadFunction.cpp:875]   --->   Operation 92 'read' 'p_read10195' <Predicate = true> <Delay = 0.00>
ST_1 : Operation 93 [1/1] (0.00ns)   --->   "%p_read10094 = read i8 @_ssdm_op_Read.ap_auto.i8, i8 %p_read100" [PHC_v1_v4_NPC_SDA_20khz/ThreadFunction.cpp:875]   --->   Operation 93 'read' 'p_read10094' <Predicate = true> <Delay = 0.00>
ST_1 : Operation 94 [1/1] (0.00ns)   --->   "%p_read9993 = read i8 @_ssdm_op_Read.ap_auto.i8, i8 %p_read99" [PHC_v1_v4_NPC_SDA_20khz/ThreadFunction.cpp:875]   --->   Operation 94 'read' 'p_read9993' <Predicate = true> <Delay = 0.00>
ST_1 : Operation 95 [1/1] (0.00ns)   --->   "%p_read9892 = read i8 @_ssdm_op_Read.ap_auto.i8, i8 %p_read98" [PHC_v1_v4_NPC_SDA_20khz/ThreadFunction.cpp:875]   --->   Operation 95 'read' 'p_read9892' <Predicate = true> <Delay = 0.00>
ST_1 : Operation 96 [1/1] (0.00ns)   --->   "%p_read9791 = read i8 @_ssdm_op_Read.ap_auto.i8, i8 %p_read97" [PHC_v1_v4_NPC_SDA_20khz/ThreadFunction.cpp:875]   --->   Operation 96 'read' 'p_read9791' <Predicate = true> <Delay = 0.00>
ST_1 : Operation 97 [1/1] (0.00ns)   --->   "%p_read9690 = read i8 @_ssdm_op_Read.ap_auto.i8, i8 %p_read96" [PHC_v1_v4_NPC_SDA_20khz/ThreadFunction.cpp:875]   --->   Operation 97 'read' 'p_read9690' <Predicate = true> <Delay = 0.00>
ST_1 : Operation 98 [1/1] (0.00ns)   --->   "%p_read9589 = read i8 @_ssdm_op_Read.ap_auto.i8, i8 %p_read95" [PHC_v1_v4_NPC_SDA_20khz/ThreadFunction.cpp:875]   --->   Operation 98 'read' 'p_read9589' <Predicate = true> <Delay = 0.00>
ST_1 : Operation 99 [1/1] (0.00ns)   --->   "%p_read9488 = read i8 @_ssdm_op_Read.ap_auto.i8, i8 %p_read94" [PHC_v1_v4_NPC_SDA_20khz/ThreadFunction.cpp:875]   --->   Operation 99 'read' 'p_read9488' <Predicate = true> <Delay = 0.00>
ST_1 : Operation 100 [1/1] (0.00ns)   --->   "%p_read9387 = read i8 @_ssdm_op_Read.ap_auto.i8, i8 %p_read93" [PHC_v1_v4_NPC_SDA_20khz/ThreadFunction.cpp:875]   --->   Operation 100 'read' 'p_read9387' <Predicate = true> <Delay = 0.00>
ST_1 : Operation 101 [1/1] (0.00ns)   --->   "%p_read9286 = read i8 @_ssdm_op_Read.ap_auto.i8, i8 %p_read92" [PHC_v1_v4_NPC_SDA_20khz/ThreadFunction.cpp:875]   --->   Operation 101 'read' 'p_read9286' <Predicate = true> <Delay = 0.00>
ST_1 : Operation 102 [1/1] (0.00ns)   --->   "%p_read9185 = read i8 @_ssdm_op_Read.ap_auto.i8, i8 %p_read91" [PHC_v1_v4_NPC_SDA_20khz/ThreadFunction.cpp:875]   --->   Operation 102 'read' 'p_read9185' <Predicate = true> <Delay = 0.00>
ST_1 : Operation 103 [1/1] (0.00ns)   --->   "%p_read9084 = read i8 @_ssdm_op_Read.ap_auto.i8, i8 %p_read90" [PHC_v1_v4_NPC_SDA_20khz/ThreadFunction.cpp:875]   --->   Operation 103 'read' 'p_read9084' <Predicate = true> <Delay = 0.00>
ST_1 : Operation 104 [1/1] (0.00ns)   --->   "%p_read8983 = read i8 @_ssdm_op_Read.ap_auto.i8, i8 %p_read89" [PHC_v1_v4_NPC_SDA_20khz/ThreadFunction.cpp:875]   --->   Operation 104 'read' 'p_read8983' <Predicate = true> <Delay = 0.00>
ST_1 : Operation 105 [1/1] (0.00ns)   --->   "%p_read8882 = read i8 @_ssdm_op_Read.ap_auto.i8, i8 %p_read88" [PHC_v1_v4_NPC_SDA_20khz/ThreadFunction.cpp:875]   --->   Operation 105 'read' 'p_read8882' <Predicate = true> <Delay = 0.00>
ST_1 : Operation 106 [1/1] (0.00ns)   --->   "%p_read8781 = read i8 @_ssdm_op_Read.ap_auto.i8, i8 %p_read87" [PHC_v1_v4_NPC_SDA_20khz/ThreadFunction.cpp:875]   --->   Operation 106 'read' 'p_read8781' <Predicate = true> <Delay = 0.00>
ST_1 : Operation 107 [1/1] (0.00ns)   --->   "%p_read8680 = read i8 @_ssdm_op_Read.ap_auto.i8, i8 %p_read86" [PHC_v1_v4_NPC_SDA_20khz/ThreadFunction.cpp:875]   --->   Operation 107 'read' 'p_read8680' <Predicate = true> <Delay = 0.00>
ST_1 : Operation 108 [1/1] (0.00ns)   --->   "%p_read8579 = read i8 @_ssdm_op_Read.ap_auto.i8, i8 %p_read85" [PHC_v1_v4_NPC_SDA_20khz/ThreadFunction.cpp:875]   --->   Operation 108 'read' 'p_read8579' <Predicate = true> <Delay = 0.00>
ST_1 : Operation 109 [1/1] (0.00ns)   --->   "%p_read8478 = read i8 @_ssdm_op_Read.ap_auto.i8, i8 %p_read84" [PHC_v1_v4_NPC_SDA_20khz/ThreadFunction.cpp:875]   --->   Operation 109 'read' 'p_read8478' <Predicate = true> <Delay = 0.00>
ST_1 : Operation 110 [1/1] (0.00ns)   --->   "%p_read8377 = read i8 @_ssdm_op_Read.ap_auto.i8, i8 %p_read83" [PHC_v1_v4_NPC_SDA_20khz/ThreadFunction.cpp:875]   --->   Operation 110 'read' 'p_read8377' <Predicate = true> <Delay = 0.00>
ST_1 : Operation 111 [1/1] (0.00ns)   --->   "%p_read8276 = read i8 @_ssdm_op_Read.ap_auto.i8, i8 %p_read82" [PHC_v1_v4_NPC_SDA_20khz/ThreadFunction.cpp:875]   --->   Operation 111 'read' 'p_read8276' <Predicate = true> <Delay = 0.00>
ST_1 : Operation 112 [1/1] (0.00ns)   --->   "%p_read8175 = read i8 @_ssdm_op_Read.ap_auto.i8, i8 %p_read81" [PHC_v1_v4_NPC_SDA_20khz/ThreadFunction.cpp:875]   --->   Operation 112 'read' 'p_read8175' <Predicate = true> <Delay = 0.00>
ST_1 : Operation 113 [1/1] (0.00ns)   --->   "%p_read8074 = read i8 @_ssdm_op_Read.ap_auto.i8, i8 %p_read80" [PHC_v1_v4_NPC_SDA_20khz/ThreadFunction.cpp:875]   --->   Operation 113 'read' 'p_read8074' <Predicate = true> <Delay = 0.00>
ST_1 : Operation 114 [1/1] (0.00ns)   --->   "%p_read7973 = read i8 @_ssdm_op_Read.ap_auto.i8, i8 %p_read79" [PHC_v1_v4_NPC_SDA_20khz/ThreadFunction.cpp:875]   --->   Operation 114 'read' 'p_read7973' <Predicate = true> <Delay = 0.00>
ST_1 : Operation 115 [1/1] (0.00ns)   --->   "%p_read7872 = read i8 @_ssdm_op_Read.ap_auto.i8, i8 %p_read78" [PHC_v1_v4_NPC_SDA_20khz/ThreadFunction.cpp:875]   --->   Operation 115 'read' 'p_read7872' <Predicate = true> <Delay = 0.00>
ST_1 : Operation 116 [1/1] (0.00ns)   --->   "%p_read7771 = read i8 @_ssdm_op_Read.ap_auto.i8, i8 %p_read77" [PHC_v1_v4_NPC_SDA_20khz/ThreadFunction.cpp:875]   --->   Operation 116 'read' 'p_read7771' <Predicate = true> <Delay = 0.00>
ST_1 : Operation 117 [1/1] (0.00ns)   --->   "%p_read7670 = read i8 @_ssdm_op_Read.ap_auto.i8, i8 %p_read76" [PHC_v1_v4_NPC_SDA_20khz/ThreadFunction.cpp:875]   --->   Operation 117 'read' 'p_read7670' <Predicate = true> <Delay = 0.00>
ST_1 : Operation 118 [1/1] (0.00ns)   --->   "%p_read7569 = read i8 @_ssdm_op_Read.ap_auto.i8, i8 %p_read75" [PHC_v1_v4_NPC_SDA_20khz/ThreadFunction.cpp:875]   --->   Operation 118 'read' 'p_read7569' <Predicate = true> <Delay = 0.00>
ST_1 : Operation 119 [1/1] (0.00ns)   --->   "%p_read7468 = read i8 @_ssdm_op_Read.ap_auto.i8, i8 %p_read74" [PHC_v1_v4_NPC_SDA_20khz/ThreadFunction.cpp:875]   --->   Operation 119 'read' 'p_read7468' <Predicate = true> <Delay = 0.00>
ST_1 : Operation 120 [1/1] (0.00ns)   --->   "%p_read7367 = read i8 @_ssdm_op_Read.ap_auto.i8, i8 %p_read73" [PHC_v1_v4_NPC_SDA_20khz/ThreadFunction.cpp:875]   --->   Operation 120 'read' 'p_read7367' <Predicate = true> <Delay = 0.00>
ST_1 : Operation 121 [1/1] (0.00ns)   --->   "%p_read7266 = read i8 @_ssdm_op_Read.ap_auto.i8, i8 %p_read72" [PHC_v1_v4_NPC_SDA_20khz/ThreadFunction.cpp:875]   --->   Operation 121 'read' 'p_read7266' <Predicate = true> <Delay = 0.00>
ST_1 : Operation 122 [1/1] (0.00ns)   --->   "%p_read7165 = read i8 @_ssdm_op_Read.ap_auto.i8, i8 %p_read71" [PHC_v1_v4_NPC_SDA_20khz/ThreadFunction.cpp:875]   --->   Operation 122 'read' 'p_read7165' <Predicate = true> <Delay = 0.00>
ST_1 : Operation 123 [1/1] (0.00ns)   --->   "%p_read7064 = read i8 @_ssdm_op_Read.ap_auto.i8, i8 %p_read70" [PHC_v1_v4_NPC_SDA_20khz/ThreadFunction.cpp:875]   --->   Operation 123 'read' 'p_read7064' <Predicate = true> <Delay = 0.00>
ST_1 : Operation 124 [1/1] (0.00ns)   --->   "%p_read6963 = read i8 @_ssdm_op_Read.ap_auto.i8, i8 %p_read69" [PHC_v1_v4_NPC_SDA_20khz/ThreadFunction.cpp:875]   --->   Operation 124 'read' 'p_read6963' <Predicate = true> <Delay = 0.00>
ST_1 : Operation 125 [1/1] (0.00ns)   --->   "%p_read6862 = read i8 @_ssdm_op_Read.ap_auto.i8, i8 %p_read68" [PHC_v1_v4_NPC_SDA_20khz/ThreadFunction.cpp:875]   --->   Operation 125 'read' 'p_read6862' <Predicate = true> <Delay = 0.00>
ST_1 : Operation 126 [1/1] (0.00ns)   --->   "%p_read6761 = read i8 @_ssdm_op_Read.ap_auto.i8, i8 %p_read67" [PHC_v1_v4_NPC_SDA_20khz/ThreadFunction.cpp:875]   --->   Operation 126 'read' 'p_read6761' <Predicate = true> <Delay = 0.00>
ST_1 : Operation 127 [1/1] (0.00ns)   --->   "%p_read6660 = read i8 @_ssdm_op_Read.ap_auto.i8, i8 %p_read66" [PHC_v1_v4_NPC_SDA_20khz/ThreadFunction.cpp:875]   --->   Operation 127 'read' 'p_read6660' <Predicate = true> <Delay = 0.00>
ST_1 : Operation 128 [1/1] (0.00ns)   --->   "%p_read6559 = read i8 @_ssdm_op_Read.ap_auto.i8, i8 %p_read65" [PHC_v1_v4_NPC_SDA_20khz/ThreadFunction.cpp:875]   --->   Operation 128 'read' 'p_read6559' <Predicate = true> <Delay = 0.00>
ST_1 : Operation 129 [1/1] (0.00ns)   --->   "%p_read6458 = read i8 @_ssdm_op_Read.ap_auto.i8, i8 %p_read64" [PHC_v1_v4_NPC_SDA_20khz/ThreadFunction.cpp:875]   --->   Operation 129 'read' 'p_read6458' <Predicate = true> <Delay = 0.00>
ST_1 : Operation 130 [1/1] (0.00ns)   --->   "%p_read6357 = read i8 @_ssdm_op_Read.ap_auto.i8, i8 %p_read63" [PHC_v1_v4_NPC_SDA_20khz/ThreadFunction.cpp:875]   --->   Operation 130 'read' 'p_read6357' <Predicate = true> <Delay = 0.00>
ST_1 : Operation 131 [1/1] (0.00ns)   --->   "%p_read6256 = read i8 @_ssdm_op_Read.ap_auto.i8, i8 %p_read62" [PHC_v1_v4_NPC_SDA_20khz/ThreadFunction.cpp:875]   --->   Operation 131 'read' 'p_read6256' <Predicate = true> <Delay = 0.00>
ST_1 : Operation 132 [1/1] (0.00ns)   --->   "%p_read6155 = read i8 @_ssdm_op_Read.ap_auto.i8, i8 %p_read61" [PHC_v1_v4_NPC_SDA_20khz/ThreadFunction.cpp:875]   --->   Operation 132 'read' 'p_read6155' <Predicate = true> <Delay = 0.00>
ST_1 : Operation 133 [1/1] (0.00ns)   --->   "%p_read6054 = read i8 @_ssdm_op_Read.ap_auto.i8, i8 %p_read60" [PHC_v1_v4_NPC_SDA_20khz/ThreadFunction.cpp:875]   --->   Operation 133 'read' 'p_read6054' <Predicate = true> <Delay = 0.00>
ST_1 : Operation 134 [1/1] (0.00ns)   --->   "%p_read5953 = read i8 @_ssdm_op_Read.ap_auto.i8, i8 %p_read59" [PHC_v1_v4_NPC_SDA_20khz/ThreadFunction.cpp:875]   --->   Operation 134 'read' 'p_read5953' <Predicate = true> <Delay = 0.00>
ST_1 : Operation 135 [1/1] (0.00ns)   --->   "%p_read5852 = read i8 @_ssdm_op_Read.ap_auto.i8, i8 %p_read58" [PHC_v1_v4_NPC_SDA_20khz/ThreadFunction.cpp:875]   --->   Operation 135 'read' 'p_read5852' <Predicate = true> <Delay = 0.00>
ST_1 : Operation 136 [1/1] (0.00ns)   --->   "%p_read5751 = read i8 @_ssdm_op_Read.ap_auto.i8, i8 %p_read57" [PHC_v1_v4_NPC_SDA_20khz/ThreadFunction.cpp:875]   --->   Operation 136 'read' 'p_read5751' <Predicate = true> <Delay = 0.00>
ST_1 : Operation 137 [1/1] (0.00ns)   --->   "%p_read5650 = read i8 @_ssdm_op_Read.ap_auto.i8, i8 %p_read56" [PHC_v1_v4_NPC_SDA_20khz/ThreadFunction.cpp:875]   --->   Operation 137 'read' 'p_read5650' <Predicate = true> <Delay = 0.00>
ST_1 : Operation 138 [1/1] (0.00ns)   --->   "%p_read5549 = read i8 @_ssdm_op_Read.ap_auto.i8, i8 %p_read55" [PHC_v1_v4_NPC_SDA_20khz/ThreadFunction.cpp:875]   --->   Operation 138 'read' 'p_read5549' <Predicate = true> <Delay = 0.00>
ST_1 : Operation 139 [1/1] (0.00ns)   --->   "%p_read5448 = read i8 @_ssdm_op_Read.ap_auto.i8, i8 %p_read54" [PHC_v1_v4_NPC_SDA_20khz/ThreadFunction.cpp:875]   --->   Operation 139 'read' 'p_read5448' <Predicate = true> <Delay = 0.00>
ST_1 : Operation 140 [1/1] (0.00ns)   --->   "%p_read5347 = read i8 @_ssdm_op_Read.ap_auto.i8, i8 %p_read53" [PHC_v1_v4_NPC_SDA_20khz/ThreadFunction.cpp:875]   --->   Operation 140 'read' 'p_read5347' <Predicate = true> <Delay = 0.00>
ST_1 : Operation 141 [1/1] (0.00ns)   --->   "%p_read5246 = read i8 @_ssdm_op_Read.ap_auto.i8, i8 %p_read52" [PHC_v1_v4_NPC_SDA_20khz/ThreadFunction.cpp:875]   --->   Operation 141 'read' 'p_read5246' <Predicate = true> <Delay = 0.00>
ST_1 : Operation 142 [1/1] (0.00ns)   --->   "%p_read5145 = read i8 @_ssdm_op_Read.ap_auto.i8, i8 %p_read51" [PHC_v1_v4_NPC_SDA_20khz/ThreadFunction.cpp:875]   --->   Operation 142 'read' 'p_read5145' <Predicate = true> <Delay = 0.00>
ST_1 : Operation 143 [1/1] (0.00ns)   --->   "%p_read5044 = read i8 @_ssdm_op_Read.ap_auto.i8, i8 %p_read50" [PHC_v1_v4_NPC_SDA_20khz/ThreadFunction.cpp:875]   --->   Operation 143 'read' 'p_read5044' <Predicate = true> <Delay = 0.00>
ST_1 : Operation 144 [1/1] (0.00ns)   --->   "%p_read4943 = read i8 @_ssdm_op_Read.ap_auto.i8, i8 %p_read49" [PHC_v1_v4_NPC_SDA_20khz/ThreadFunction.cpp:875]   --->   Operation 144 'read' 'p_read4943' <Predicate = true> <Delay = 0.00>
ST_1 : Operation 145 [1/1] (0.00ns)   --->   "%p_read4842 = read i8 @_ssdm_op_Read.ap_auto.i8, i8 %p_read48" [PHC_v1_v4_NPC_SDA_20khz/ThreadFunction.cpp:875]   --->   Operation 145 'read' 'p_read4842' <Predicate = true> <Delay = 0.00>
ST_1 : Operation 146 [1/1] (0.00ns)   --->   "%p_read4741 = read i8 @_ssdm_op_Read.ap_auto.i8, i8 %p_read47" [PHC_v1_v4_NPC_SDA_20khz/ThreadFunction.cpp:875]   --->   Operation 146 'read' 'p_read4741' <Predicate = true> <Delay = 0.00>
ST_1 : Operation 147 [1/1] (0.00ns)   --->   "%p_read4640 = read i8 @_ssdm_op_Read.ap_auto.i8, i8 %p_read46" [PHC_v1_v4_NPC_SDA_20khz/ThreadFunction.cpp:875]   --->   Operation 147 'read' 'p_read4640' <Predicate = true> <Delay = 0.00>
ST_1 : Operation 148 [1/1] (0.00ns)   --->   "%p_read4539 = read i8 @_ssdm_op_Read.ap_auto.i8, i8 %p_read45" [PHC_v1_v4_NPC_SDA_20khz/ThreadFunction.cpp:875]   --->   Operation 148 'read' 'p_read4539' <Predicate = true> <Delay = 0.00>
ST_1 : Operation 149 [1/1] (0.00ns)   --->   "%p_read4438 = read i8 @_ssdm_op_Read.ap_auto.i8, i8 %p_read44" [PHC_v1_v4_NPC_SDA_20khz/ThreadFunction.cpp:875]   --->   Operation 149 'read' 'p_read4438' <Predicate = true> <Delay = 0.00>
ST_1 : Operation 150 [1/1] (0.00ns)   --->   "%p_read4337 = read i8 @_ssdm_op_Read.ap_auto.i8, i8 %p_read43" [PHC_v1_v4_NPC_SDA_20khz/ThreadFunction.cpp:875]   --->   Operation 150 'read' 'p_read4337' <Predicate = true> <Delay = 0.00>
ST_1 : Operation 151 [1/1] (0.00ns)   --->   "%p_read4236 = read i8 @_ssdm_op_Read.ap_auto.i8, i8 %p_read42" [PHC_v1_v4_NPC_SDA_20khz/ThreadFunction.cpp:875]   --->   Operation 151 'read' 'p_read4236' <Predicate = true> <Delay = 0.00>
ST_1 : Operation 152 [1/1] (0.00ns)   --->   "%p_read4135 = read i8 @_ssdm_op_Read.ap_auto.i8, i8 %p_read41" [PHC_v1_v4_NPC_SDA_20khz/ThreadFunction.cpp:875]   --->   Operation 152 'read' 'p_read4135' <Predicate = true> <Delay = 0.00>
ST_1 : Operation 153 [1/1] (0.00ns)   --->   "%p_read4034 = read i8 @_ssdm_op_Read.ap_auto.i8, i8 %p_read40" [PHC_v1_v4_NPC_SDA_20khz/ThreadFunction.cpp:875]   --->   Operation 153 'read' 'p_read4034' <Predicate = true> <Delay = 0.00>
ST_1 : Operation 154 [1/1] (0.00ns)   --->   "%p_read3933 = read i8 @_ssdm_op_Read.ap_auto.i8, i8 %p_read39" [PHC_v1_v4_NPC_SDA_20khz/ThreadFunction.cpp:875]   --->   Operation 154 'read' 'p_read3933' <Predicate = true> <Delay = 0.00>
ST_1 : Operation 155 [1/1] (0.00ns)   --->   "%p_read3832 = read i8 @_ssdm_op_Read.ap_auto.i8, i8 %p_read38" [PHC_v1_v4_NPC_SDA_20khz/ThreadFunction.cpp:875]   --->   Operation 155 'read' 'p_read3832' <Predicate = true> <Delay = 0.00>
ST_1 : Operation 156 [1/1] (0.00ns)   --->   "%p_read3731 = read i8 @_ssdm_op_Read.ap_auto.i8, i8 %p_read37" [PHC_v1_v4_NPC_SDA_20khz/ThreadFunction.cpp:875]   --->   Operation 156 'read' 'p_read3731' <Predicate = true> <Delay = 0.00>
ST_1 : Operation 157 [1/1] (0.00ns)   --->   "%p_read3630 = read i8 @_ssdm_op_Read.ap_auto.i8, i8 %p_read36" [PHC_v1_v4_NPC_SDA_20khz/ThreadFunction.cpp:875]   --->   Operation 157 'read' 'p_read3630' <Predicate = true> <Delay = 0.00>
ST_1 : Operation 158 [1/1] (0.00ns)   --->   "%p_read3529 = read i8 @_ssdm_op_Read.ap_auto.i8, i8 %p_read35" [PHC_v1_v4_NPC_SDA_20khz/ThreadFunction.cpp:875]   --->   Operation 158 'read' 'p_read3529' <Predicate = true> <Delay = 0.00>
ST_1 : Operation 159 [1/1] (0.00ns)   --->   "%p_read3428 = read i8 @_ssdm_op_Read.ap_auto.i8, i8 %p_read34" [PHC_v1_v4_NPC_SDA_20khz/ThreadFunction.cpp:875]   --->   Operation 159 'read' 'p_read3428' <Predicate = true> <Delay = 0.00>
ST_1 : Operation 160 [1/1] (0.00ns)   --->   "%p_read3327 = read i8 @_ssdm_op_Read.ap_auto.i8, i8 %p_read33" [PHC_v1_v4_NPC_SDA_20khz/ThreadFunction.cpp:875]   --->   Operation 160 'read' 'p_read3327' <Predicate = true> <Delay = 0.00>
ST_1 : Operation 161 [1/1] (0.00ns)   --->   "%p_read3226 = read i8 @_ssdm_op_Read.ap_auto.i8, i8 %p_read32" [PHC_v1_v4_NPC_SDA_20khz/ThreadFunction.cpp:875]   --->   Operation 161 'read' 'p_read3226' <Predicate = true> <Delay = 0.00>
ST_1 : Operation 162 [1/1] (0.00ns)   --->   "%p_read3125 = read i8 @_ssdm_op_Read.ap_auto.i8, i8 %p_read31" [PHC_v1_v4_NPC_SDA_20khz/ThreadFunction.cpp:875]   --->   Operation 162 'read' 'p_read3125' <Predicate = true> <Delay = 0.00>
ST_1 : Operation 163 [1/1] (0.00ns)   --->   "%p_read3024 = read i8 @_ssdm_op_Read.ap_auto.i8, i8 %p_read30" [PHC_v1_v4_NPC_SDA_20khz/ThreadFunction.cpp:875]   --->   Operation 163 'read' 'p_read3024' <Predicate = true> <Delay = 0.00>
ST_1 : Operation 164 [1/1] (0.00ns)   --->   "%p_read2923 = read i8 @_ssdm_op_Read.ap_auto.i8, i8 %p_read29" [PHC_v1_v4_NPC_SDA_20khz/ThreadFunction.cpp:875]   --->   Operation 164 'read' 'p_read2923' <Predicate = true> <Delay = 0.00>
ST_1 : Operation 165 [1/1] (0.00ns)   --->   "%p_read2822 = read i8 @_ssdm_op_Read.ap_auto.i8, i8 %p_read28" [PHC_v1_v4_NPC_SDA_20khz/ThreadFunction.cpp:875]   --->   Operation 165 'read' 'p_read2822' <Predicate = true> <Delay = 0.00>
ST_1 : Operation 166 [1/1] (0.00ns)   --->   "%p_read2721 = read i8 @_ssdm_op_Read.ap_auto.i8, i8 %p_read27" [PHC_v1_v4_NPC_SDA_20khz/ThreadFunction.cpp:875]   --->   Operation 166 'read' 'p_read2721' <Predicate = true> <Delay = 0.00>
ST_1 : Operation 167 [1/1] (0.00ns)   --->   "%p_read2620 = read i8 @_ssdm_op_Read.ap_auto.i8, i8 %p_read26" [PHC_v1_v4_NPC_SDA_20khz/ThreadFunction.cpp:875]   --->   Operation 167 'read' 'p_read2620' <Predicate = true> <Delay = 0.00>
ST_1 : Operation 168 [1/1] (0.00ns)   --->   "%p_read2519 = read i8 @_ssdm_op_Read.ap_auto.i8, i8 %p_read25" [PHC_v1_v4_NPC_SDA_20khz/ThreadFunction.cpp:875]   --->   Operation 168 'read' 'p_read2519' <Predicate = true> <Delay = 0.00>
ST_1 : Operation 169 [1/1] (0.00ns)   --->   "%p_read2418 = read i8 @_ssdm_op_Read.ap_auto.i8, i8 %p_read24" [PHC_v1_v4_NPC_SDA_20khz/ThreadFunction.cpp:875]   --->   Operation 169 'read' 'p_read2418' <Predicate = true> <Delay = 0.00>
ST_1 : Operation 170 [1/1] (0.00ns)   --->   "%p_read2317 = read i8 @_ssdm_op_Read.ap_auto.i8, i8 %p_read23" [PHC_v1_v4_NPC_SDA_20khz/ThreadFunction.cpp:875]   --->   Operation 170 'read' 'p_read2317' <Predicate = true> <Delay = 0.00>
ST_1 : Operation 171 [1/1] (0.00ns)   --->   "%p_read2216 = read i8 @_ssdm_op_Read.ap_auto.i8, i8 %p_read22" [PHC_v1_v4_NPC_SDA_20khz/ThreadFunction.cpp:875]   --->   Operation 171 'read' 'p_read2216' <Predicate = true> <Delay = 0.00>
ST_1 : Operation 172 [1/1] (0.00ns)   --->   "%p_read2115 = read i8 @_ssdm_op_Read.ap_auto.i8, i8 %p_read21" [PHC_v1_v4_NPC_SDA_20khz/ThreadFunction.cpp:875]   --->   Operation 172 'read' 'p_read2115' <Predicate = true> <Delay = 0.00>
ST_1 : Operation 173 [1/1] (0.00ns)   --->   "%p_read2014 = read i8 @_ssdm_op_Read.ap_auto.i8, i8 %p_read20" [PHC_v1_v4_NPC_SDA_20khz/ThreadFunction.cpp:875]   --->   Operation 173 'read' 'p_read2014' <Predicate = true> <Delay = 0.00>
ST_1 : Operation 174 [1/1] (0.00ns)   --->   "%p_read1913 = read i8 @_ssdm_op_Read.ap_auto.i8, i8 %p_read19" [PHC_v1_v4_NPC_SDA_20khz/ThreadFunction.cpp:875]   --->   Operation 174 'read' 'p_read1913' <Predicate = true> <Delay = 0.00>
ST_1 : Operation 175 [1/1] (0.00ns)   --->   "%p_read1812 = read i8 @_ssdm_op_Read.ap_auto.i8, i8 %p_read18" [PHC_v1_v4_NPC_SDA_20khz/ThreadFunction.cpp:875]   --->   Operation 175 'read' 'p_read1812' <Predicate = true> <Delay = 0.00>
ST_1 : Operation 176 [1/1] (0.00ns)   --->   "%p_read1711 = read i8 @_ssdm_op_Read.ap_auto.i8, i8 %p_read17" [PHC_v1_v4_NPC_SDA_20khz/ThreadFunction.cpp:875]   --->   Operation 176 'read' 'p_read1711' <Predicate = true> <Delay = 0.00>
ST_1 : Operation 177 [1/1] (0.00ns)   --->   "%p_read1610 = read i8 @_ssdm_op_Read.ap_auto.i8, i8 %p_read16" [PHC_v1_v4_NPC_SDA_20khz/ThreadFunction.cpp:875]   --->   Operation 177 'read' 'p_read1610' <Predicate = true> <Delay = 0.00>
ST_1 : Operation 178 [1/1] (0.00ns)   --->   "%p_read_1604 = read i8 @_ssdm_op_Read.ap_auto.i8, i8 %p_read" [PHC_v1_v4_NPC_SDA_20khz/ThreadFunction.cpp:875]   --->   Operation 178 'read' 'p_read_1604' <Predicate = true> <Delay = 0.00>
ST_1 : Operation 179 [1/1] (1.22ns)   --->   "%getHelperList_buffer = icmp_ne  i8 %p_read_1604, i8 2" [PHC_v1_v4_NPC_SDA_20khz/ThreadFunction.cpp:929]   --->   Operation 179 'icmp' 'getHelperList_buffer' <Predicate = true> <Delay = 1.22> <CoreInst = "Cmp">   --->   Core 9 'Cmp' <Latency = 0> <II = 1> <Delay = 1.22> <FuncUnit> <Opcode : 'icmp'> <InPorts = 2> <OutPorts = 1>
ST_1 : Operation 180 [1/1] (0.62ns)   --->   "%select_ln859 = select i1 %getHelperList_buffer, i8 255, i8 0" [PHC_v1_v4_NPC_SDA_20khz/ThreadFunction.cpp:859]   --->   Operation 180 'select' 'select_ln859' <Predicate = true> <Delay = 0.62> <CoreInst = "Sel">   --->   Core 73 'Sel' <Latency = 0> <II = 1> <Delay = 0.62> <FuncUnit> <Opcode : 'select'> <InPorts = 3> <OutPorts = 1>
ST_1 : Operation 181 [1/1] (1.15ns)   --->   "%tmp = mux i8 @_ssdm_op_Mux.ap_auto.9i8.i8, i8 %p_read4842, i8 %p_read4943, i8 %p_read5044, i8 %p_read5145, i8 %p_read5246, i8 %p_read5347, i8 %p_read5448, i8 %p_read5549, i8 %p_read5650, i8 %p_read1610"   --->   Operation 181 'mux' 'tmp' <Predicate = true> <Delay = 1.15> <CoreInst = "Multiplexer">   --->   Core 76 'Multiplexer' <Latency = 0> <II = 1> <Delay = 1.15> <FuncUnit> <Opcode : 'mux'> <InPorts = 2> <OutPorts = 1>
ST_1 : Operation 182 [1/1] (1.39ns)   --->   "%t1_V = add i8 %tmp, i8 %p_read3226"   --->   Operation 182 'add' 't1_V' <Predicate = true> <Delay = 1.39> <CoreInst = "Adder">   --->   Core 1 'Adder' <Latency = 0> <II = 1> <Delay = 1.39> <FuncUnit> <Opcode : 'add' 'sub'> <InPorts = 2> <OutPorts = 1>
ST_1 : Operation 183 [1/1] (1.22ns)   --->   "%icmp_ln1065 = icmp_eq  i8 %p_read_1604, i8 0"   --->   Operation 183 'icmp' 'icmp_ln1065' <Predicate = true> <Delay = 1.22> <CoreInst = "Cmp">   --->   Core 9 'Cmp' <Latency = 0> <II = 1> <Delay = 1.22> <FuncUnit> <Opcode : 'icmp'> <InPorts = 2> <OutPorts = 1>
ST_1 : Operation 184 [1/1] (1.22ns)   --->   "%icmp_ln1073 = icmp_slt  i8 %t1_V, i8 26"   --->   Operation 184 'icmp' 'icmp_ln1073' <Predicate = true> <Delay = 1.22> <CoreInst = "Cmp">   --->   Core 9 'Cmp' <Latency = 0> <II = 1> <Delay = 1.22> <FuncUnit> <Opcode : 'icmp'> <InPorts = 2> <OutPorts = 1>
ST_1 : Operation 185 [1/1] (0.00ns) (grouped into LUT with out node getWokerList_buffer)   --->   "%and_ln937 = and i1 %icmp_ln1065, i1 %icmp_ln1073" [PHC_v1_v4_NPC_SDA_20khz/ThreadFunction.cpp:937]   --->   Operation 185 'and' 'and_ln937' <Predicate = true> <Delay = 0.00> <CoreInst = "LogicGate">   --->   Core 74 'LogicGate' <Latency = 0> <II = 1> <Delay = 0.61> <FuncUnit> <Opcode : 'and' 'or' 'xor'> <InPorts = 2> <OutPorts = 1>
ST_1 : Operation 186 [1/1] (1.22ns)   --->   "%icmp_ln1065_5 = icmp_eq  i8 %p_read1610, i8 0"   --->   Operation 186 'icmp' 'icmp_ln1065_5' <Predicate = (and_ln937)> <Delay = 1.22> <CoreInst = "Cmp">   --->   Core 9 'Cmp' <Latency = 0> <II = 1> <Delay = 1.22> <FuncUnit> <Opcode : 'icmp'> <InPorts = 2> <OutPorts = 1>
ST_1 : Operation 187 [1/1] (0.00ns) (grouped into LUT with out node sub_ln938)   --->   "%select_ln938 = select i1 %icmp_ln1065_5, i8 2, i8 26" [PHC_v1_v4_NPC_SDA_20khz/ThreadFunction.cpp:938]   --->   Operation 187 'select' 'select_ln938' <Predicate = (and_ln937)> <Delay = 0.00> <CoreInst = "Sel">   --->   Core 73 'Sel' <Latency = 0> <II = 1> <Delay = 0.65> <FuncUnit> <Opcode : 'select'> <InPorts = 3> <OutPorts = 1>
ST_1 : Operation 188 [1/1] (1.39ns) (out node of the LUT)   --->   "%sub_ln938 = sub i8 %select_ln938, i8 %t1_V" [PHC_v1_v4_NPC_SDA_20khz/ThreadFunction.cpp:938]   --->   Operation 188 'sub' 'sub_ln938' <Predicate = (and_ln937)> <Delay = 1.39> <CoreInst = "Adder">   --->   Core 1 'Adder' <Latency = 0> <II = 1> <Delay = 1.39> <FuncUnit> <Opcode : 'add' 'sub'> <InPorts = 2> <OutPorts = 1>
ST_1 : Operation 189 [1/1] (0.74ns) (out node of the LUT)   --->   "%getWokerList_buffer = select i1 %and_ln937, i8 %sub_ln938, i8 255" [PHC_v1_v4_NPC_SDA_20khz/ThreadFunction.cpp:937]   --->   Operation 189 'select' 'getWokerList_buffer' <Predicate = true> <Delay = 0.74> <CoreInst = "Sel">   --->   Core 73 'Sel' <Latency = 0> <II = 1> <Delay = 0.74> <FuncUnit> <Opcode : 'select'> <InPorts = 3> <OutPorts = 1>
ST_1 : Operation 190 [1/1] (1.15ns)   --->   "%tmp_s = mux i8 @_ssdm_op_Mux.ap_auto.9i8.i8, i8 %p_read5751, i8 %p_read5852, i8 %p_read5953, i8 %p_read6054, i8 %p_read6155, i8 %p_read6256, i8 %p_read6357, i8 %p_read6458, i8 %p_read6559, i8 %p_read1711"   --->   Operation 190 'mux' 'tmp_s' <Predicate = true> <Delay = 1.15> <CoreInst = "Multiplexer">   --->   Core 76 'Multiplexer' <Latency = 0> <II = 1> <Delay = 1.15> <FuncUnit> <Opcode : 'mux'> <InPorts = 2> <OutPorts = 1>
ST_1 : Operation 191 [1/1] (1.39ns)   --->   "%t1_V_1 = add i8 %tmp_s, i8 %p_read3327"   --->   Operation 191 'add' 't1_V_1' <Predicate = true> <Delay = 1.39> <CoreInst = "Adder">   --->   Core 1 'Adder' <Latency = 0> <II = 1> <Delay = 1.39> <FuncUnit> <Opcode : 'add' 'sub'> <InPorts = 2> <OutPorts = 1>
ST_1 : Operation 192 [1/1] (0.00ns) (grouped into LUT with out node getWokerList_buffer_2)   --->   "%t2_V = xor i8 %t1_V_1, i8 255"   --->   Operation 192 'xor' 't2_V' <Predicate = (icmp_ln1065_6)> <Delay = 0.00> <CoreInst = "LogicGate">   --->   Core 74 'LogicGate' <Latency = 0> <II = 1> <Delay = 0.61> <FuncUnit> <Opcode : 'and' 'or' 'xor'> <InPorts = 2> <OutPorts = 1>
ST_1 : Operation 193 [1/1] (1.22ns)   --->   "%icmp_ln1065_6 = icmp_eq  i8 %p_read1711, i8 0"   --->   Operation 193 'icmp' 'icmp_ln1065_6' <Predicate = true> <Delay = 1.22> <CoreInst = "Cmp">   --->   Core 9 'Cmp' <Latency = 0> <II = 1> <Delay = 1.22> <FuncUnit> <Opcode : 'icmp'> <InPorts = 2> <OutPorts = 1>
ST_1 : Operation 194 [1/1] (1.39ns)   --->   "%getWokerList_buffer_1 = sub i8 26, i8 %t1_V_1"   --->   Operation 194 'sub' 'getWokerList_buffer_1' <Predicate = (!icmp_ln1065_6)> <Delay = 1.39> <CoreInst = "Adder">   --->   Core 1 'Adder' <Latency = 0> <II = 1> <Delay = 1.39> <FuncUnit> <Opcode : 'add' 'sub'> <InPorts = 2> <OutPorts = 1>
ST_1 : Operation 195 [1/1] (0.74ns) (out node of the LUT)   --->   "%getWokerList_buffer_2 = select i1 %icmp_ln1065_6, i8 %t2_V, i8 %getWokerList_buffer_1" [PHC_v1_v4_NPC_SDA_20khz/ThreadFunction.cpp:938]   --->   Operation 195 'select' 'getWokerList_buffer_2' <Predicate = true> <Delay = 0.74> <CoreInst = "Sel">   --->   Core 73 'Sel' <Latency = 0> <II = 1> <Delay = 0.74> <FuncUnit> <Opcode : 'select'> <InPorts = 3> <OutPorts = 1>
ST_1 : Operation 196 [1/1] (1.15ns)   --->   "%tmp_293 = mux i8 @_ssdm_op_Mux.ap_auto.9i8.i8, i8 %p_read6660, i8 %p_read6761, i8 %p_read6862, i8 %p_read6963, i8 %p_read7064, i8 %p_read7165, i8 %p_read7266, i8 %p_read7367, i8 %p_read7468, i8 %p_read1812"   --->   Operation 196 'mux' 'tmp_293' <Predicate = true> <Delay = 1.15> <CoreInst = "Multiplexer">   --->   Core 76 'Multiplexer' <Latency = 0> <II = 1> <Delay = 1.15> <FuncUnit> <Opcode : 'mux'> <InPorts = 2> <OutPorts = 1>
ST_1 : Operation 197 [1/1] (1.39ns)   --->   "%t1_V_2 = add i8 %tmp_293, i8 %p_read3428"   --->   Operation 197 'add' 't1_V_2' <Predicate = true> <Delay = 1.39> <CoreInst = "Adder">   --->   Core 1 'Adder' <Latency = 0> <II = 1> <Delay = 1.39> <FuncUnit> <Opcode : 'add' 'sub'> <InPorts = 2> <OutPorts = 1>
ST_1 : Operation 198 [1/1] (0.00ns) (grouped into LUT with out node getWokerList_buffer_4)   --->   "%t2_V_1 = xor i8 %t1_V_2, i8 255"   --->   Operation 198 'xor' 't2_V_1' <Predicate = (icmp_ln1065_7)> <Delay = 0.00> <CoreInst = "LogicGate">   --->   Core 74 'LogicGate' <Latency = 0> <II = 1> <Delay = 0.61> <FuncUnit> <Opcode : 'and' 'or' 'xor'> <InPorts = 2> <OutPorts = 1>
ST_1 : Operation 199 [1/1] (1.22ns)   --->   "%icmp_ln1065_7 = icmp_eq  i8 %p_read1812, i8 0"   --->   Operation 199 'icmp' 'icmp_ln1065_7' <Predicate = true> <Delay = 1.22> <CoreInst = "Cmp">   --->   Core 9 'Cmp' <Latency = 0> <II = 1> <Delay = 1.22> <FuncUnit> <Opcode : 'icmp'> <InPorts = 2> <OutPorts = 1>
ST_1 : Operation 200 [1/1] (1.39ns)   --->   "%getWokerList_buffer_3 = sub i8 26, i8 %t1_V_2"   --->   Operation 200 'sub' 'getWokerList_buffer_3' <Predicate = (!icmp_ln1065_7)> <Delay = 1.39> <CoreInst = "Adder">   --->   Core 1 'Adder' <Latency = 0> <II = 1> <Delay = 1.39> <FuncUnit> <Opcode : 'add' 'sub'> <InPorts = 2> <OutPorts = 1>
ST_1 : Operation 201 [1/1] (0.74ns) (out node of the LUT)   --->   "%getWokerList_buffer_4 = select i1 %icmp_ln1065_7, i8 %t2_V_1, i8 %getWokerList_buffer_3" [PHC_v1_v4_NPC_SDA_20khz/ThreadFunction.cpp:938]   --->   Operation 201 'select' 'getWokerList_buffer_4' <Predicate = true> <Delay = 0.74> <CoreInst = "Sel">   --->   Core 73 'Sel' <Latency = 0> <II = 1> <Delay = 0.74> <FuncUnit> <Opcode : 'select'> <InPorts = 3> <OutPorts = 1>
ST_1 : Operation 202 [1/1] (1.15ns)   --->   "%tmp_294 = mux i8 @_ssdm_op_Mux.ap_auto.9i8.i8, i8 %p_read7569, i8 %p_read7670, i8 %p_read7771, i8 %p_read7872, i8 %p_read7973, i8 %p_read8074, i8 %p_read8175, i8 %p_read8276, i8 %p_read8377, i8 %p_read1913"   --->   Operation 202 'mux' 'tmp_294' <Predicate = true> <Delay = 1.15> <CoreInst = "Multiplexer">   --->   Core 76 'Multiplexer' <Latency = 0> <II = 1> <Delay = 1.15> <FuncUnit> <Opcode : 'mux'> <InPorts = 2> <OutPorts = 1>
ST_1 : Operation 203 [1/1] (1.39ns)   --->   "%t1_V_3 = add i8 %tmp_294, i8 %p_read3529"   --->   Operation 203 'add' 't1_V_3' <Predicate = true> <Delay = 1.39> <CoreInst = "Adder">   --->   Core 1 'Adder' <Latency = 0> <II = 1> <Delay = 1.39> <FuncUnit> <Opcode : 'add' 'sub'> <InPorts = 2> <OutPorts = 1>
ST_1 : Operation 204 [1/1] (0.00ns) (grouped into LUT with out node getWokerList_buffer_6)   --->   "%t2_V_2 = xor i8 %t1_V_3, i8 255"   --->   Operation 204 'xor' 't2_V_2' <Predicate = (icmp_ln1065_8)> <Delay = 0.00> <CoreInst = "LogicGate">   --->   Core 74 'LogicGate' <Latency = 0> <II = 1> <Delay = 0.61> <FuncUnit> <Opcode : 'and' 'or' 'xor'> <InPorts = 2> <OutPorts = 1>
ST_1 : Operation 205 [1/1] (1.22ns)   --->   "%icmp_ln1065_8 = icmp_eq  i8 %p_read1913, i8 0"   --->   Operation 205 'icmp' 'icmp_ln1065_8' <Predicate = true> <Delay = 1.22> <CoreInst = "Cmp">   --->   Core 9 'Cmp' <Latency = 0> <II = 1> <Delay = 1.22> <FuncUnit> <Opcode : 'icmp'> <InPorts = 2> <OutPorts = 1>
ST_1 : Operation 206 [1/1] (1.39ns)   --->   "%getWokerList_buffer_5 = sub i8 26, i8 %t1_V_3"   --->   Operation 206 'sub' 'getWokerList_buffer_5' <Predicate = (!icmp_ln1065_8)> <Delay = 1.39> <CoreInst = "Adder">   --->   Core 1 'Adder' <Latency = 0> <II = 1> <Delay = 1.39> <FuncUnit> <Opcode : 'add' 'sub'> <InPorts = 2> <OutPorts = 1>
ST_1 : Operation 207 [1/1] (0.74ns) (out node of the LUT)   --->   "%getWokerList_buffer_6 = select i1 %icmp_ln1065_8, i8 %t2_V_2, i8 %getWokerList_buffer_5" [PHC_v1_v4_NPC_SDA_20khz/ThreadFunction.cpp:938]   --->   Operation 207 'select' 'getWokerList_buffer_6' <Predicate = true> <Delay = 0.74> <CoreInst = "Sel">   --->   Core 73 'Sel' <Latency = 0> <II = 1> <Delay = 0.74> <FuncUnit> <Opcode : 'select'> <InPorts = 3> <OutPorts = 1>
ST_1 : Operation 208 [1/1] (1.15ns)   --->   "%tmp_295 = mux i8 @_ssdm_op_Mux.ap_auto.9i8.i8, i8 %p_read8478, i8 %p_read8579, i8 %p_read8680, i8 %p_read8781, i8 %p_read8882, i8 %p_read8983, i8 %p_read9084, i8 %p_read9185, i8 %p_read9286, i8 %p_read2014"   --->   Operation 208 'mux' 'tmp_295' <Predicate = true> <Delay = 1.15> <CoreInst = "Multiplexer">   --->   Core 76 'Multiplexer' <Latency = 0> <II = 1> <Delay = 1.15> <FuncUnit> <Opcode : 'mux'> <InPorts = 2> <OutPorts = 1>
ST_1 : Operation 209 [1/1] (1.39ns)   --->   "%t1_V_4 = add i8 %tmp_295, i8 %p_read3630"   --->   Operation 209 'add' 't1_V_4' <Predicate = true> <Delay = 1.39> <CoreInst = "Adder">   --->   Core 1 'Adder' <Latency = 0> <II = 1> <Delay = 1.39> <FuncUnit> <Opcode : 'add' 'sub'> <InPorts = 2> <OutPorts = 1>
ST_1 : Operation 210 [1/1] (0.00ns) (grouped into LUT with out node getWokerList_buffer_8)   --->   "%t2_V_3 = xor i8 %t1_V_4, i8 255"   --->   Operation 210 'xor' 't2_V_3' <Predicate = (icmp_ln1065_9)> <Delay = 0.00> <CoreInst = "LogicGate">   --->   Core 74 'LogicGate' <Latency = 0> <II = 1> <Delay = 0.61> <FuncUnit> <Opcode : 'and' 'or' 'xor'> <InPorts = 2> <OutPorts = 1>
ST_1 : Operation 211 [1/1] (1.22ns)   --->   "%icmp_ln1065_9 = icmp_eq  i8 %p_read2014, i8 0"   --->   Operation 211 'icmp' 'icmp_ln1065_9' <Predicate = true> <Delay = 1.22> <CoreInst = "Cmp">   --->   Core 9 'Cmp' <Latency = 0> <II = 1> <Delay = 1.22> <FuncUnit> <Opcode : 'icmp'> <InPorts = 2> <OutPorts = 1>
ST_1 : Operation 212 [1/1] (1.39ns)   --->   "%getWokerList_buffer_7 = sub i8 26, i8 %t1_V_4"   --->   Operation 212 'sub' 'getWokerList_buffer_7' <Predicate = (!icmp_ln1065_9)> <Delay = 1.39> <CoreInst = "Adder">   --->   Core 1 'Adder' <Latency = 0> <II = 1> <Delay = 1.39> <FuncUnit> <Opcode : 'add' 'sub'> <InPorts = 2> <OutPorts = 1>
ST_1 : Operation 213 [1/1] (0.74ns) (out node of the LUT)   --->   "%getWokerList_buffer_8 = select i1 %icmp_ln1065_9, i8 %t2_V_3, i8 %getWokerList_buffer_7" [PHC_v1_v4_NPC_SDA_20khz/ThreadFunction.cpp:938]   --->   Operation 213 'select' 'getWokerList_buffer_8' <Predicate = true> <Delay = 0.74> <CoreInst = "Sel">   --->   Core 73 'Sel' <Latency = 0> <II = 1> <Delay = 0.74> <FuncUnit> <Opcode : 'select'> <InPorts = 3> <OutPorts = 1>
ST_1 : Operation 214 [1/1] (1.15ns)   --->   "%tmp_296 = mux i8 @_ssdm_op_Mux.ap_auto.9i8.i8, i8 %p_read9387, i8 %p_read9488, i8 %p_read9589, i8 %p_read9690, i8 %p_read9791, i8 %p_read9892, i8 %p_read9993, i8 %p_read10094, i8 %p_read10195, i8 %p_read2115"   --->   Operation 214 'mux' 'tmp_296' <Predicate = true> <Delay = 1.15> <CoreInst = "Multiplexer">   --->   Core 76 'Multiplexer' <Latency = 0> <II = 1> <Delay = 1.15> <FuncUnit> <Opcode : 'mux'> <InPorts = 2> <OutPorts = 1>
ST_1 : Operation 215 [1/1] (1.39ns)   --->   "%t1_V_5 = add i8 %tmp_296, i8 %p_read3731"   --->   Operation 215 'add' 't1_V_5' <Predicate = true> <Delay = 1.39> <CoreInst = "Adder">   --->   Core 1 'Adder' <Latency = 0> <II = 1> <Delay = 1.39> <FuncUnit> <Opcode : 'add' 'sub'> <InPorts = 2> <OutPorts = 1>
ST_1 : Operation 216 [1/1] (0.00ns) (grouped into LUT with out node getWokerList_buffer_10)   --->   "%t2_V_4 = xor i8 %t1_V_5, i8 255"   --->   Operation 216 'xor' 't2_V_4' <Predicate = (icmp_ln1065_10)> <Delay = 0.00> <CoreInst = "LogicGate">   --->   Core 74 'LogicGate' <Latency = 0> <II = 1> <Delay = 0.61> <FuncUnit> <Opcode : 'and' 'or' 'xor'> <InPorts = 2> <OutPorts = 1>
ST_1 : Operation 217 [1/1] (1.22ns)   --->   "%icmp_ln1065_10 = icmp_eq  i8 %p_read2115, i8 0"   --->   Operation 217 'icmp' 'icmp_ln1065_10' <Predicate = true> <Delay = 1.22> <CoreInst = "Cmp">   --->   Core 9 'Cmp' <Latency = 0> <II = 1> <Delay = 1.22> <FuncUnit> <Opcode : 'icmp'> <InPorts = 2> <OutPorts = 1>
ST_1 : Operation 218 [1/1] (1.39ns)   --->   "%getWokerList_buffer_9 = sub i8 26, i8 %t1_V_5"   --->   Operation 218 'sub' 'getWokerList_buffer_9' <Predicate = (!icmp_ln1065_10)> <Delay = 1.39> <CoreInst = "Adder">   --->   Core 1 'Adder' <Latency = 0> <II = 1> <Delay = 1.39> <FuncUnit> <Opcode : 'add' 'sub'> <InPorts = 2> <OutPorts = 1>
ST_1 : Operation 219 [1/1] (0.74ns) (out node of the LUT)   --->   "%getWokerList_buffer_10 = select i1 %icmp_ln1065_10, i8 %t2_V_4, i8 %getWokerList_buffer_9" [PHC_v1_v4_NPC_SDA_20khz/ThreadFunction.cpp:938]   --->   Operation 219 'select' 'getWokerList_buffer_10' <Predicate = true> <Delay = 0.74> <CoreInst = "Sel">   --->   Core 73 'Sel' <Latency = 0> <II = 1> <Delay = 0.74> <FuncUnit> <Opcode : 'select'> <InPorts = 3> <OutPorts = 1>
ST_1 : Operation 220 [1/1] (1.15ns)   --->   "%tmp_297 = mux i8 @_ssdm_op_Mux.ap_auto.9i8.i8, i8 %p_read10296, i8 %p_read10397, i8 %p_read10498, i8 %p_read10599, i8 %p_read_1603, i8 %p_read_1602, i8 %p_read_1601, i8 %p_read_1600, i8 %p_read_1599, i8 %p_read2216"   --->   Operation 220 'mux' 'tmp_297' <Predicate = true> <Delay = 1.15> <CoreInst = "Multiplexer">   --->   Core 76 'Multiplexer' <Latency = 0> <II = 1> <Delay = 1.15> <FuncUnit> <Opcode : 'mux'> <InPorts = 2> <OutPorts = 1>
ST_1 : Operation 221 [1/1] (1.39ns)   --->   "%t1_V_6 = add i8 %tmp_297, i8 %p_read3832"   --->   Operation 221 'add' 't1_V_6' <Predicate = true> <Delay = 1.39> <CoreInst = "Adder">   --->   Core 1 'Adder' <Latency = 0> <II = 1> <Delay = 1.39> <FuncUnit> <Opcode : 'add' 'sub'> <InPorts = 2> <OutPorts = 1>
ST_1 : Operation 222 [1/1] (0.00ns) (grouped into LUT with out node getWokerList_buffer_12)   --->   "%t2_V_5 = xor i8 %t1_V_6, i8 255"   --->   Operation 222 'xor' 't2_V_5' <Predicate = (icmp_ln1065_11)> <Delay = 0.00> <CoreInst = "LogicGate">   --->   Core 74 'LogicGate' <Latency = 0> <II = 1> <Delay = 0.61> <FuncUnit> <Opcode : 'and' 'or' 'xor'> <InPorts = 2> <OutPorts = 1>
ST_1 : Operation 223 [1/1] (1.22ns)   --->   "%icmp_ln1065_11 = icmp_eq  i8 %p_read2216, i8 0"   --->   Operation 223 'icmp' 'icmp_ln1065_11' <Predicate = true> <Delay = 1.22> <CoreInst = "Cmp">   --->   Core 9 'Cmp' <Latency = 0> <II = 1> <Delay = 1.22> <FuncUnit> <Opcode : 'icmp'> <InPorts = 2> <OutPorts = 1>
ST_1 : Operation 224 [1/1] (1.39ns)   --->   "%getWokerList_buffer_11 = sub i8 26, i8 %t1_V_6"   --->   Operation 224 'sub' 'getWokerList_buffer_11' <Predicate = (!icmp_ln1065_11)> <Delay = 1.39> <CoreInst = "Adder">   --->   Core 1 'Adder' <Latency = 0> <II = 1> <Delay = 1.39> <FuncUnit> <Opcode : 'add' 'sub'> <InPorts = 2> <OutPorts = 1>
ST_1 : Operation 225 [1/1] (0.74ns) (out node of the LUT)   --->   "%getWokerList_buffer_12 = select i1 %icmp_ln1065_11, i8 %t2_V_5, i8 %getWokerList_buffer_11" [PHC_v1_v4_NPC_SDA_20khz/ThreadFunction.cpp:938]   --->   Operation 225 'select' 'getWokerList_buffer_12' <Predicate = true> <Delay = 0.74> <CoreInst = "Sel">   --->   Core 73 'Sel' <Latency = 0> <II = 1> <Delay = 0.74> <FuncUnit> <Opcode : 'select'> <InPorts = 3> <OutPorts = 1>
ST_1 : Operation 226 [1/1] (1.15ns)   --->   "%tmp_298 = mux i8 @_ssdm_op_Mux.ap_auto.9i8.i8, i8 %p_read_1598, i8 %p_read_1597, i8 %p_read_1596, i8 %p_read_1595, i8 %p_read_1594, i8 %p_read_1593, i8 %p_read_1592, i8 %p_read_1591, i8 %p_read_1590, i8 %p_read2317"   --->   Operation 226 'mux' 'tmp_298' <Predicate = true> <Delay = 1.15> <CoreInst = "Multiplexer">   --->   Core 76 'Multiplexer' <Latency = 0> <II = 1> <Delay = 1.15> <FuncUnit> <Opcode : 'mux'> <InPorts = 2> <OutPorts = 1>
ST_1 : Operation 227 [1/1] (1.39ns)   --->   "%t1_V_7 = add i8 %tmp_298, i8 %p_read3933"   --->   Operation 227 'add' 't1_V_7' <Predicate = true> <Delay = 1.39> <CoreInst = "Adder">   --->   Core 1 'Adder' <Latency = 0> <II = 1> <Delay = 1.39> <FuncUnit> <Opcode : 'add' 'sub'> <InPorts = 2> <OutPorts = 1>
ST_1 : Operation 228 [1/1] (0.00ns) (grouped into LUT with out node getWokerList_buffer_14)   --->   "%t2_V_6 = xor i8 %t1_V_7, i8 255"   --->   Operation 228 'xor' 't2_V_6' <Predicate = (icmp_ln1065_12)> <Delay = 0.00> <CoreInst = "LogicGate">   --->   Core 74 'LogicGate' <Latency = 0> <II = 1> <Delay = 0.61> <FuncUnit> <Opcode : 'and' 'or' 'xor'> <InPorts = 2> <OutPorts = 1>
ST_1 : Operation 229 [1/1] (1.22ns)   --->   "%icmp_ln1065_12 = icmp_eq  i8 %p_read2317, i8 0"   --->   Operation 229 'icmp' 'icmp_ln1065_12' <Predicate = true> <Delay = 1.22> <CoreInst = "Cmp">   --->   Core 9 'Cmp' <Latency = 0> <II = 1> <Delay = 1.22> <FuncUnit> <Opcode : 'icmp'> <InPorts = 2> <OutPorts = 1>
ST_1 : Operation 230 [1/1] (1.39ns)   --->   "%getWokerList_buffer_13 = sub i8 26, i8 %t1_V_7"   --->   Operation 230 'sub' 'getWokerList_buffer_13' <Predicate = (!icmp_ln1065_12)> <Delay = 1.39> <CoreInst = "Adder">   --->   Core 1 'Adder' <Latency = 0> <II = 1> <Delay = 1.39> <FuncUnit> <Opcode : 'add' 'sub'> <InPorts = 2> <OutPorts = 1>
ST_1 : Operation 231 [1/1] (0.74ns) (out node of the LUT)   --->   "%getWokerList_buffer_14 = select i1 %icmp_ln1065_12, i8 %t2_V_6, i8 %getWokerList_buffer_13" [PHC_v1_v4_NPC_SDA_20khz/ThreadFunction.cpp:938]   --->   Operation 231 'select' 'getWokerList_buffer_14' <Predicate = true> <Delay = 0.74> <CoreInst = "Sel">   --->   Core 73 'Sel' <Latency = 0> <II = 1> <Delay = 0.74> <FuncUnit> <Opcode : 'select'> <InPorts = 3> <OutPorts = 1>
ST_1 : Operation 232 [1/1] (1.15ns)   --->   "%tmp_299 = mux i8 @_ssdm_op_Mux.ap_auto.9i8.i8, i8 %p_read_1589, i8 %p_read_1588, i8 %p_read_1587, i8 %p_read_1586, i8 %p_read_1585, i8 %p_read_1584, i8 %p_read_1583, i8 %p_read_1582, i8 %p_read_1581, i8 %p_read2418"   --->   Operation 232 'mux' 'tmp_299' <Predicate = true> <Delay = 1.15> <CoreInst = "Multiplexer">   --->   Core 76 'Multiplexer' <Latency = 0> <II = 1> <Delay = 1.15> <FuncUnit> <Opcode : 'mux'> <InPorts = 2> <OutPorts = 1>
ST_1 : Operation 233 [1/1] (1.39ns)   --->   "%t1_V_8 = add i8 %tmp_299, i8 %p_read4034"   --->   Operation 233 'add' 't1_V_8' <Predicate = true> <Delay = 1.39> <CoreInst = "Adder">   --->   Core 1 'Adder' <Latency = 0> <II = 1> <Delay = 1.39> <FuncUnit> <Opcode : 'add' 'sub'> <InPorts = 2> <OutPorts = 1>
ST_1 : Operation 234 [1/1] (0.00ns) (grouped into LUT with out node getWokerList_buffer_16)   --->   "%t2_V_7 = xor i8 %t1_V_8, i8 255"   --->   Operation 234 'xor' 't2_V_7' <Predicate = (icmp_ln1065_13)> <Delay = 0.00> <CoreInst = "LogicGate">   --->   Core 74 'LogicGate' <Latency = 0> <II = 1> <Delay = 0.61> <FuncUnit> <Opcode : 'and' 'or' 'xor'> <InPorts = 2> <OutPorts = 1>
ST_1 : Operation 235 [1/1] (1.22ns)   --->   "%icmp_ln1065_13 = icmp_eq  i8 %p_read2418, i8 0"   --->   Operation 235 'icmp' 'icmp_ln1065_13' <Predicate = true> <Delay = 1.22> <CoreInst = "Cmp">   --->   Core 9 'Cmp' <Latency = 0> <II = 1> <Delay = 1.22> <FuncUnit> <Opcode : 'icmp'> <InPorts = 2> <OutPorts = 1>
ST_1 : Operation 236 [1/1] (1.39ns)   --->   "%getWokerList_buffer_15 = sub i8 26, i8 %t1_V_8"   --->   Operation 236 'sub' 'getWokerList_buffer_15' <Predicate = (!icmp_ln1065_13)> <Delay = 1.39> <CoreInst = "Adder">   --->   Core 1 'Adder' <Latency = 0> <II = 1> <Delay = 1.39> <FuncUnit> <Opcode : 'add' 'sub'> <InPorts = 2> <OutPorts = 1>
ST_1 : Operation 237 [1/1] (0.74ns) (out node of the LUT)   --->   "%getWokerList_buffer_16 = select i1 %icmp_ln1065_13, i8 %t2_V_7, i8 %getWokerList_buffer_15" [PHC_v1_v4_NPC_SDA_20khz/ThreadFunction.cpp:938]   --->   Operation 237 'select' 'getWokerList_buffer_16' <Predicate = true> <Delay = 0.74> <CoreInst = "Sel">   --->   Core 73 'Sel' <Latency = 0> <II = 1> <Delay = 0.74> <FuncUnit> <Opcode : 'select'> <InPorts = 3> <OutPorts = 1>
ST_1 : Operation 238 [1/1] (1.15ns)   --->   "%tmp_300 = mux i8 @_ssdm_op_Mux.ap_auto.9i8.i8, i8 %p_read_1580, i8 %p_read_1579, i8 %p_read_1578, i8 %p_read_1577, i8 %p_read_1576, i8 %p_read_1575, i8 %p_read_1574, i8 %p_read_1573, i8 %p_read_1572, i8 %p_read2519"   --->   Operation 238 'mux' 'tmp_300' <Predicate = true> <Delay = 1.15> <CoreInst = "Multiplexer">   --->   Core 76 'Multiplexer' <Latency = 0> <II = 1> <Delay = 1.15> <FuncUnit> <Opcode : 'mux'> <InPorts = 2> <OutPorts = 1>
ST_1 : Operation 239 [1/1] (1.39ns)   --->   "%t1_V_9 = add i8 %tmp_300, i8 %p_read4135"   --->   Operation 239 'add' 't1_V_9' <Predicate = true> <Delay = 1.39> <CoreInst = "Adder">   --->   Core 1 'Adder' <Latency = 0> <II = 1> <Delay = 1.39> <FuncUnit> <Opcode : 'add' 'sub'> <InPorts = 2> <OutPorts = 1>
ST_1 : Operation 240 [1/1] (0.00ns) (grouped into LUT with out node getWokerList_buffer_18)   --->   "%t2_V_8 = xor i8 %t1_V_9, i8 255"   --->   Operation 240 'xor' 't2_V_8' <Predicate = (icmp_ln1065_14)> <Delay = 0.00> <CoreInst = "LogicGate">   --->   Core 74 'LogicGate' <Latency = 0> <II = 1> <Delay = 0.61> <FuncUnit> <Opcode : 'and' 'or' 'xor'> <InPorts = 2> <OutPorts = 1>
ST_1 : Operation 241 [1/1] (1.22ns)   --->   "%icmp_ln1065_14 = icmp_eq  i8 %p_read2519, i8 0"   --->   Operation 241 'icmp' 'icmp_ln1065_14' <Predicate = true> <Delay = 1.22> <CoreInst = "Cmp">   --->   Core 9 'Cmp' <Latency = 0> <II = 1> <Delay = 1.22> <FuncUnit> <Opcode : 'icmp'> <InPorts = 2> <OutPorts = 1>
ST_1 : Operation 242 [1/1] (1.39ns)   --->   "%getWokerList_buffer_17 = sub i8 26, i8 %t1_V_9"   --->   Operation 242 'sub' 'getWokerList_buffer_17' <Predicate = (!icmp_ln1065_14)> <Delay = 1.39> <CoreInst = "Adder">   --->   Core 1 'Adder' <Latency = 0> <II = 1> <Delay = 1.39> <FuncUnit> <Opcode : 'add' 'sub'> <InPorts = 2> <OutPorts = 1>
ST_1 : Operation 243 [1/1] (0.74ns) (out node of the LUT)   --->   "%getWokerList_buffer_18 = select i1 %icmp_ln1065_14, i8 %t2_V_8, i8 %getWokerList_buffer_17" [PHC_v1_v4_NPC_SDA_20khz/ThreadFunction.cpp:938]   --->   Operation 243 'select' 'getWokerList_buffer_18' <Predicate = true> <Delay = 0.74> <CoreInst = "Sel">   --->   Core 73 'Sel' <Latency = 0> <II = 1> <Delay = 0.74> <FuncUnit> <Opcode : 'select'> <InPorts = 3> <OutPorts = 1>
ST_1 : Operation 244 [1/1] (1.15ns)   --->   "%tmp_301 = mux i8 @_ssdm_op_Mux.ap_auto.9i8.i8, i8 %p_read_1571, i8 %p_read_1570, i8 %p_read_1569, i8 %p_read_1568, i8 %p_read_1567, i8 %p_read_1566, i8 %p_read_1565, i8 %p_read_1564, i8 %p_read_1563, i8 %p_read2620"   --->   Operation 244 'mux' 'tmp_301' <Predicate = true> <Delay = 1.15> <CoreInst = "Multiplexer">   --->   Core 76 'Multiplexer' <Latency = 0> <II = 1> <Delay = 1.15> <FuncUnit> <Opcode : 'mux'> <InPorts = 2> <OutPorts = 1>
ST_1 : Operation 245 [1/1] (1.39ns)   --->   "%t1_V_10 = add i8 %tmp_301, i8 %p_read4236"   --->   Operation 245 'add' 't1_V_10' <Predicate = true> <Delay = 1.39> <CoreInst = "Adder">   --->   Core 1 'Adder' <Latency = 0> <II = 1> <Delay = 1.39> <FuncUnit> <Opcode : 'add' 'sub'> <InPorts = 2> <OutPorts = 1>
ST_1 : Operation 246 [1/1] (0.00ns) (grouped into LUT with out node getWokerList_buffer_20)   --->   "%t2_V_9 = xor i8 %t1_V_10, i8 255"   --->   Operation 246 'xor' 't2_V_9' <Predicate = (icmp_ln1065_15)> <Delay = 0.00> <CoreInst = "LogicGate">   --->   Core 74 'LogicGate' <Latency = 0> <II = 1> <Delay = 0.61> <FuncUnit> <Opcode : 'and' 'or' 'xor'> <InPorts = 2> <OutPorts = 1>
ST_1 : Operation 247 [1/1] (1.22ns)   --->   "%icmp_ln1065_15 = icmp_eq  i8 %p_read2620, i8 0"   --->   Operation 247 'icmp' 'icmp_ln1065_15' <Predicate = true> <Delay = 1.22> <CoreInst = "Cmp">   --->   Core 9 'Cmp' <Latency = 0> <II = 1> <Delay = 1.22> <FuncUnit> <Opcode : 'icmp'> <InPorts = 2> <OutPorts = 1>
ST_1 : Operation 248 [1/1] (1.39ns)   --->   "%getWokerList_buffer_19 = sub i8 26, i8 %t1_V_10"   --->   Operation 248 'sub' 'getWokerList_buffer_19' <Predicate = (!icmp_ln1065_15)> <Delay = 1.39> <CoreInst = "Adder">   --->   Core 1 'Adder' <Latency = 0> <II = 1> <Delay = 1.39> <FuncUnit> <Opcode : 'add' 'sub'> <InPorts = 2> <OutPorts = 1>
ST_1 : Operation 249 [1/1] (0.74ns) (out node of the LUT)   --->   "%getWokerList_buffer_20 = select i1 %icmp_ln1065_15, i8 %t2_V_9, i8 %getWokerList_buffer_19" [PHC_v1_v4_NPC_SDA_20khz/ThreadFunction.cpp:938]   --->   Operation 249 'select' 'getWokerList_buffer_20' <Predicate = true> <Delay = 0.74> <CoreInst = "Sel">   --->   Core 73 'Sel' <Latency = 0> <II = 1> <Delay = 0.74> <FuncUnit> <Opcode : 'select'> <InPorts = 3> <OutPorts = 1>
ST_1 : Operation 250 [1/1] (1.15ns)   --->   "%tmp_302 = mux i8 @_ssdm_op_Mux.ap_auto.9i8.i8, i8 %p_read_1562, i8 %p_read_1561, i8 %p_read_1560, i8 %p_read_1559, i8 %p_read_1558, i8 %p_read_1557, i8 %p_read_1556, i8 %p_read_1555, i8 %p_read_1554, i8 %p_read2721"   --->   Operation 250 'mux' 'tmp_302' <Predicate = true> <Delay = 1.15> <CoreInst = "Multiplexer">   --->   Core 76 'Multiplexer' <Latency = 0> <II = 1> <Delay = 1.15> <FuncUnit> <Opcode : 'mux'> <InPorts = 2> <OutPorts = 1>
ST_1 : Operation 251 [1/1] (1.39ns)   --->   "%t1_V_11 = add i8 %tmp_302, i8 %p_read4337"   --->   Operation 251 'add' 't1_V_11' <Predicate = true> <Delay = 1.39> <CoreInst = "Adder">   --->   Core 1 'Adder' <Latency = 0> <II = 1> <Delay = 1.39> <FuncUnit> <Opcode : 'add' 'sub'> <InPorts = 2> <OutPorts = 1>
ST_1 : Operation 252 [1/1] (0.00ns) (grouped into LUT with out node getWokerList_buffer_22)   --->   "%t2_V_10 = xor i8 %t1_V_11, i8 255"   --->   Operation 252 'xor' 't2_V_10' <Predicate = (icmp_ln1065_16)> <Delay = 0.00> <CoreInst = "LogicGate">   --->   Core 74 'LogicGate' <Latency = 0> <II = 1> <Delay = 0.61> <FuncUnit> <Opcode : 'and' 'or' 'xor'> <InPorts = 2> <OutPorts = 1>
ST_1 : Operation 253 [1/1] (1.22ns)   --->   "%icmp_ln1065_16 = icmp_eq  i8 %p_read2721, i8 0"   --->   Operation 253 'icmp' 'icmp_ln1065_16' <Predicate = true> <Delay = 1.22> <CoreInst = "Cmp">   --->   Core 9 'Cmp' <Latency = 0> <II = 1> <Delay = 1.22> <FuncUnit> <Opcode : 'icmp'> <InPorts = 2> <OutPorts = 1>
ST_1 : Operation 254 [1/1] (1.39ns)   --->   "%getWokerList_buffer_21 = sub i8 26, i8 %t1_V_11"   --->   Operation 254 'sub' 'getWokerList_buffer_21' <Predicate = (!icmp_ln1065_16)> <Delay = 1.39> <CoreInst = "Adder">   --->   Core 1 'Adder' <Latency = 0> <II = 1> <Delay = 1.39> <FuncUnit> <Opcode : 'add' 'sub'> <InPorts = 2> <OutPorts = 1>
ST_1 : Operation 255 [1/1] (0.74ns) (out node of the LUT)   --->   "%getWokerList_buffer_22 = select i1 %icmp_ln1065_16, i8 %t2_V_10, i8 %getWokerList_buffer_21" [PHC_v1_v4_NPC_SDA_20khz/ThreadFunction.cpp:938]   --->   Operation 255 'select' 'getWokerList_buffer_22' <Predicate = true> <Delay = 0.74> <CoreInst = "Sel">   --->   Core 73 'Sel' <Latency = 0> <II = 1> <Delay = 0.74> <FuncUnit> <Opcode : 'select'> <InPorts = 3> <OutPorts = 1>
ST_1 : Operation 256 [1/1] (1.15ns)   --->   "%tmp_303 = mux i8 @_ssdm_op_Mux.ap_auto.9i8.i8, i8 %p_read_1553, i8 %p_read_1552, i8 %p_read_1551, i8 %p_read_1550, i8 %p_read_1549, i8 %p_read_1548, i8 %p_read_1547, i8 %p_read_1546, i8 %p_read_1545, i8 %p_read2822"   --->   Operation 256 'mux' 'tmp_303' <Predicate = true> <Delay = 1.15> <CoreInst = "Multiplexer">   --->   Core 76 'Multiplexer' <Latency = 0> <II = 1> <Delay = 1.15> <FuncUnit> <Opcode : 'mux'> <InPorts = 2> <OutPorts = 1>
ST_1 : Operation 257 [1/1] (1.39ns)   --->   "%t1_V_12 = add i8 %tmp_303, i8 %p_read4438"   --->   Operation 257 'add' 't1_V_12' <Predicate = true> <Delay = 1.39> <CoreInst = "Adder">   --->   Core 1 'Adder' <Latency = 0> <II = 1> <Delay = 1.39> <FuncUnit> <Opcode : 'add' 'sub'> <InPorts = 2> <OutPorts = 1>
ST_1 : Operation 258 [1/1] (0.00ns) (grouped into LUT with out node getWokerList_buffer_24)   --->   "%t2_V_11 = xor i8 %t1_V_12, i8 255"   --->   Operation 258 'xor' 't2_V_11' <Predicate = (icmp_ln1065_17)> <Delay = 0.00> <CoreInst = "LogicGate">   --->   Core 74 'LogicGate' <Latency = 0> <II = 1> <Delay = 0.61> <FuncUnit> <Opcode : 'and' 'or' 'xor'> <InPorts = 2> <OutPorts = 1>
ST_1 : Operation 259 [1/1] (1.22ns)   --->   "%icmp_ln1065_17 = icmp_eq  i8 %p_read2822, i8 0"   --->   Operation 259 'icmp' 'icmp_ln1065_17' <Predicate = true> <Delay = 1.22> <CoreInst = "Cmp">   --->   Core 9 'Cmp' <Latency = 0> <II = 1> <Delay = 1.22> <FuncUnit> <Opcode : 'icmp'> <InPorts = 2> <OutPorts = 1>
ST_1 : Operation 260 [1/1] (1.39ns)   --->   "%getWokerList_buffer_23 = sub i8 26, i8 %t1_V_12"   --->   Operation 260 'sub' 'getWokerList_buffer_23' <Predicate = (!icmp_ln1065_17)> <Delay = 1.39> <CoreInst = "Adder">   --->   Core 1 'Adder' <Latency = 0> <II = 1> <Delay = 1.39> <FuncUnit> <Opcode : 'add' 'sub'> <InPorts = 2> <OutPorts = 1>
ST_1 : Operation 261 [1/1] (0.74ns) (out node of the LUT)   --->   "%getWokerList_buffer_24 = select i1 %icmp_ln1065_17, i8 %t2_V_11, i8 %getWokerList_buffer_23" [PHC_v1_v4_NPC_SDA_20khz/ThreadFunction.cpp:938]   --->   Operation 261 'select' 'getWokerList_buffer_24' <Predicate = true> <Delay = 0.74> <CoreInst = "Sel">   --->   Core 73 'Sel' <Latency = 0> <II = 1> <Delay = 0.74> <FuncUnit> <Opcode : 'select'> <InPorts = 3> <OutPorts = 1>
ST_1 : Operation 262 [1/1] (1.15ns)   --->   "%tmp_304 = mux i8 @_ssdm_op_Mux.ap_auto.9i8.i8, i8 %p_read_1544, i8 %p_read_1543, i8 %p_read_1542, i8 %p_read_1541, i8 %p_read_1540, i8 %p_read_1539, i8 %p_read_1538, i8 %p_read_1537, i8 %p_read_1536, i8 %p_read2923"   --->   Operation 262 'mux' 'tmp_304' <Predicate = true> <Delay = 1.15> <CoreInst = "Multiplexer">   --->   Core 76 'Multiplexer' <Latency = 0> <II = 1> <Delay = 1.15> <FuncUnit> <Opcode : 'mux'> <InPorts = 2> <OutPorts = 1>
ST_1 : Operation 263 [1/1] (1.39ns)   --->   "%t1_V_13 = add i8 %tmp_304, i8 %p_read4539"   --->   Operation 263 'add' 't1_V_13' <Predicate = true> <Delay = 1.39> <CoreInst = "Adder">   --->   Core 1 'Adder' <Latency = 0> <II = 1> <Delay = 1.39> <FuncUnit> <Opcode : 'add' 'sub'> <InPorts = 2> <OutPorts = 1>
ST_1 : Operation 264 [1/1] (0.00ns) (grouped into LUT with out node getWokerList_buffer_26)   --->   "%t2_V_12 = xor i8 %t1_V_13, i8 255"   --->   Operation 264 'xor' 't2_V_12' <Predicate = (icmp_ln1065_18)> <Delay = 0.00> <CoreInst = "LogicGate">   --->   Core 74 'LogicGate' <Latency = 0> <II = 1> <Delay = 0.61> <FuncUnit> <Opcode : 'and' 'or' 'xor'> <InPorts = 2> <OutPorts = 1>
ST_1 : Operation 265 [1/1] (1.22ns)   --->   "%icmp_ln1065_18 = icmp_eq  i8 %p_read2923, i8 0"   --->   Operation 265 'icmp' 'icmp_ln1065_18' <Predicate = true> <Delay = 1.22> <CoreInst = "Cmp">   --->   Core 9 'Cmp' <Latency = 0> <II = 1> <Delay = 1.22> <FuncUnit> <Opcode : 'icmp'> <InPorts = 2> <OutPorts = 1>
ST_1 : Operation 266 [1/1] (1.39ns)   --->   "%getWokerList_buffer_25 = sub i8 26, i8 %t1_V_13"   --->   Operation 266 'sub' 'getWokerList_buffer_25' <Predicate = (!icmp_ln1065_18)> <Delay = 1.39> <CoreInst = "Adder">   --->   Core 1 'Adder' <Latency = 0> <II = 1> <Delay = 1.39> <FuncUnit> <Opcode : 'add' 'sub'> <InPorts = 2> <OutPorts = 1>
ST_1 : Operation 267 [1/1] (0.74ns) (out node of the LUT)   --->   "%getWokerList_buffer_26 = select i1 %icmp_ln1065_18, i8 %t2_V_12, i8 %getWokerList_buffer_25" [PHC_v1_v4_NPC_SDA_20khz/ThreadFunction.cpp:938]   --->   Operation 267 'select' 'getWokerList_buffer_26' <Predicate = true> <Delay = 0.74> <CoreInst = "Sel">   --->   Core 73 'Sel' <Latency = 0> <II = 1> <Delay = 0.74> <FuncUnit> <Opcode : 'select'> <InPorts = 3> <OutPorts = 1>
ST_1 : Operation 268 [1/1] (1.15ns)   --->   "%tmp_305 = mux i8 @_ssdm_op_Mux.ap_auto.9i8.i8, i8 %p_read_1535, i8 %p_read_1534, i8 %p_read_1533, i8 %p_read_1532, i8 %p_read_1531, i8 %p_read_1530, i8 %p_read_1529, i8 %p_read_1528, i8 %p_read_1527, i8 %p_read3024"   --->   Operation 268 'mux' 'tmp_305' <Predicate = true> <Delay = 1.15> <CoreInst = "Multiplexer">   --->   Core 76 'Multiplexer' <Latency = 0> <II = 1> <Delay = 1.15> <FuncUnit> <Opcode : 'mux'> <InPorts = 2> <OutPorts = 1>
ST_1 : Operation 269 [1/1] (1.39ns)   --->   "%t1_V_14 = add i8 %tmp_305, i8 %p_read4640"   --->   Operation 269 'add' 't1_V_14' <Predicate = true> <Delay = 1.39> <CoreInst = "Adder">   --->   Core 1 'Adder' <Latency = 0> <II = 1> <Delay = 1.39> <FuncUnit> <Opcode : 'add' 'sub'> <InPorts = 2> <OutPorts = 1>
ST_1 : Operation 270 [1/1] (0.00ns) (grouped into LUT with out node getWokerList_buffer_28)   --->   "%t2_V_13 = xor i8 %t1_V_14, i8 255"   --->   Operation 270 'xor' 't2_V_13' <Predicate = (icmp_ln1065_19)> <Delay = 0.00> <CoreInst = "LogicGate">   --->   Core 74 'LogicGate' <Latency = 0> <II = 1> <Delay = 0.61> <FuncUnit> <Opcode : 'and' 'or' 'xor'> <InPorts = 2> <OutPorts = 1>
ST_1 : Operation 271 [1/1] (1.22ns)   --->   "%icmp_ln1065_19 = icmp_eq  i8 %p_read3024, i8 0"   --->   Operation 271 'icmp' 'icmp_ln1065_19' <Predicate = true> <Delay = 1.22> <CoreInst = "Cmp">   --->   Core 9 'Cmp' <Latency = 0> <II = 1> <Delay = 1.22> <FuncUnit> <Opcode : 'icmp'> <InPorts = 2> <OutPorts = 1>
ST_1 : Operation 272 [1/1] (1.39ns)   --->   "%getWokerList_buffer_27 = sub i8 26, i8 %t1_V_14"   --->   Operation 272 'sub' 'getWokerList_buffer_27' <Predicate = (!icmp_ln1065_19)> <Delay = 1.39> <CoreInst = "Adder">   --->   Core 1 'Adder' <Latency = 0> <II = 1> <Delay = 1.39> <FuncUnit> <Opcode : 'add' 'sub'> <InPorts = 2> <OutPorts = 1>
ST_1 : Operation 273 [1/1] (0.74ns) (out node of the LUT)   --->   "%getWokerList_buffer_28 = select i1 %icmp_ln1065_19, i8 %t2_V_13, i8 %getWokerList_buffer_27" [PHC_v1_v4_NPC_SDA_20khz/ThreadFunction.cpp:938]   --->   Operation 273 'select' 'getWokerList_buffer_28' <Predicate = true> <Delay = 0.74> <CoreInst = "Sel">   --->   Core 73 'Sel' <Latency = 0> <II = 1> <Delay = 0.74> <FuncUnit> <Opcode : 'select'> <InPorts = 3> <OutPorts = 1>
ST_1 : Operation 274 [1/1] (1.15ns)   --->   "%tmp_306 = mux i8 @_ssdm_op_Mux.ap_auto.9i8.i8, i8 %p_read_1526, i8 %p_read_1525, i8 %p_read_1524, i8 %p_read_1523, i8 %p_read_1522, i8 %p_read_1521, i8 %p_read_1520, i8 %p_read_1519, i8 %p_read_1518, i8 %p_read3125"   --->   Operation 274 'mux' 'tmp_306' <Predicate = true> <Delay = 1.15> <CoreInst = "Multiplexer">   --->   Core 76 'Multiplexer' <Latency = 0> <II = 1> <Delay = 1.15> <FuncUnit> <Opcode : 'mux'> <InPorts = 2> <OutPorts = 1>
ST_1 : Operation 275 [1/1] (1.39ns)   --->   "%t1_V_15 = add i8 %tmp_306, i8 %p_read4741"   --->   Operation 275 'add' 't1_V_15' <Predicate = true> <Delay = 1.39> <CoreInst = "Adder">   --->   Core 1 'Adder' <Latency = 0> <II = 1> <Delay = 1.39> <FuncUnit> <Opcode : 'add' 'sub'> <InPorts = 2> <OutPorts = 1>
ST_1 : Operation 276 [1/1] (0.00ns) (grouped into LUT with out node getWokerList_buffer_30)   --->   "%t2_V_14 = xor i8 %t1_V_15, i8 255"   --->   Operation 276 'xor' 't2_V_14' <Predicate = (icmp_ln1065_20)> <Delay = 0.00> <CoreInst = "LogicGate">   --->   Core 74 'LogicGate' <Latency = 0> <II = 1> <Delay = 0.61> <FuncUnit> <Opcode : 'and' 'or' 'xor'> <InPorts = 2> <OutPorts = 1>
ST_1 : Operation 277 [1/1] (1.22ns)   --->   "%icmp_ln1065_20 = icmp_eq  i8 %p_read3125, i8 0"   --->   Operation 277 'icmp' 'icmp_ln1065_20' <Predicate = true> <Delay = 1.22> <CoreInst = "Cmp">   --->   Core 9 'Cmp' <Latency = 0> <II = 1> <Delay = 1.22> <FuncUnit> <Opcode : 'icmp'> <InPorts = 2> <OutPorts = 1>
ST_1 : Operation 278 [1/1] (1.39ns)   --->   "%getWokerList_buffer_29 = sub i8 26, i8 %t1_V_15"   --->   Operation 278 'sub' 'getWokerList_buffer_29' <Predicate = (!icmp_ln1065_20)> <Delay = 1.39> <CoreInst = "Adder">   --->   Core 1 'Adder' <Latency = 0> <II = 1> <Delay = 1.39> <FuncUnit> <Opcode : 'add' 'sub'> <InPorts = 2> <OutPorts = 1>
ST_1 : Operation 279 [1/1] (0.74ns) (out node of the LUT)   --->   "%getWokerList_buffer_30 = select i1 %icmp_ln1065_20, i8 %t2_V_14, i8 %getWokerList_buffer_29" [PHC_v1_v4_NPC_SDA_20khz/ThreadFunction.cpp:938]   --->   Operation 279 'select' 'getWokerList_buffer_30' <Predicate = true> <Delay = 0.74> <CoreInst = "Sel">   --->   Core 73 'Sel' <Latency = 0> <II = 1> <Delay = 0.74> <FuncUnit> <Opcode : 'select'> <InPorts = 3> <OutPorts = 1>
ST_1 : Operation 280 [1/1] (0.00ns)   --->   "%newret1 = insertvalue i136 <undef>, i8 %select_ln859" [PHC_v1_v4_NPC_SDA_20khz/ThreadFunction.cpp:859]   --->   Operation 280 'insertvalue' 'newret1' <Predicate = true> <Delay = 0.00>
ST_1 : Operation 281 [1/1] (0.00ns)   --->   "%newret3 = insertvalue i136 %newret1, i8 %getWokerList_buffer" [PHC_v1_v4_NPC_SDA_20khz/ThreadFunction.cpp:859]   --->   Operation 281 'insertvalue' 'newret3' <Predicate = true> <Delay = 0.00>
ST_1 : Operation 282 [1/1] (0.00ns)   --->   "%newret5 = insertvalue i136 %newret3, i8 %getWokerList_buffer_2" [PHC_v1_v4_NPC_SDA_20khz/ThreadFunction.cpp:859]   --->   Operation 282 'insertvalue' 'newret5' <Predicate = true> <Delay = 0.00>
ST_1 : Operation 283 [1/1] (0.00ns)   --->   "%newret7 = insertvalue i136 %newret5, i8 %getWokerList_buffer_4" [PHC_v1_v4_NPC_SDA_20khz/ThreadFunction.cpp:859]   --->   Operation 283 'insertvalue' 'newret7' <Predicate = true> <Delay = 0.00>
ST_1 : Operation 284 [1/1] (0.00ns)   --->   "%newret9 = insertvalue i136 %newret7, i8 %getWokerList_buffer_6" [PHC_v1_v4_NPC_SDA_20khz/ThreadFunction.cpp:859]   --->   Operation 284 'insertvalue' 'newret9' <Predicate = true> <Delay = 0.00>
ST_1 : Operation 285 [1/1] (0.00ns)   --->   "%newret2 = insertvalue i136 %newret9, i8 %getWokerList_buffer_8" [PHC_v1_v4_NPC_SDA_20khz/ThreadFunction.cpp:859]   --->   Operation 285 'insertvalue' 'newret2' <Predicate = true> <Delay = 0.00>
ST_1 : Operation 286 [1/1] (0.00ns)   --->   "%newret4 = insertvalue i136 %newret2, i8 %getWokerList_buffer_10" [PHC_v1_v4_NPC_SDA_20khz/ThreadFunction.cpp:859]   --->   Operation 286 'insertvalue' 'newret4' <Predicate = true> <Delay = 0.00>
ST_1 : Operation 287 [1/1] (0.00ns)   --->   "%newret6 = insertvalue i136 %newret4, i8 %getWokerList_buffer_12" [PHC_v1_v4_NPC_SDA_20khz/ThreadFunction.cpp:859]   --->   Operation 287 'insertvalue' 'newret6' <Predicate = true> <Delay = 0.00>
ST_1 : Operation 288 [1/1] (0.00ns)   --->   "%newret = insertvalue i136 %newret6, i8 %getWokerList_buffer_14" [PHC_v1_v4_NPC_SDA_20khz/ThreadFunction.cpp:859]   --->   Operation 288 'insertvalue' 'newret' <Predicate = true> <Delay = 0.00>
ST_1 : Operation 289 [1/1] (0.00ns)   --->   "%newret8 = insertvalue i136 %newret, i8 %getWokerList_buffer_16" [PHC_v1_v4_NPC_SDA_20khz/ThreadFunction.cpp:859]   --->   Operation 289 'insertvalue' 'newret8' <Predicate = true> <Delay = 0.00>
ST_1 : Operation 290 [1/1] (0.00ns)   --->   "%newret10 = insertvalue i136 %newret8, i8 %getWokerList_buffer_18" [PHC_v1_v4_NPC_SDA_20khz/ThreadFunction.cpp:859]   --->   Operation 290 'insertvalue' 'newret10' <Predicate = true> <Delay = 0.00>
ST_1 : Operation 291 [1/1] (0.00ns)   --->   "%newret11 = insertvalue i136 %newret10, i8 %getWokerList_buffer_20" [PHC_v1_v4_NPC_SDA_20khz/ThreadFunction.cpp:859]   --->   Operation 291 'insertvalue' 'newret11' <Predicate = true> <Delay = 0.00>
ST_1 : Operation 292 [1/1] (0.00ns)   --->   "%newret12 = insertvalue i136 %newret11, i8 %getWokerList_buffer_22" [PHC_v1_v4_NPC_SDA_20khz/ThreadFunction.cpp:859]   --->   Operation 292 'insertvalue' 'newret12' <Predicate = true> <Delay = 0.00>
ST_1 : Operation 293 [1/1] (0.00ns)   --->   "%newret13 = insertvalue i136 %newret12, i8 %getWokerList_buffer_24" [PHC_v1_v4_NPC_SDA_20khz/ThreadFunction.cpp:859]   --->   Operation 293 'insertvalue' 'newret13' <Predicate = true> <Delay = 0.00>
ST_1 : Operation 294 [1/1] (0.00ns)   --->   "%newret14 = insertvalue i136 %newret13, i8 %getWokerList_buffer_26" [PHC_v1_v4_NPC_SDA_20khz/ThreadFunction.cpp:859]   --->   Operation 294 'insertvalue' 'newret14' <Predicate = true> <Delay = 0.00>
ST_1 : Operation 295 [1/1] (0.00ns)   --->   "%newret15 = insertvalue i136 %newret14, i8 %getWokerList_buffer_28" [PHC_v1_v4_NPC_SDA_20khz/ThreadFunction.cpp:859]   --->   Operation 295 'insertvalue' 'newret15' <Predicate = true> <Delay = 0.00>
ST_1 : Operation 296 [1/1] (0.00ns)   --->   "%newret16 = insertvalue i136 %newret15, i8 %getWokerList_buffer_30" [PHC_v1_v4_NPC_SDA_20khz/ThreadFunction.cpp:859]   --->   Operation 296 'insertvalue' 'newret16' <Predicate = true> <Delay = 0.00>
ST_1 : Operation 297 [1/1] (0.00ns)   --->   "%ret_ln859 = ret i136 %newret16" [PHC_v1_v4_NPC_SDA_20khz/ThreadFunction.cpp:859]   --->   Operation 297 'ret' 'ret_ln859' <Predicate = true> <Delay = 0.00>


============================================================
+ Verbose Summary: Timing violations
============================================================
Target clock period: 10ns, clock uncertainty: 2.7ns.

 <State 1>: 4.68ns
The critical path consists of the following:
	wire read operation ('p_read5650', PHC_v1_v4_NPC_SDA_20khz/ThreadFunction.cpp:875) on port 'p_read56' (PHC_v1_v4_NPC_SDA_20khz/ThreadFunction.cpp:875) [313]  (0 ns)
	'mux' operation ('tmp') [357]  (1.16 ns)
	'add' operation ('t1.V') [358]  (1.39 ns)
	'sub' operation ('sub_ln938', PHC_v1_v4_NPC_SDA_20khz/ThreadFunction.cpp:938) [364]  (1.39 ns)
	'select' operation ('getWokerList_buffer', PHC_v1_v4_NPC_SDA_20khz/ThreadFunction.cpp:937) [365]  (0.74 ns)


============================================================
+ Verbose Summary: Binding
============================================================
N/A
* FSMD analyzer results:
  - Output states:
 - Input state : 
  - Chain level:
	State 1


============================================================
+ Verbose Summary: Datapath Resource usage 
============================================================
N/A
