

================================================================
== Vitis HLS Report for 'MPCthread'
================================================================
* Date:           Thu Dec 21 15:30:58 2023

* Version:        2022.1 (Build 3526262 on Mon Apr 18 15:48:16 MDT 2022)
* Project:        PHC_v23_v16_NPC
* Solution:       solution1 (Vivado IP Flow Target)
* Product family: kintex7
* Target device:  xc7k410t-fbg900-1


================================================================
== Performance Estimates
================================================================
+ Timing: 
    * Summary: 
    +--------+----------+----------+------------+
    |  Clock |  Target  | Estimated| Uncertainty|
    +--------+----------+----------+------------+
    |ap_clk  |  10.00 ns|  7.028 ns|     2.70 ns|
    +--------+----------+----------+------------+

+ Latency: 
    * Summary: 
    +---------+---------+----------+----------+-----+-----+---------+
    |  Latency (cycles) |  Latency (absolute) |  Interval | Pipeline|
    |   min   |   max   |    min   |    max   | min | max |   Type  |
    +---------+---------+----------+----------+-----+-----+---------+
    |        ?|        ?|         ?|         ?|    ?|    ?|       no|
    +---------+---------+----------+----------+-----+-----+---------+

    + Detail: 
        * Instance: 
        N/A

        * Loop: 
        N/A

============================================================
+ Verbose Summary: Synthesis Manager
============================================================
InlineROM: 1
ExposeGlobal: 0
============================================================
+ Verbose Summary: CDFG Model
============================================================
IsTopModel: 0
ResetActiveHigh: 1
IsCombinational: 0
IsDatapathOnly: 0
HasWiredReturn: 1
HasMFsm: 0
HasVarLatency: 1
IsPipeline: 0
IsRtlPipelined: 0
IsInstanceOverlapped: 0
IsDontTouch: 0
HasImplIP: 0
IsGatedGlobalClock: 0


============================================================
+ Verbose Summary: Schedule
============================================================
* Number of FSM states : 2
* Pipeline : 0
* Dataflow Pipeline: 0

* FSM state transitions: 
1 --> 2 
2 --> 

* FSM state operations: 

State 1 <SV = 0> <Delay = 4.91>
ST_1 : Operation 3 [1/1] (0.00ns)   --->   "%Q_switchConst_IGBT_read = read i10 @_ssdm_op_Read.ap_auto.i10, i10 %Q_switchConst_IGBT"   --->   Operation 3 'read' 'Q_switchConst_IGBT_read' <Predicate = true> <Delay = 0.00>
ST_1 : Operation 4 [1/1] (0.00ns)   --->   "%p_read_820 = read i3 @_ssdm_op_Read.ap_auto.i3, i3 %p_read841"   --->   Operation 4 'read' 'p_read_820' <Predicate = true> <Delay = 0.00>
ST_1 : Operation 5 [1/1] (0.00ns)   --->   "%p_read_821 = read i3 @_ssdm_op_Read.ap_auto.i3, i3 %p_read740"   --->   Operation 5 'read' 'p_read_821' <Predicate = true> <Delay = 0.00>
ST_1 : Operation 6 [1/1] (0.00ns)   --->   "%p_read_822 = read i3 @_ssdm_op_Read.ap_auto.i3, i3 %p_read68"   --->   Operation 6 'read' 'p_read_822' <Predicate = true> <Delay = 0.00>
ST_1 : Operation 7 [1/1] (0.00ns)   --->   "%p_read5782 = read i8 @_ssdm_op_Read.ap_auto.i8, i8 %p_read57"   --->   Operation 7 'read' 'p_read5782' <Predicate = true> <Delay = 0.00>
ST_1 : Operation 8 [1/1] (0.00ns)   --->   "%p_read_823 = read i12 @_ssdm_op_Read.ap_auto.i12, i12 %p_read439"   --->   Operation 8 'read' 'p_read_823' <Predicate = true> <Delay = 0.00>
ST_1 : Operation 9 [1/1] (0.00ns)   --->   "%p_read_824 = read i5 @_ssdm_op_Read.ap_auto.i5, i5 %p_read337"   --->   Operation 9 'read' 'p_read_824' <Predicate = true> <Delay = 0.00>
ST_1 : Operation 10 [1/1] (0.00ns)   --->   "%p_read_825 = read i8 @_ssdm_op_Read.ap_auto.i8, i8 %p_read238"   --->   Operation 10 'read' 'p_read_825' <Predicate = true> <Delay = 0.00>
ST_1 : Operation 11 [1/1] (0.00ns)   --->   "%p_read_826 = read i12 @_ssdm_op_Read.ap_auto.i12, i12 %p_read137"   --->   Operation 11 'read' 'p_read_826' <Predicate = true> <Delay = 0.00>
ST_1 : Operation 12 [1/1] (0.00ns)   --->   "%p_read_827 = read i5 @_ssdm_op_Read.ap_auto.i5, i5 %p_read636"   --->   Operation 12 'read' 'p_read_827' <Predicate = true> <Delay = 0.00>
ST_1 : Operation 13 [1/1] (0.00ns)   --->   "%p_read_828 = read i16 @_ssdm_op_Read.ap_auto.i16, i16 %p_read535"   --->   Operation 13 'read' 'p_read_828' <Predicate = true> <Delay = 0.00>
ST_1 : Operation 14 [1/1] (0.00ns)   --->   "%p_read3675 = read i16 @_ssdm_op_Read.ap_auto.i16, i16 %p_read36"   --->   Operation 14 'read' 'p_read3675' <Predicate = true> <Delay = 0.00>
ST_1 : Operation 15 [1/1] (0.00ns)   --->   "%helper_assignment_number_read = read i8 @_ssdm_op_Read.ap_auto.i8, i8 %helper_assignment_number"   --->   Operation 15 'read' 'helper_assignment_number_read' <Predicate = true> <Delay = 0.00>
ST_1 : Operation 16 [1/1] (0.00ns)   --->   "%assignmentList_read = read i5 @_ssdm_op_Read.ap_auto.i5, i5 %assignmentList"   --->   Operation 16 'read' 'assignmentList_read' <Predicate = true> <Delay = 0.00>
ST_1 : Operation 17 [1/1] (0.00ns)   --->   "%p_read3472 = read i32 @_ssdm_op_Read.ap_auto.i32, i32 %p_read34"   --->   Operation 17 'read' 'p_read3472' <Predicate = true> <Delay = 0.00>
ST_1 : Operation 18 [1/1] (0.00ns)   --->   "%p_read3371 = read i32 @_ssdm_op_Read.ap_auto.i32, i32 %p_read33"   --->   Operation 18 'read' 'p_read3371' <Predicate = true> <Delay = 0.00>
ST_1 : Operation 19 [1/1] (0.00ns)   --->   "%p_read3270 = read i32 @_ssdm_op_Read.ap_auto.i32, i32 %p_read32"   --->   Operation 19 'read' 'p_read3270' <Predicate = true> <Delay = 0.00>
ST_1 : Operation 20 [1/1] (0.00ns)   --->   "%p_read3169 = read i32 @_ssdm_op_Read.ap_auto.i32, i32 %p_read31"   --->   Operation 20 'read' 'p_read3169' <Predicate = true> <Delay = 0.00>
ST_1 : Operation 21 [1/1] (0.00ns)   --->   "%p_read_829 = read i32 @_ssdm_op_Read.ap_auto.i32, i32 %p_read28"   --->   Operation 21 'read' 'p_read_829' <Predicate = true> <Delay = 0.00>
ST_1 : Operation 22 [1/1] (0.00ns)   --->   "%INIT_branch_read = read i8 @_ssdm_op_Read.ap_auto.i8, i8 %INIT_branch"   --->   Operation 22 'read' 'INIT_branch_read' <Predicate = true> <Delay = 0.00>
ST_1 : Operation 23 [1/1] (0.00ns)   --->   "%p_read3066 = read i8 @_ssdm_op_Read.ap_auto.i8, i8 %p_read30"   --->   Operation 23 'read' 'p_read3066' <Predicate = true> <Delay = 0.00>
ST_1 : Operation 24 [1/1] (0.00ns)   --->   "%INIT_index_read = read i8 @_ssdm_op_Read.ap_auto.i8, i8 %INIT_index"   --->   Operation 24 'read' 'INIT_index_read' <Predicate = true> <Delay = 0.00>
ST_1 : Operation 25 [1/1] (0.00ns)   --->   "%p_read_830 = read i8 @_ssdm_op_Read.ap_auto.i8, i8 %p_read29"   --->   Operation 25 'read' 'p_read_830' <Predicate = true> <Delay = 0.00>
ST_1 : Operation 26 [1/1] (0.00ns)   --->   "%p_read2763 = read i16 @_ssdm_op_Read.ap_auto.i16, i16 %p_read27"   --->   Operation 26 'read' 'p_read2763' <Predicate = true> <Delay = 0.00>
ST_1 : Operation 27 [1/1] (0.00ns)   --->   "%p_read2662 = read i16 @_ssdm_op_Read.ap_auto.i16, i16 %p_read26"   --->   Operation 27 'read' 'p_read2662' <Predicate = true> <Delay = 0.00>
ST_1 : Operation 28 [1/1] (0.00ns)   --->   "%p_read2561 = read i16 @_ssdm_op_Read.ap_auto.i16, i16 %p_read25"   --->   Operation 28 'read' 'p_read2561' <Predicate = true> <Delay = 0.00>
ST_1 : Operation 29 [1/1] (0.00ns)   --->   "%p_read2460 = read i16 @_ssdm_op_Read.ap_auto.i16, i16 %p_read24"   --->   Operation 29 'read' 'p_read2460' <Predicate = true> <Delay = 0.00>
ST_1 : Operation 30 [1/1] (0.00ns)   --->   "%p_read2359 = read i16 @_ssdm_op_Read.ap_auto.i16, i16 %p_read23"   --->   Operation 30 'read' 'p_read2359' <Predicate = true> <Delay = 0.00>
ST_1 : Operation 31 [1/1] (0.00ns)   --->   "%p_read2258 = read i16 @_ssdm_op_Read.ap_auto.i16, i16 %p_read22"   --->   Operation 31 'read' 'p_read2258' <Predicate = true> <Delay = 0.00>
ST_1 : Operation 32 [1/1] (0.00ns)   --->   "%p_read2157 = read i16 @_ssdm_op_Read.ap_auto.i16, i16 %p_read21"   --->   Operation 32 'read' 'p_read2157' <Predicate = true> <Delay = 0.00>
ST_1 : Operation 33 [1/1] (0.00ns)   --->   "%p_read2056 = read i16 @_ssdm_op_Read.ap_auto.i16, i16 %p_read20"   --->   Operation 33 'read' 'p_read2056' <Predicate = true> <Delay = 0.00>
ST_1 : Operation 34 [1/1] (0.00ns)   --->   "%p_read_831 = read i16 @_ssdm_op_Read.ap_auto.i16, i16 %p_read19"   --->   Operation 34 'read' 'p_read_831' <Predicate = true> <Delay = 0.00>
ST_1 : Operation 35 [1/1] (0.00ns)   --->   "%p_read_832 = read i16 @_ssdm_op_Read.ap_auto.i16, i16 %p_read18"   --->   Operation 35 'read' 'p_read_832' <Predicate = true> <Delay = 0.00>
ST_1 : Operation 36 [1/1] (0.00ns)   --->   "%p_read1753 = read i16 @_ssdm_op_Read.ap_auto.i16, i16 %p_read17"   --->   Operation 36 'read' 'p_read1753' <Predicate = true> <Delay = 0.00>
ST_1 : Operation 37 [1/1] (0.00ns)   --->   "%p_read1652 = read i16 @_ssdm_op_Read.ap_auto.i16, i16 %p_read16"   --->   Operation 37 'read' 'p_read1652' <Predicate = true> <Delay = 0.00>
ST_1 : Operation 38 [1/1] (0.00ns)   --->   "%p_read1551 = read i16 @_ssdm_op_Read.ap_auto.i16, i16 %p_read15"   --->   Operation 38 'read' 'p_read1551' <Predicate = true> <Delay = 0.00>
ST_1 : Operation 39 [1/1] (0.00ns)   --->   "%p_read1450 = read i16 @_ssdm_op_Read.ap_auto.i16, i16 %p_read14"   --->   Operation 39 'read' 'p_read1450' <Predicate = true> <Delay = 0.00>
ST_1 : Operation 40 [1/1] (0.00ns)   --->   "%p_read1349 = read i16 @_ssdm_op_Read.ap_auto.i16, i16 %p_read13"   --->   Operation 40 'read' 'p_read1349' <Predicate = true> <Delay = 0.00>
ST_1 : Operation 41 [1/1] (0.00ns)   --->   "%p_read1248 = read i16 @_ssdm_op_Read.ap_auto.i16, i16 %p_read12"   --->   Operation 41 'read' 'p_read1248' <Predicate = true> <Delay = 0.00>
ST_1 : Operation 42 [1/1] (0.00ns)   --->   "%p_read1147 = read i16 @_ssdm_op_Read.ap_auto.i16, i16 %p_read11"   --->   Operation 42 'read' 'p_read1147' <Predicate = true> <Delay = 0.00>
ST_1 : Operation 43 [1/1] (0.00ns)   --->   "%p_read1046 = read i16 @_ssdm_op_Read.ap_auto.i16, i16 %p_read10"   --->   Operation 43 'read' 'p_read1046' <Predicate = true> <Delay = 0.00>
ST_1 : Operation 44 [1/1] (0.00ns)   --->   "%p_read945 = read i16 @_ssdm_op_Read.ap_auto.i16, i16 %p_read9"   --->   Operation 44 'read' 'p_read945' <Predicate = true> <Delay = 0.00>
ST_1 : Operation 45 [1/1] (0.00ns)   --->   "%p_read844 = read i16 @_ssdm_op_Read.ap_auto.i16, i16 %p_read8"   --->   Operation 45 'read' 'p_read844' <Predicate = true> <Delay = 0.00>
ST_1 : Operation 46 [1/1] (0.00ns)   --->   "%p_read743 = read i16 @_ssdm_op_Read.ap_auto.i16, i16 %p_read7"   --->   Operation 46 'read' 'p_read743' <Predicate = true> <Delay = 0.00>
ST_1 : Operation 47 [1/1] (0.00ns)   --->   "%p_read642 = read i16 @_ssdm_op_Read.ap_auto.i16, i16 %p_read6"   --->   Operation 47 'read' 'p_read642' <Predicate = true> <Delay = 0.00>
ST_1 : Operation 48 [1/1] (0.00ns)   --->   "%p_read541 = read i16 @_ssdm_op_Read.ap_auto.i16, i16 %p_read5"   --->   Operation 48 'read' 'p_read541' <Predicate = true> <Delay = 0.00>
ST_1 : Operation 49 [1/1] (0.00ns)   --->   "%p_read440 = read i16 @_ssdm_op_Read.ap_auto.i16, i16 %p_read4"   --->   Operation 49 'read' 'p_read440' <Predicate = true> <Delay = 0.00>
ST_1 : Operation 50 [1/1] (0.00ns)   --->   "%p_read239 = read i8 @_ssdm_op_Read.ap_auto.i8, i8 %p_read2"   --->   Operation 50 'read' 'p_read239' <Predicate = true> <Delay = 0.00>
ST_1 : Operation 51 [1/1] (0.00ns)   --->   "%p_read338 = read i8 @_ssdm_op_Read.ap_auto.i8, i8 %p_read3"   --->   Operation 51 'read' 'p_read338' <Predicate = true> <Delay = 0.00>
ST_1 : Operation 52 [1/1] (0.00ns)   --->   "%p_read136 = read i16 @_ssdm_op_Read.ap_auto.i16, i16 %p_read1"   --->   Operation 52 'read' 'p_read136' <Predicate = true> <Delay = 0.00>
ST_1 : Operation 53 [1/1] (0.00ns)   --->   "%p_read35 = read i32 @_ssdm_op_Read.ap_auto.i32, i32 %p_read"   --->   Operation 53 'read' 'p_read35' <Predicate = true> <Delay = 0.00>
ST_1 : Operation 54 [1/1] (0.00ns)   --->   "%empty = trunc i8 %p_read239"   --->   Operation 54 'trunc' 'empty' <Predicate = true> <Delay = 0.00>
ST_1 : Operation 55 [1/1] (0.00ns)   --->   "%specmemcore_ln721 = specmemcore void @_ssdm_op_SpecMemCore, i11 %MPCthread_ap_fixed_ap_fixed_ap_int_ap_int_ap_fixed_ap_fixed_6_ap_int_5, i64 666, i64 18, i64 18446744073709551615" [../Cpp/PHC_v23_v16_NPC/ThreadFunction.cpp:721]   --->   Operation 55 'specmemcore' 'specmemcore_ln721' <Predicate = true> <Delay = 0.00>
ST_1 : Operation 56 [1/1] (0.00ns)   --->   "%specmemcore_ln722 = specmemcore void @_ssdm_op_SpecMemCore, i5 %MPCthread_ap_fixed_ap_fixed_ap_int_ap_int_ap_fixed_ap_fixed_6_ap_int_4, i64 666, i64 18, i64 18446744073709551615" [../Cpp/PHC_v23_v16_NPC/ThreadFunction.cpp:722]   --->   Operation 56 'specmemcore' 'specmemcore_ln722' <Predicate = true> <Delay = 0.00>
ST_1 : Operation 57 [1/1] (0.00ns)   --->   "%specmemcore_ln755 = specmemcore void @_ssdm_op_SpecMemCore, i2 %GATE_2, i64 666, i64 18, i64 18446744073709551615" [../Cpp/PHC_v23_v16_NPC/ThreadFunction.cpp:755]   --->   Operation 57 'specmemcore' 'specmemcore_ln755' <Predicate = true> <Delay = 0.00>
ST_1 : Operation 58 [1/1] (0.00ns)   --->   "%specmemcore_ln755 = specmemcore void @_ssdm_op_SpecMemCore, i2 %GATE_1, i64 666, i64 18, i64 18446744073709551615" [../Cpp/PHC_v23_v16_NPC/ThreadFunction.cpp:755]   --->   Operation 58 'specmemcore' 'specmemcore_ln755' <Predicate = true> <Delay = 0.00>
ST_1 : Operation 59 [1/1] (0.00ns)   --->   "%specmemcore_ln755 = specmemcore void @_ssdm_op_SpecMemCore, i2 %GATE_0, i64 666, i64 18, i64 18446744073709551615" [../Cpp/PHC_v23_v16_NPC/ThreadFunction.cpp:755]   --->   Operation 59 'specmemcore' 'specmemcore_ln755' <Predicate = true> <Delay = 0.00>
ST_1 : Operation 60 [1/1] (0.00ns)   --->   "%specmemcore_ln756 = specmemcore void @_ssdm_op_SpecMemCore, i2 %GATE_2, i64 666, i64 18, i64 18446744073709551615" [../Cpp/PHC_v23_v16_NPC/ThreadFunction.cpp:756]   --->   Operation 60 'specmemcore' 'specmemcore_ln756' <Predicate = true> <Delay = 0.00>
ST_1 : Operation 61 [1/1] (0.00ns)   --->   "%specmemcore_ln756 = specmemcore void @_ssdm_op_SpecMemCore, i2 %GATE_1, i64 666, i64 18, i64 18446744073709551615" [../Cpp/PHC_v23_v16_NPC/ThreadFunction.cpp:756]   --->   Operation 61 'specmemcore' 'specmemcore_ln756' <Predicate = true> <Delay = 0.00>
ST_1 : Operation 62 [1/1] (0.00ns)   --->   "%specmemcore_ln756 = specmemcore void @_ssdm_op_SpecMemCore, i2 %GATE_0, i64 666, i64 18, i64 18446744073709551615" [../Cpp/PHC_v23_v16_NPC/ThreadFunction.cpp:756]   --->   Operation 62 'specmemcore' 'specmemcore_ln756' <Predicate = true> <Delay = 0.00>
ST_1 : Operation 63 [1/1] (0.00ns)   --->   "%specmemcore_ln757 = specmemcore void @_ssdm_op_SpecMemCore, i2 %GATE_2, i64 666, i64 18, i64 18446744073709551615" [../Cpp/PHC_v23_v16_NPC/ThreadFunction.cpp:757]   --->   Operation 63 'specmemcore' 'specmemcore_ln757' <Predicate = true> <Delay = 0.00>
ST_1 : Operation 64 [1/1] (0.00ns)   --->   "%specmemcore_ln757 = specmemcore void @_ssdm_op_SpecMemCore, i2 %GATE_1, i64 666, i64 18, i64 18446744073709551615" [../Cpp/PHC_v23_v16_NPC/ThreadFunction.cpp:757]   --->   Operation 64 'specmemcore' 'specmemcore_ln757' <Predicate = true> <Delay = 0.00>
ST_1 : Operation 65 [1/1] (0.00ns)   --->   "%specmemcore_ln757 = specmemcore void @_ssdm_op_SpecMemCore, i2 %GATE_0, i64 666, i64 18, i64 18446744073709551615" [../Cpp/PHC_v23_v16_NPC/ThreadFunction.cpp:757]   --->   Operation 65 'specmemcore' 'specmemcore_ln757' <Predicate = true> <Delay = 0.00>
ST_1 : Operation 66 [1/1] (0.00ns)   --->   "%tmp = partselect i7 @_ssdm_op_PartSelect.i7.i8.i32.i32, i8 %p_read239, i32 1, i32 7" [../Cpp/PHC_v23_v16_NPC/ThreadFunction.cpp:814]   --->   Operation 66 'partselect' 'tmp' <Predicate = true> <Delay = 0.00>
ST_1 : Operation 67 [1/1] (1.18ns)   --->   "%icmp_ln814 = icmp_eq  i7 %tmp, i7 0" [../Cpp/PHC_v23_v16_NPC/ThreadFunction.cpp:814]   --->   Operation 67 'icmp' 'icmp_ln814' <Predicate = true> <Delay = 1.18> <CoreInst = "Cmp">   --->   Core 9 'Cmp' <Latency = 0> <II = 1> <Delay = 1.18> <FuncUnit> <Opcode : 'icmp'> <InPorts = 2> <OutPorts = 1>
ST_1 : Operation 68 [1/1] (1.02ns)   --->   "%br_ln814 = br i1 %icmp_ln814, void %if.end, void %if.then" [../Cpp/PHC_v23_v16_NPC/ThreadFunction.cpp:814]   --->   Operation 68 'br' 'br_ln814' <Predicate = true> <Delay = 1.02>
ST_1 : Operation 69 [2/2] (3.72ns)   --->   "%call_ret = call i624 @ThreadPE, i32 %p_read35, i16 %p_read136, i8 %p_read338, i1 %empty, i16 %xn_current_0, i16 %xn_current_1, i16 %xn_current_2, i16 %xn_current_3, i16 %xn_current_4, i16 %xn_current_5, i16 %p_read440, i16 %p_read541, i16 %p_read642, i16 %p_read743, i16 %p_read844, i16 %p_read945, i16 %p_read1046, i16 %p_read1147, i16 %p_read1248, i16 %p_read1349, i16 %p_read1450, i16 %p_read1551, i16 %p_read1652, i16 %p_read1753, i16 %p_read_832, i16 %p_read_831, i16 %p_read2056, i16 %p_read2157, i16 %p_read2258, i16 %p_read2359, i16 %p_read2460, i16 %p_read2561, i16 %p_read2662, i16 %p_read2763, i8 %p_read_830, i8 %INIT_index_read, i8 %p_read3066, i8 %INIT_branch_read, i8 %location_0, i8 %location_1, i8 %location_2, i8 %location_3, i32 %p_read_829, i32 %p_read3169, i32 %p_read3270, i32 %p_read3371, i32 %p_read3472, i8 %helpedList_0, i8 %helpedList_1, i8 %helpedList_2, i8 %helpedList_3, i5 %assignmentList_read, i8 %helper_assignment_number_read, i3 %p_read_822, i3 %p_read_821, i3 %p_read_820, i16 %p_read3675, i16 %p_read_828, i5 %p_read_827, i12 %p_read_826, i8 %p_read_825, i5 %p_read_824, i12 %p_read_823, i8 %p_read5782, i10 %Q_switchConst_IGBT_read, i11 %MPCthread_ap_fixed_ap_fixed_ap_int_ap_int_ap_fixed_ap_fixed_6_ap_int_5, i5 %MPCthread_ap_fixed_ap_fixed_ap_int_ap_int_ap_fixed_ap_fixed_6_ap_int_4, i7 %MPCthread_ap_fixed_ap_fixed_ap_int_ap_int_ap_fixed_ap_fixed_6_ap_int_3, i11 %MPCthread_ap_fixed_ap_fixed_ap_int_ap_int_ap_fixed_ap_fixed_6_ap_int_2, i4 %MPCthread_ap_fixed_ap_fixed_ap_int_ap_int_ap_fixed_ap_fixed_6_ap_int_1, i7 %MPCthread_mulmulmulmulmulmulmulap_fixed_ap_fixed_ap_int_ap_int_ap_fixed_ap_fixed_6_ap_int, i2 %GATE_0, i2 %GATE_1, i2 %GATE_2" [../Cpp/PHC_v23_v16_NPC/ThreadFunction.cpp:815]   --->   Operation 69 'call' 'call_ret' <Predicate = (icmp_ln814)> <Delay = 3.72> <CoreType = "Generic">   --->   Core 0 '' <Latency = 0> <II = 1> <Delay = 1.00> <Generic> <Opcode : >

State 2 <SV = 1> <Delay = 6.23>
ST_2 : Operation 70 [1/2] (5.20ns)   --->   "%call_ret = call i624 @ThreadPE, i32 %p_read35, i16 %p_read136, i8 %p_read338, i1 %empty, i16 %xn_current_0, i16 %xn_current_1, i16 %xn_current_2, i16 %xn_current_3, i16 %xn_current_4, i16 %xn_current_5, i16 %p_read440, i16 %p_read541, i16 %p_read642, i16 %p_read743, i16 %p_read844, i16 %p_read945, i16 %p_read1046, i16 %p_read1147, i16 %p_read1248, i16 %p_read1349, i16 %p_read1450, i16 %p_read1551, i16 %p_read1652, i16 %p_read1753, i16 %p_read_832, i16 %p_read_831, i16 %p_read2056, i16 %p_read2157, i16 %p_read2258, i16 %p_read2359, i16 %p_read2460, i16 %p_read2561, i16 %p_read2662, i16 %p_read2763, i8 %p_read_830, i8 %INIT_index_read, i8 %p_read3066, i8 %INIT_branch_read, i8 %location_0, i8 %location_1, i8 %location_2, i8 %location_3, i32 %p_read_829, i32 %p_read3169, i32 %p_read3270, i32 %p_read3371, i32 %p_read3472, i8 %helpedList_0, i8 %helpedList_1, i8 %helpedList_2, i8 %helpedList_3, i5 %assignmentList_read, i8 %helper_assignment_number_read, i3 %p_read_822, i3 %p_read_821, i3 %p_read_820, i16 %p_read3675, i16 %p_read_828, i5 %p_read_827, i12 %p_read_826, i8 %p_read_825, i5 %p_read_824, i12 %p_read_823, i8 %p_read5782, i10 %Q_switchConst_IGBT_read, i11 %MPCthread_ap_fixed_ap_fixed_ap_int_ap_int_ap_fixed_ap_fixed_6_ap_int_5, i5 %MPCthread_ap_fixed_ap_fixed_ap_int_ap_int_ap_fixed_ap_fixed_6_ap_int_4, i7 %MPCthread_ap_fixed_ap_fixed_ap_int_ap_int_ap_fixed_ap_fixed_6_ap_int_3, i11 %MPCthread_ap_fixed_ap_fixed_ap_int_ap_int_ap_fixed_ap_fixed_6_ap_int_2, i4 %MPCthread_ap_fixed_ap_fixed_ap_int_ap_int_ap_fixed_ap_fixed_6_ap_int_1, i7 %MPCthread_mulmulmulmulmulmulmulap_fixed_ap_fixed_ap_int_ap_int_ap_fixed_ap_fixed_6_ap_int, i2 %GATE_0, i2 %GATE_1, i2 %GATE_2" [../Cpp/PHC_v23_v16_NPC/ThreadFunction.cpp:815]   --->   Operation 70 'call' 'call_ret' <Predicate = (icmp_ln814)> <Delay = 5.20> <CoreType = "Generic">   --->   Core 0 '' <Latency = 0> <II = 1> <Delay = 1.00> <Generic> <Opcode : >
ST_2 : Operation 71 [1/1] (0.00ns)   --->   "%branch_ret = extractvalue i624 %call_ret" [../Cpp/PHC_v23_v16_NPC/ThreadFunction.cpp:815]   --->   Operation 71 'extractvalue' 'branch_ret' <Predicate = (icmp_ln814)> <Delay = 0.00>
ST_2 : Operation 72 [1/1] (0.00ns)   --->   "%index_ret = extractvalue i624 %call_ret" [../Cpp/PHC_v23_v16_NPC/ThreadFunction.cpp:815]   --->   Operation 72 'extractvalue' 'index_ret' <Predicate = (icmp_ln814)> <Delay = 0.00>
ST_2 : Operation 73 [1/1] (0.00ns)   --->   "%nextgate_ret = extractvalue i624 %call_ret" [../Cpp/PHC_v23_v16_NPC/ThreadFunction.cpp:815]   --->   Operation 73 'extractvalue' 'nextgate_ret' <Predicate = (icmp_ln814)> <Delay = 0.00>
ST_2 : Operation 74 [1/1] (0.00ns)   --->   "%CalcNum_ret = extractvalue i624 %call_ret" [../Cpp/PHC_v23_v16_NPC/ThreadFunction.cpp:815]   --->   Operation 74 'extractvalue' 'CalcNum_ret' <Predicate = (icmp_ln814)> <Delay = 0.00>
ST_2 : Operation 75 [1/1] (0.00ns)   --->   "%Jmin_ret = extractvalue i624 %call_ret" [../Cpp/PHC_v23_v16_NPC/ThreadFunction.cpp:815]   --->   Operation 75 'extractvalue' 'Jmin_ret' <Predicate = (icmp_ln814)> <Delay = 0.00>
ST_2 : Operation 76 [1/1] (0.00ns)   --->   "%state_ret = extractvalue i624 %call_ret" [../Cpp/PHC_v23_v16_NPC/ThreadFunction.cpp:815]   --->   Operation 76 'extractvalue' 'state_ret' <Predicate = (icmp_ln814)> <Delay = 0.00>
ST_2 : Operation 77 [1/1] (0.00ns)   --->   "%xn_visited_0_0_ret = extractvalue i624 %call_ret" [../Cpp/PHC_v23_v16_NPC/ThreadFunction.cpp:815]   --->   Operation 77 'extractvalue' 'xn_visited_0_0_ret' <Predicate = (icmp_ln814)> <Delay = 0.00>
ST_2 : Operation 78 [1/1] (0.00ns)   --->   "%xn_visited_0_1_ret = extractvalue i624 %call_ret" [../Cpp/PHC_v23_v16_NPC/ThreadFunction.cpp:815]   --->   Operation 78 'extractvalue' 'xn_visited_0_1_ret' <Predicate = (icmp_ln814)> <Delay = 0.00>
ST_2 : Operation 79 [1/1] (0.00ns)   --->   "%xn_visited_0_2_ret = extractvalue i624 %call_ret" [../Cpp/PHC_v23_v16_NPC/ThreadFunction.cpp:815]   --->   Operation 79 'extractvalue' 'xn_visited_0_2_ret' <Predicate = (icmp_ln814)> <Delay = 0.00>
ST_2 : Operation 80 [1/1] (0.00ns)   --->   "%xn_visited_0_3_ret = extractvalue i624 %call_ret" [../Cpp/PHC_v23_v16_NPC/ThreadFunction.cpp:815]   --->   Operation 80 'extractvalue' 'xn_visited_0_3_ret' <Predicate = (icmp_ln814)> <Delay = 0.00>
ST_2 : Operation 81 [1/1] (0.00ns)   --->   "%xn_visited_0_4_ret = extractvalue i624 %call_ret" [../Cpp/PHC_v23_v16_NPC/ThreadFunction.cpp:815]   --->   Operation 81 'extractvalue' 'xn_visited_0_4_ret' <Predicate = (icmp_ln814)> <Delay = 0.00>
ST_2 : Operation 82 [1/1] (0.00ns)   --->   "%xn_visited_0_5_ret = extractvalue i624 %call_ret" [../Cpp/PHC_v23_v16_NPC/ThreadFunction.cpp:815]   --->   Operation 82 'extractvalue' 'xn_visited_0_5_ret' <Predicate = (icmp_ln814)> <Delay = 0.00>
ST_2 : Operation 83 [1/1] (0.00ns)   --->   "%xn_visited_1_0_ret = extractvalue i624 %call_ret" [../Cpp/PHC_v23_v16_NPC/ThreadFunction.cpp:815]   --->   Operation 83 'extractvalue' 'xn_visited_1_0_ret' <Predicate = (icmp_ln814)> <Delay = 0.00>
ST_2 : Operation 84 [1/1] (0.00ns)   --->   "%xn_visited_1_1_ret = extractvalue i624 %call_ret" [../Cpp/PHC_v23_v16_NPC/ThreadFunction.cpp:815]   --->   Operation 84 'extractvalue' 'xn_visited_1_1_ret' <Predicate = (icmp_ln814)> <Delay = 0.00>
ST_2 : Operation 85 [1/1] (0.00ns)   --->   "%xn_visited_1_2_ret = extractvalue i624 %call_ret" [../Cpp/PHC_v23_v16_NPC/ThreadFunction.cpp:815]   --->   Operation 85 'extractvalue' 'xn_visited_1_2_ret' <Predicate = (icmp_ln814)> <Delay = 0.00>
ST_2 : Operation 86 [1/1] (0.00ns)   --->   "%xn_visited_1_3_ret = extractvalue i624 %call_ret" [../Cpp/PHC_v23_v16_NPC/ThreadFunction.cpp:815]   --->   Operation 86 'extractvalue' 'xn_visited_1_3_ret' <Predicate = (icmp_ln814)> <Delay = 0.00>
ST_2 : Operation 87 [1/1] (0.00ns)   --->   "%xn_visited_1_4_ret = extractvalue i624 %call_ret" [../Cpp/PHC_v23_v16_NPC/ThreadFunction.cpp:815]   --->   Operation 87 'extractvalue' 'xn_visited_1_4_ret' <Predicate = (icmp_ln814)> <Delay = 0.00>
ST_2 : Operation 88 [1/1] (0.00ns)   --->   "%xn_visited_1_5_ret = extractvalue i624 %call_ret" [../Cpp/PHC_v23_v16_NPC/ThreadFunction.cpp:815]   --->   Operation 88 'extractvalue' 'xn_visited_1_5_ret' <Predicate = (icmp_ln814)> <Delay = 0.00>
ST_2 : Operation 89 [1/1] (0.00ns)   --->   "%xn_visited_2_0_ret = extractvalue i624 %call_ret" [../Cpp/PHC_v23_v16_NPC/ThreadFunction.cpp:815]   --->   Operation 89 'extractvalue' 'xn_visited_2_0_ret' <Predicate = (icmp_ln814)> <Delay = 0.00>
ST_2 : Operation 90 [1/1] (0.00ns)   --->   "%xn_visited_2_1_ret = extractvalue i624 %call_ret" [../Cpp/PHC_v23_v16_NPC/ThreadFunction.cpp:815]   --->   Operation 90 'extractvalue' 'xn_visited_2_1_ret' <Predicate = (icmp_ln814)> <Delay = 0.00>
ST_2 : Operation 91 [1/1] (0.00ns)   --->   "%xn_visited_2_2_ret = extractvalue i624 %call_ret" [../Cpp/PHC_v23_v16_NPC/ThreadFunction.cpp:815]   --->   Operation 91 'extractvalue' 'xn_visited_2_2_ret' <Predicate = (icmp_ln814)> <Delay = 0.00>
ST_2 : Operation 92 [1/1] (0.00ns)   --->   "%xn_visited_2_3_ret = extractvalue i624 %call_ret" [../Cpp/PHC_v23_v16_NPC/ThreadFunction.cpp:815]   --->   Operation 92 'extractvalue' 'xn_visited_2_3_ret' <Predicate = (icmp_ln814)> <Delay = 0.00>
ST_2 : Operation 93 [1/1] (0.00ns)   --->   "%xn_visited_2_4_ret = extractvalue i624 %call_ret" [../Cpp/PHC_v23_v16_NPC/ThreadFunction.cpp:815]   --->   Operation 93 'extractvalue' 'xn_visited_2_4_ret' <Predicate = (icmp_ln814)> <Delay = 0.00>
ST_2 : Operation 94 [1/1] (0.00ns)   --->   "%xn_visited_2_5_ret = extractvalue i624 %call_ret" [../Cpp/PHC_v23_v16_NPC/ThreadFunction.cpp:815]   --->   Operation 94 'extractvalue' 'xn_visited_2_5_ret' <Predicate = (icmp_ln814)> <Delay = 0.00>
ST_2 : Operation 95 [1/1] (0.00ns)   --->   "%xn_visited_3_0_ret = extractvalue i624 %call_ret" [../Cpp/PHC_v23_v16_NPC/ThreadFunction.cpp:815]   --->   Operation 95 'extractvalue' 'xn_visited_3_0_ret' <Predicate = (icmp_ln814)> <Delay = 0.00>
ST_2 : Operation 96 [1/1] (0.00ns)   --->   "%xn_visited_3_1_ret = extractvalue i624 %call_ret" [../Cpp/PHC_v23_v16_NPC/ThreadFunction.cpp:815]   --->   Operation 96 'extractvalue' 'xn_visited_3_1_ret' <Predicate = (icmp_ln814)> <Delay = 0.00>
ST_2 : Operation 97 [1/1] (0.00ns)   --->   "%xn_visited_3_2_ret = extractvalue i624 %call_ret" [../Cpp/PHC_v23_v16_NPC/ThreadFunction.cpp:815]   --->   Operation 97 'extractvalue' 'xn_visited_3_2_ret' <Predicate = (icmp_ln814)> <Delay = 0.00>
ST_2 : Operation 98 [1/1] (0.00ns)   --->   "%xn_visited_3_3_ret = extractvalue i624 %call_ret" [../Cpp/PHC_v23_v16_NPC/ThreadFunction.cpp:815]   --->   Operation 98 'extractvalue' 'xn_visited_3_3_ret' <Predicate = (icmp_ln814)> <Delay = 0.00>
ST_2 : Operation 99 [1/1] (0.00ns)   --->   "%xn_visited_3_4_ret = extractvalue i624 %call_ret" [../Cpp/PHC_v23_v16_NPC/ThreadFunction.cpp:815]   --->   Operation 99 'extractvalue' 'xn_visited_3_4_ret' <Predicate = (icmp_ln814)> <Delay = 0.00>
ST_2 : Operation 100 [1/1] (0.00ns)   --->   "%xn_visited_3_5_ret = extractvalue i624 %call_ret" [../Cpp/PHC_v23_v16_NPC/ThreadFunction.cpp:815]   --->   Operation 100 'extractvalue' 'xn_visited_3_5_ret' <Predicate = (icmp_ln814)> <Delay = 0.00>
ST_2 : Operation 101 [1/1] (0.00ns)   --->   "%J_current_ret = extractvalue i624 %call_ret" [../Cpp/PHC_v23_v16_NPC/ThreadFunction.cpp:815]   --->   Operation 101 'extractvalue' 'J_current_ret' <Predicate = (icmp_ln814)> <Delay = 0.00>
ST_2 : Operation 102 [1/1] (0.00ns)   --->   "%J_visited_0_ret = extractvalue i624 %call_ret" [../Cpp/PHC_v23_v16_NPC/ThreadFunction.cpp:815]   --->   Operation 102 'extractvalue' 'J_visited_0_ret' <Predicate = (icmp_ln814)> <Delay = 0.00>
ST_2 : Operation 103 [1/1] (0.00ns)   --->   "%J_visited_1_ret = extractvalue i624 %call_ret" [../Cpp/PHC_v23_v16_NPC/ThreadFunction.cpp:815]   --->   Operation 103 'extractvalue' 'J_visited_1_ret' <Predicate = (icmp_ln814)> <Delay = 0.00>
ST_2 : Operation 104 [1/1] (0.00ns)   --->   "%J_visited_2_ret = extractvalue i624 %call_ret" [../Cpp/PHC_v23_v16_NPC/ThreadFunction.cpp:815]   --->   Operation 104 'extractvalue' 'J_visited_2_ret' <Predicate = (icmp_ln814)> <Delay = 0.00>
ST_2 : Operation 105 [1/1] (0.00ns)   --->   "%J_visited_3_ret = extractvalue i624 %call_ret" [../Cpp/PHC_v23_v16_NPC/ThreadFunction.cpp:815]   --->   Operation 105 'extractvalue' 'J_visited_3_ret' <Predicate = (icmp_ln814)> <Delay = 0.00>
ST_2 : Operation 106 [1/1] (1.02ns)   --->   "%br_ln822 = br void %if.end" [../Cpp/PHC_v23_v16_NPC/ThreadFunction.cpp:822]   --->   Operation 106 'br' 'br_ln822' <Predicate = (icmp_ln814)> <Delay = 1.02>
ST_2 : Operation 107 [1/1] (0.00ns)   --->   "%CalcNum_0 = phi i16 %CalcNum_ret, void %if.then, i16 %p_read136, void %entry" [../Cpp/PHC_v23_v16_NPC/ThreadFunction.cpp:815]   --->   Operation 107 'phi' 'CalcNum_0' <Predicate = true> <Delay = 0.00>
ST_2 : Operation 108 [1/1] (0.00ns)   --->   "%nextgate_0 = phi i8 %nextgate_ret, void %if.then, i8 %p_read338, void %entry" [../Cpp/PHC_v23_v16_NPC/ThreadFunction.cpp:815]   --->   Operation 108 'phi' 'nextgate_0' <Predicate = true> <Delay = 0.00>
ST_2 : Operation 109 [1/1] (0.00ns)   --->   "%index_0 = phi i8 %index_ret, void %if.then, i8 %p_read_830, void %entry" [../Cpp/PHC_v23_v16_NPC/ThreadFunction.cpp:815]   --->   Operation 109 'phi' 'index_0' <Predicate = true> <Delay = 0.00>
ST_2 : Operation 110 [1/1] (0.00ns)   --->   "%branch_0 = phi i8 %branch_ret, void %if.then, i8 %p_read3066, void %entry" [../Cpp/PHC_v23_v16_NPC/ThreadFunction.cpp:815]   --->   Operation 110 'phi' 'branch_0' <Predicate = true> <Delay = 0.00>
ST_2 : Operation 111 [1/1] (0.00ns)   --->   "%Jmin_0 = phi i32 %Jmin_ret, void %if.then, i32 %p_read35, void %entry" [../Cpp/PHC_v23_v16_NPC/ThreadFunction.cpp:815]   --->   Operation 111 'phi' 'Jmin_0' <Predicate = true> <Delay = 0.00>
ST_2 : Operation 112 [1/1] (0.00ns)   --->   "%state_0 = phi i8 %state_ret, void %if.then, i8 %p_read239, void %entry" [../Cpp/PHC_v23_v16_NPC/ThreadFunction.cpp:815]   --->   Operation 112 'phi' 'state_0' <Predicate = true> <Delay = 0.00>
ST_2 : Operation 113 [1/1] (0.00ns)   --->   "%xn_visited_0_0_0 = phi i16 %xn_visited_0_0_ret, void %if.then, i16 %p_read440, void %entry" [../Cpp/PHC_v23_v16_NPC/ThreadFunction.cpp:815]   --->   Operation 113 'phi' 'xn_visited_0_0_0' <Predicate = true> <Delay = 0.00>
ST_2 : Operation 114 [1/1] (0.00ns)   --->   "%xn_visited_0_1_0 = phi i16 %xn_visited_0_1_ret, void %if.then, i16 %p_read541, void %entry" [../Cpp/PHC_v23_v16_NPC/ThreadFunction.cpp:815]   --->   Operation 114 'phi' 'xn_visited_0_1_0' <Predicate = true> <Delay = 0.00>
ST_2 : Operation 115 [1/1] (0.00ns)   --->   "%xn_visited_0_2_0 = phi i16 %xn_visited_0_2_ret, void %if.then, i16 %p_read642, void %entry" [../Cpp/PHC_v23_v16_NPC/ThreadFunction.cpp:815]   --->   Operation 115 'phi' 'xn_visited_0_2_0' <Predicate = true> <Delay = 0.00>
ST_2 : Operation 116 [1/1] (0.00ns)   --->   "%xn_visited_0_3_0 = phi i16 %xn_visited_0_3_ret, void %if.then, i16 %p_read743, void %entry" [../Cpp/PHC_v23_v16_NPC/ThreadFunction.cpp:815]   --->   Operation 116 'phi' 'xn_visited_0_3_0' <Predicate = true> <Delay = 0.00>
ST_2 : Operation 117 [1/1] (0.00ns)   --->   "%xn_visited_0_4_0 = phi i16 %xn_visited_0_4_ret, void %if.then, i16 %p_read844, void %entry" [../Cpp/PHC_v23_v16_NPC/ThreadFunction.cpp:815]   --->   Operation 117 'phi' 'xn_visited_0_4_0' <Predicate = true> <Delay = 0.00>
ST_2 : Operation 118 [1/1] (0.00ns)   --->   "%xn_visited_0_5_0 = phi i16 %xn_visited_0_5_ret, void %if.then, i16 %p_read945, void %entry" [../Cpp/PHC_v23_v16_NPC/ThreadFunction.cpp:815]   --->   Operation 118 'phi' 'xn_visited_0_5_0' <Predicate = true> <Delay = 0.00>
ST_2 : Operation 119 [1/1] (0.00ns)   --->   "%xn_visited_1_0_0 = phi i16 %xn_visited_1_0_ret, void %if.then, i16 %p_read1046, void %entry" [../Cpp/PHC_v23_v16_NPC/ThreadFunction.cpp:815]   --->   Operation 119 'phi' 'xn_visited_1_0_0' <Predicate = true> <Delay = 0.00>
ST_2 : Operation 120 [1/1] (0.00ns)   --->   "%xn_visited_1_1_0 = phi i16 %xn_visited_1_1_ret, void %if.then, i16 %p_read1147, void %entry" [../Cpp/PHC_v23_v16_NPC/ThreadFunction.cpp:815]   --->   Operation 120 'phi' 'xn_visited_1_1_0' <Predicate = true> <Delay = 0.00>
ST_2 : Operation 121 [1/1] (0.00ns)   --->   "%xn_visited_1_2_0 = phi i16 %xn_visited_1_2_ret, void %if.then, i16 %p_read1248, void %entry" [../Cpp/PHC_v23_v16_NPC/ThreadFunction.cpp:815]   --->   Operation 121 'phi' 'xn_visited_1_2_0' <Predicate = true> <Delay = 0.00>
ST_2 : Operation 122 [1/1] (0.00ns)   --->   "%xn_visited_1_3_0 = phi i16 %xn_visited_1_3_ret, void %if.then, i16 %p_read1349, void %entry" [../Cpp/PHC_v23_v16_NPC/ThreadFunction.cpp:815]   --->   Operation 122 'phi' 'xn_visited_1_3_0' <Predicate = true> <Delay = 0.00>
ST_2 : Operation 123 [1/1] (0.00ns)   --->   "%xn_visited_1_4_0 = phi i16 %xn_visited_1_4_ret, void %if.then, i16 %p_read1450, void %entry" [../Cpp/PHC_v23_v16_NPC/ThreadFunction.cpp:815]   --->   Operation 123 'phi' 'xn_visited_1_4_0' <Predicate = true> <Delay = 0.00>
ST_2 : Operation 124 [1/1] (0.00ns)   --->   "%xn_visited_1_5_0 = phi i16 %xn_visited_1_5_ret, void %if.then, i16 %p_read1551, void %entry" [../Cpp/PHC_v23_v16_NPC/ThreadFunction.cpp:815]   --->   Operation 124 'phi' 'xn_visited_1_5_0' <Predicate = true> <Delay = 0.00>
ST_2 : Operation 125 [1/1] (0.00ns)   --->   "%xn_visited_2_0_0 = phi i16 %xn_visited_2_0_ret, void %if.then, i16 %p_read1652, void %entry" [../Cpp/PHC_v23_v16_NPC/ThreadFunction.cpp:815]   --->   Operation 125 'phi' 'xn_visited_2_0_0' <Predicate = true> <Delay = 0.00>
ST_2 : Operation 126 [1/1] (0.00ns)   --->   "%xn_visited_2_1_0 = phi i16 %xn_visited_2_1_ret, void %if.then, i16 %p_read1753, void %entry" [../Cpp/PHC_v23_v16_NPC/ThreadFunction.cpp:815]   --->   Operation 126 'phi' 'xn_visited_2_1_0' <Predicate = true> <Delay = 0.00>
ST_2 : Operation 127 [1/1] (0.00ns)   --->   "%xn_visited_2_2_0 = phi i16 %xn_visited_2_2_ret, void %if.then, i16 %p_read_832, void %entry" [../Cpp/PHC_v23_v16_NPC/ThreadFunction.cpp:815]   --->   Operation 127 'phi' 'xn_visited_2_2_0' <Predicate = true> <Delay = 0.00>
ST_2 : Operation 128 [1/1] (0.00ns)   --->   "%xn_visited_2_3_0 = phi i16 %xn_visited_2_3_ret, void %if.then, i16 %p_read_831, void %entry" [../Cpp/PHC_v23_v16_NPC/ThreadFunction.cpp:815]   --->   Operation 128 'phi' 'xn_visited_2_3_0' <Predicate = true> <Delay = 0.00>
ST_2 : Operation 129 [1/1] (0.00ns)   --->   "%xn_visited_2_4_0 = phi i16 %xn_visited_2_4_ret, void %if.then, i16 %p_read2056, void %entry" [../Cpp/PHC_v23_v16_NPC/ThreadFunction.cpp:815]   --->   Operation 129 'phi' 'xn_visited_2_4_0' <Predicate = true> <Delay = 0.00>
ST_2 : Operation 130 [1/1] (0.00ns)   --->   "%xn_visited_2_5_0 = phi i16 %xn_visited_2_5_ret, void %if.then, i16 %p_read2157, void %entry" [../Cpp/PHC_v23_v16_NPC/ThreadFunction.cpp:815]   --->   Operation 130 'phi' 'xn_visited_2_5_0' <Predicate = true> <Delay = 0.00>
ST_2 : Operation 131 [1/1] (0.00ns)   --->   "%xn_visited_3_0_0 = phi i16 %xn_visited_3_0_ret, void %if.then, i16 %p_read2258, void %entry" [../Cpp/PHC_v23_v16_NPC/ThreadFunction.cpp:815]   --->   Operation 131 'phi' 'xn_visited_3_0_0' <Predicate = true> <Delay = 0.00>
ST_2 : Operation 132 [1/1] (0.00ns)   --->   "%xn_visited_3_1_0 = phi i16 %xn_visited_3_1_ret, void %if.then, i16 %p_read2359, void %entry" [../Cpp/PHC_v23_v16_NPC/ThreadFunction.cpp:815]   --->   Operation 132 'phi' 'xn_visited_3_1_0' <Predicate = true> <Delay = 0.00>
ST_2 : Operation 133 [1/1] (0.00ns)   --->   "%xn_visited_3_2_0 = phi i16 %xn_visited_3_2_ret, void %if.then, i16 %p_read2460, void %entry" [../Cpp/PHC_v23_v16_NPC/ThreadFunction.cpp:815]   --->   Operation 133 'phi' 'xn_visited_3_2_0' <Predicate = true> <Delay = 0.00>
ST_2 : Operation 134 [1/1] (0.00ns)   --->   "%xn_visited_3_3_0 = phi i16 %xn_visited_3_3_ret, void %if.then, i16 %p_read2561, void %entry" [../Cpp/PHC_v23_v16_NPC/ThreadFunction.cpp:815]   --->   Operation 134 'phi' 'xn_visited_3_3_0' <Predicate = true> <Delay = 0.00>
ST_2 : Operation 135 [1/1] (0.00ns)   --->   "%xn_visited_3_4_0 = phi i16 %xn_visited_3_4_ret, void %if.then, i16 %p_read2662, void %entry" [../Cpp/PHC_v23_v16_NPC/ThreadFunction.cpp:815]   --->   Operation 135 'phi' 'xn_visited_3_4_0' <Predicate = true> <Delay = 0.00>
ST_2 : Operation 136 [1/1] (0.00ns)   --->   "%xn_visited_3_5_0 = phi i16 %xn_visited_3_5_ret, void %if.then, i16 %p_read2763, void %entry" [../Cpp/PHC_v23_v16_NPC/ThreadFunction.cpp:815]   --->   Operation 136 'phi' 'xn_visited_3_5_0' <Predicate = true> <Delay = 0.00>
ST_2 : Operation 137 [1/1] (0.00ns)   --->   "%J_current_0 = phi i32 %J_current_ret, void %if.then, i32 %p_read_829, void %entry" [../Cpp/PHC_v23_v16_NPC/ThreadFunction.cpp:815]   --->   Operation 137 'phi' 'J_current_0' <Predicate = true> <Delay = 0.00>
ST_2 : Operation 138 [1/1] (0.00ns)   --->   "%J_visited_0_0 = phi i32 %J_visited_0_ret, void %if.then, i32 %p_read3169, void %entry" [../Cpp/PHC_v23_v16_NPC/ThreadFunction.cpp:815]   --->   Operation 138 'phi' 'J_visited_0_0' <Predicate = true> <Delay = 0.00>
ST_2 : Operation 139 [1/1] (0.00ns)   --->   "%J_visited_1_0 = phi i32 %J_visited_1_ret, void %if.then, i32 %p_read3270, void %entry" [../Cpp/PHC_v23_v16_NPC/ThreadFunction.cpp:815]   --->   Operation 139 'phi' 'J_visited_1_0' <Predicate = true> <Delay = 0.00>
ST_2 : Operation 140 [1/1] (0.00ns)   --->   "%J_visited_2_0 = phi i32 %J_visited_2_ret, void %if.then, i32 %p_read3371, void %entry" [../Cpp/PHC_v23_v16_NPC/ThreadFunction.cpp:815]   --->   Operation 140 'phi' 'J_visited_2_0' <Predicate = true> <Delay = 0.00>
ST_2 : Operation 141 [1/1] (0.00ns)   --->   "%J_visited_3_0 = phi i32 %J_visited_3_ret, void %if.then, i32 %p_read3472, void %entry" [../Cpp/PHC_v23_v16_NPC/ThreadFunction.cpp:815]   --->   Operation 141 'phi' 'J_visited_3_0' <Predicate = true> <Delay = 0.00>
ST_2 : Operation 142 [1/1] (0.00ns)   --->   "%mrv_039 = insertvalue i624 <undef>, i16 %CalcNum_0" [../Cpp/PHC_v23_v16_NPC/ThreadFunction.cpp:823]   --->   Operation 142 'insertvalue' 'mrv_039' <Predicate = true> <Delay = 0.00>
ST_2 : Operation 143 [1/1] (0.00ns)   --->   "%mrv_140 = insertvalue i624 %mrv_039, i8 %nextgate_0" [../Cpp/PHC_v23_v16_NPC/ThreadFunction.cpp:823]   --->   Operation 143 'insertvalue' 'mrv_140' <Predicate = true> <Delay = 0.00>
ST_2 : Operation 144 [1/1] (0.00ns)   --->   "%mrv_241 = insertvalue i624 %mrv_140, i8 %index_0" [../Cpp/PHC_v23_v16_NPC/ThreadFunction.cpp:823]   --->   Operation 144 'insertvalue' 'mrv_241' <Predicate = true> <Delay = 0.00>
ST_2 : Operation 145 [1/1] (0.00ns)   --->   "%mrv_342 = insertvalue i624 %mrv_241, i8 %branch_0" [../Cpp/PHC_v23_v16_NPC/ThreadFunction.cpp:823]   --->   Operation 145 'insertvalue' 'mrv_342' <Predicate = true> <Delay = 0.00>
ST_2 : Operation 146 [1/1] (0.00ns)   --->   "%mrv_4 = insertvalue i624 %mrv_342, i32 %Jmin_0" [../Cpp/PHC_v23_v16_NPC/ThreadFunction.cpp:823]   --->   Operation 146 'insertvalue' 'mrv_4' <Predicate = true> <Delay = 0.00>
ST_2 : Operation 147 [1/1] (0.00ns)   --->   "%mrv_5 = insertvalue i624 %mrv_4, i8 %state_0" [../Cpp/PHC_v23_v16_NPC/ThreadFunction.cpp:823]   --->   Operation 147 'insertvalue' 'mrv_5' <Predicate = true> <Delay = 0.00>
ST_2 : Operation 148 [1/1] (0.00ns)   --->   "%mrv_6 = insertvalue i624 %mrv_5, i16 %xn_visited_0_0_0" [../Cpp/PHC_v23_v16_NPC/ThreadFunction.cpp:823]   --->   Operation 148 'insertvalue' 'mrv_6' <Predicate = true> <Delay = 0.00>
ST_2 : Operation 149 [1/1] (0.00ns)   --->   "%mrv_7 = insertvalue i624 %mrv_6, i16 %xn_visited_0_1_0" [../Cpp/PHC_v23_v16_NPC/ThreadFunction.cpp:823]   --->   Operation 149 'insertvalue' 'mrv_7' <Predicate = true> <Delay = 0.00>
ST_2 : Operation 150 [1/1] (0.00ns)   --->   "%mrv_8 = insertvalue i624 %mrv_7, i16 %xn_visited_0_2_0" [../Cpp/PHC_v23_v16_NPC/ThreadFunction.cpp:823]   --->   Operation 150 'insertvalue' 'mrv_8' <Predicate = true> <Delay = 0.00>
ST_2 : Operation 151 [1/1] (0.00ns)   --->   "%mrv_9 = insertvalue i624 %mrv_8, i16 %xn_visited_0_3_0" [../Cpp/PHC_v23_v16_NPC/ThreadFunction.cpp:823]   --->   Operation 151 'insertvalue' 'mrv_9' <Predicate = true> <Delay = 0.00>
ST_2 : Operation 152 [1/1] (0.00ns)   --->   "%mrv_10 = insertvalue i624 %mrv_9, i16 %xn_visited_0_4_0" [../Cpp/PHC_v23_v16_NPC/ThreadFunction.cpp:823]   --->   Operation 152 'insertvalue' 'mrv_10' <Predicate = true> <Delay = 0.00>
ST_2 : Operation 153 [1/1] (0.00ns)   --->   "%mrv_11 = insertvalue i624 %mrv_10, i16 %xn_visited_0_5_0" [../Cpp/PHC_v23_v16_NPC/ThreadFunction.cpp:823]   --->   Operation 153 'insertvalue' 'mrv_11' <Predicate = true> <Delay = 0.00>
ST_2 : Operation 154 [1/1] (0.00ns)   --->   "%mrv_12 = insertvalue i624 %mrv_11, i16 %xn_visited_1_0_0" [../Cpp/PHC_v23_v16_NPC/ThreadFunction.cpp:823]   --->   Operation 154 'insertvalue' 'mrv_12' <Predicate = true> <Delay = 0.00>
ST_2 : Operation 155 [1/1] (0.00ns)   --->   "%mrv_13 = insertvalue i624 %mrv_12, i16 %xn_visited_1_1_0" [../Cpp/PHC_v23_v16_NPC/ThreadFunction.cpp:823]   --->   Operation 155 'insertvalue' 'mrv_13' <Predicate = true> <Delay = 0.00>
ST_2 : Operation 156 [1/1] (0.00ns)   --->   "%mrv_14 = insertvalue i624 %mrv_13, i16 %xn_visited_1_2_0" [../Cpp/PHC_v23_v16_NPC/ThreadFunction.cpp:823]   --->   Operation 156 'insertvalue' 'mrv_14' <Predicate = true> <Delay = 0.00>
ST_2 : Operation 157 [1/1] (0.00ns)   --->   "%mrv_15 = insertvalue i624 %mrv_14, i16 %xn_visited_1_3_0" [../Cpp/PHC_v23_v16_NPC/ThreadFunction.cpp:823]   --->   Operation 157 'insertvalue' 'mrv_15' <Predicate = true> <Delay = 0.00>
ST_2 : Operation 158 [1/1] (0.00ns)   --->   "%mrv_16 = insertvalue i624 %mrv_15, i16 %xn_visited_1_4_0" [../Cpp/PHC_v23_v16_NPC/ThreadFunction.cpp:823]   --->   Operation 158 'insertvalue' 'mrv_16' <Predicate = true> <Delay = 0.00>
ST_2 : Operation 159 [1/1] (0.00ns)   --->   "%mrv_17 = insertvalue i624 %mrv_16, i16 %xn_visited_1_5_0" [../Cpp/PHC_v23_v16_NPC/ThreadFunction.cpp:823]   --->   Operation 159 'insertvalue' 'mrv_17' <Predicate = true> <Delay = 0.00>
ST_2 : Operation 160 [1/1] (0.00ns)   --->   "%mrv_18 = insertvalue i624 %mrv_17, i16 %xn_visited_2_0_0" [../Cpp/PHC_v23_v16_NPC/ThreadFunction.cpp:823]   --->   Operation 160 'insertvalue' 'mrv_18' <Predicate = true> <Delay = 0.00>
ST_2 : Operation 161 [1/1] (0.00ns)   --->   "%mrv_19 = insertvalue i624 %mrv_18, i16 %xn_visited_2_1_0" [../Cpp/PHC_v23_v16_NPC/ThreadFunction.cpp:823]   --->   Operation 161 'insertvalue' 'mrv_19' <Predicate = true> <Delay = 0.00>
ST_2 : Operation 162 [1/1] (0.00ns)   --->   "%mrv_20 = insertvalue i624 %mrv_19, i16 %xn_visited_2_2_0" [../Cpp/PHC_v23_v16_NPC/ThreadFunction.cpp:823]   --->   Operation 162 'insertvalue' 'mrv_20' <Predicate = true> <Delay = 0.00>
ST_2 : Operation 163 [1/1] (0.00ns)   --->   "%mrv_21 = insertvalue i624 %mrv_20, i16 %xn_visited_2_3_0" [../Cpp/PHC_v23_v16_NPC/ThreadFunction.cpp:823]   --->   Operation 163 'insertvalue' 'mrv_21' <Predicate = true> <Delay = 0.00>
ST_2 : Operation 164 [1/1] (0.00ns)   --->   "%mrv_22 = insertvalue i624 %mrv_21, i16 %xn_visited_2_4_0" [../Cpp/PHC_v23_v16_NPC/ThreadFunction.cpp:823]   --->   Operation 164 'insertvalue' 'mrv_22' <Predicate = true> <Delay = 0.00>
ST_2 : Operation 165 [1/1] (0.00ns)   --->   "%mrv_23 = insertvalue i624 %mrv_22, i16 %xn_visited_2_5_0" [../Cpp/PHC_v23_v16_NPC/ThreadFunction.cpp:823]   --->   Operation 165 'insertvalue' 'mrv_23' <Predicate = true> <Delay = 0.00>
ST_2 : Operation 166 [1/1] (0.00ns)   --->   "%mrv_24 = insertvalue i624 %mrv_23, i16 %xn_visited_3_0_0" [../Cpp/PHC_v23_v16_NPC/ThreadFunction.cpp:823]   --->   Operation 166 'insertvalue' 'mrv_24' <Predicate = true> <Delay = 0.00>
ST_2 : Operation 167 [1/1] (0.00ns)   --->   "%mrv_25 = insertvalue i624 %mrv_24, i16 %xn_visited_3_1_0" [../Cpp/PHC_v23_v16_NPC/ThreadFunction.cpp:823]   --->   Operation 167 'insertvalue' 'mrv_25' <Predicate = true> <Delay = 0.00>
ST_2 : Operation 168 [1/1] (0.00ns)   --->   "%mrv_26 = insertvalue i624 %mrv_25, i16 %xn_visited_3_2_0" [../Cpp/PHC_v23_v16_NPC/ThreadFunction.cpp:823]   --->   Operation 168 'insertvalue' 'mrv_26' <Predicate = true> <Delay = 0.00>
ST_2 : Operation 169 [1/1] (0.00ns)   --->   "%mrv_27 = insertvalue i624 %mrv_26, i16 %xn_visited_3_3_0" [../Cpp/PHC_v23_v16_NPC/ThreadFunction.cpp:823]   --->   Operation 169 'insertvalue' 'mrv_27' <Predicate = true> <Delay = 0.00>
ST_2 : Operation 170 [1/1] (0.00ns)   --->   "%mrv_28 = insertvalue i624 %mrv_27, i16 %xn_visited_3_4_0" [../Cpp/PHC_v23_v16_NPC/ThreadFunction.cpp:823]   --->   Operation 170 'insertvalue' 'mrv_28' <Predicate = true> <Delay = 0.00>
ST_2 : Operation 171 [1/1] (0.00ns)   --->   "%mrv_29 = insertvalue i624 %mrv_28, i16 %xn_visited_3_5_0" [../Cpp/PHC_v23_v16_NPC/ThreadFunction.cpp:823]   --->   Operation 171 'insertvalue' 'mrv_29' <Predicate = true> <Delay = 0.00>
ST_2 : Operation 172 [1/1] (0.00ns)   --->   "%mrv_30 = insertvalue i624 %mrv_29, i32 %J_current_0" [../Cpp/PHC_v23_v16_NPC/ThreadFunction.cpp:823]   --->   Operation 172 'insertvalue' 'mrv_30' <Predicate = true> <Delay = 0.00>
ST_2 : Operation 173 [1/1] (0.00ns)   --->   "%mrv_31 = insertvalue i624 %mrv_30, i32 %J_visited_0_0" [../Cpp/PHC_v23_v16_NPC/ThreadFunction.cpp:823]   --->   Operation 173 'insertvalue' 'mrv_31' <Predicate = true> <Delay = 0.00>
ST_2 : Operation 174 [1/1] (0.00ns)   --->   "%mrv_32 = insertvalue i624 %mrv_31, i32 %J_visited_1_0" [../Cpp/PHC_v23_v16_NPC/ThreadFunction.cpp:823]   --->   Operation 174 'insertvalue' 'mrv_32' <Predicate = true> <Delay = 0.00>
ST_2 : Operation 175 [1/1] (0.00ns)   --->   "%mrv_33 = insertvalue i624 %mrv_32, i32 %J_visited_2_0" [../Cpp/PHC_v23_v16_NPC/ThreadFunction.cpp:823]   --->   Operation 175 'insertvalue' 'mrv_33' <Predicate = true> <Delay = 0.00>
ST_2 : Operation 176 [1/1] (0.00ns)   --->   "%mrv_34 = insertvalue i624 %mrv_33, i32 %J_visited_3_0" [../Cpp/PHC_v23_v16_NPC/ThreadFunction.cpp:823]   --->   Operation 176 'insertvalue' 'mrv_34' <Predicate = true> <Delay = 0.00>
ST_2 : Operation 177 [1/1] (0.00ns)   --->   "%ret_ln823 = ret i624 %mrv_34" [../Cpp/PHC_v23_v16_NPC/ThreadFunction.cpp:823]   --->   Operation 177 'ret' 'ret_ln823' <Predicate = true> <Delay = 0.00>


============================================================
+ Verbose Summary: Timing violations
============================================================
Target clock period: 10ns, clock uncertainty: 2.7ns.

 <State 1>: 4.92ns
The critical path consists of the following:
	wire read operation ('Q_switchConst_IGBT_read') on port 'Q_switchConst_IGBT' [75]  (0 ns)
	'call' operation ('call_ret', ../Cpp/PHC_v23_v16_NPC/ThreadFunction.cpp:815) to 'ThreadPE' [142]  (3.73 ns)
	blocking operation 1.19 ns on control path)

 <State 2>: 6.24ns
The critical path consists of the following:
	'call' operation ('call_ret', ../Cpp/PHC_v23_v16_NPC/ThreadFunction.cpp:815) to 'ThreadPE' [142]  (5.21 ns)
	multiplexor before 'phi' operation ('CalcNum_0', ../Cpp/PHC_v23_v16_NPC/ThreadFunction.cpp:815) with incoming values : ('p_read136') ('CalcNum_ret', ../Cpp/PHC_v23_v16_NPC/ThreadFunction.cpp:815) [180]  (1.03 ns)
	'phi' operation ('CalcNum_0', ../Cpp/PHC_v23_v16_NPC/ThreadFunction.cpp:815) with incoming values : ('p_read136') ('CalcNum_ret', ../Cpp/PHC_v23_v16_NPC/ThreadFunction.cpp:815) [180]  (0 ns)


============================================================
+ Verbose Summary: Binding
============================================================
N/A
* FSMD analyzer results:
  - Output states:
 - Input state : 
  - Chain level:
	State 1
	State 2


============================================================
+ Verbose Summary: Datapath Resource usage 
============================================================
N/A
