

================================================================
== Vitis HLS Report for 'MPCallocate_0627'
================================================================
* Date:           Mon Feb 12 12:28:57 2024

* Version:        2022.1 (Build 3526262 on Mon Apr 18 15:48:16 MDT 2022)
* Project:        HLS_v1_v4_NPC_SDA_20khz
* Solution:       solution1 (Vivado IP Flow Target)
* Product family: kintex7
* Target device:  xc7k410t-fbg900-1


================================================================
== Performance Estimates
================================================================
+ Timing: 
    * Summary: 
    +--------+----------+----------+------------+
    |  Clock |  Target  | Estimated| Uncertainty|
    +--------+----------+----------+------------+
    |ap_clk  |  10.00 ns|  4.681 ns|     2.70 ns|
    +--------+----------+----------+------------+

+ Latency: 
    * Summary: 
    +---------+---------+----------+----------+-----+-----+---------+
    |  Latency (cycles) |  Latency (absolute) |  Interval | Pipeline|
    |   min   |   max   |    min   |    max   | min | max |   Type  |
    +---------+---------+----------+----------+-----+-----+---------+
    |        0|        0|      0 ns|      0 ns|    0|    0|       no|
    +---------+---------+----------+----------+-----+-----+---------+

    + Detail: 
        * Instance: 
        N/A

        * Loop: 
        N/A



================================================================
== Utilization Estimates
================================================================
* Summary: 
+-----------------+---------+------+--------+--------+-----+
|       Name      | BRAM_18K|  DSP |   FF   |   LUT  | URAM|
+-----------------+---------+------+--------+--------+-----+
|DSP              |        -|     -|       -|       -|    -|
|Expression       |        -|     -|       0|     950|    -|
|FIFO             |        -|     -|       -|       -|    -|
|Instance         |        -|     -|       0|     592|    -|
|Memory           |        -|     -|       -|       -|    -|
|Multiplexer      |        -|     -|       -|       -|    -|
|Register         |        -|     -|       -|       -|    -|
+-----------------+---------+------+--------+--------+-----+
|Total            |        0|     0|       0|    1542|    0|
+-----------------+---------+------+--------+--------+-----+
|Available        |     1590|  1540|  508400|  254200|    0|
+-----------------+---------+------+--------+--------+-----+
|Utilization (%)  |        0|     0|       0|      ~0|    0|
+-----------------+---------+------+--------+--------+-----+

+ Detail: 
    * Instance: 
    +------------------+--------------+---------+----+---+----+-----+
    |     Instance     |    Module    | BRAM_18K| DSP| FF| LUT| URAM|
    +------------------+--------------+---------+----+---+----+-----+
    |mux_98_8_1_1_U17  |mux_98_8_1_1  |        0|   0|  0|  37|    0|
    |mux_98_8_1_1_U18  |mux_98_8_1_1  |        0|   0|  0|  37|    0|
    |mux_98_8_1_1_U19  |mux_98_8_1_1  |        0|   0|  0|  37|    0|
    |mux_98_8_1_1_U20  |mux_98_8_1_1  |        0|   0|  0|  37|    0|
    |mux_98_8_1_1_U21  |mux_98_8_1_1  |        0|   0|  0|  37|    0|
    |mux_98_8_1_1_U22  |mux_98_8_1_1  |        0|   0|  0|  37|    0|
    |mux_98_8_1_1_U23  |mux_98_8_1_1  |        0|   0|  0|  37|    0|
    |mux_98_8_1_1_U24  |mux_98_8_1_1  |        0|   0|  0|  37|    0|
    |mux_98_8_1_1_U25  |mux_98_8_1_1  |        0|   0|  0|  37|    0|
    |mux_98_8_1_1_U26  |mux_98_8_1_1  |        0|   0|  0|  37|    0|
    |mux_98_8_1_1_U27  |mux_98_8_1_1  |        0|   0|  0|  37|    0|
    |mux_98_8_1_1_U28  |mux_98_8_1_1  |        0|   0|  0|  37|    0|
    |mux_98_8_1_1_U29  |mux_98_8_1_1  |        0|   0|  0|  37|    0|
    |mux_98_8_1_1_U30  |mux_98_8_1_1  |        0|   0|  0|  37|    0|
    |mux_98_8_1_1_U31  |mux_98_8_1_1  |        0|   0|  0|  37|    0|
    |mux_98_8_1_1_U32  |mux_98_8_1_1  |        0|   0|  0|  37|    0|
    +------------------+--------------+---------+----+---+----+-----+
    |Total             |              |        0|   0|  0| 592|    0|
    +------------------+--------------+---------+----+---+----+-----+

    * DSP: 
    N/A

    * Memory: 
    N/A

    * FIFO: 
    N/A

    * Expression: 
    +-----------------------------------+----------+----+---+----+------------+------------+
    |           Variable Name           | Operation| DSP| FF| LUT| Bitwidth P0| Bitwidth P1|
    +-----------------------------------+----------+----+---+----+------------+------------+
    |t1_V_10_fu_2048_p2                 |         +|   0|  0|  15|           8|           8|
    |t1_V_11_fu_2104_p2                 |         +|   0|  0|  15|           8|           8|
    |t1_V_12_fu_2160_p2                 |         +|   0|  0|  15|           8|           8|
    |t1_V_13_fu_2216_p2                 |         +|   0|  0|  15|           8|           8|
    |t1_V_14_fu_2272_p2                 |         +|   0|  0|  15|           8|           8|
    |t1_V_15_fu_2328_p2                 |         +|   0|  0|  15|           8|           8|
    |t1_V_1_fu_1544_p2                  |         +|   0|  0|  15|           8|           8|
    |t1_V_2_fu_1600_p2                  |         +|   0|  0|  15|           8|           8|
    |t1_V_3_fu_1656_p2                  |         +|   0|  0|  15|           8|           8|
    |t1_V_4_fu_1712_p2                  |         +|   0|  0|  15|           8|           8|
    |t1_V_5_fu_1768_p2                  |         +|   0|  0|  15|           8|           8|
    |t1_V_6_fu_1824_p2                  |         +|   0|  0|  15|           8|           8|
    |t1_V_7_fu_1880_p2                  |         +|   0|  0|  15|           8|           8|
    |t1_V_8_fu_1936_p2                  |         +|   0|  0|  15|           8|           8|
    |t1_V_9_fu_1992_p2                  |         +|   0|  0|  15|           8|           8|
    |t1_V_fu_1468_p2                    |         +|   0|  0|  15|           8|           8|
    |getWokerList_buffer_11_fu_1842_p2  |         -|   0|  0|  15|           5|           8|
    |getWokerList_buffer_13_fu_1898_p2  |         -|   0|  0|  15|           5|           8|
    |getWokerList_buffer_15_fu_1954_p2  |         -|   0|  0|  15|           5|           8|
    |getWokerList_buffer_17_fu_2010_p2  |         -|   0|  0|  15|           5|           8|
    |getWokerList_buffer_19_fu_2066_p2  |         -|   0|  0|  15|           5|           8|
    |getWokerList_buffer_1_fu_1562_p2   |         -|   0|  0|  15|           5|           8|
    |getWokerList_buffer_21_fu_2122_p2  |         -|   0|  0|  15|           5|           8|
    |getWokerList_buffer_23_fu_2178_p2  |         -|   0|  0|  15|           5|           8|
    |getWokerList_buffer_25_fu_2234_p2  |         -|   0|  0|  15|           5|           8|
    |getWokerList_buffer_27_fu_2290_p2  |         -|   0|  0|  15|           5|           8|
    |getWokerList_buffer_29_fu_2346_p2  |         -|   0|  0|  15|           5|           8|
    |getWokerList_buffer_3_fu_1618_p2   |         -|   0|  0|  15|           5|           8|
    |getWokerList_buffer_5_fu_1674_p2   |         -|   0|  0|  15|           5|           8|
    |getWokerList_buffer_7_fu_1730_p2   |         -|   0|  0|  15|           5|           8|
    |getWokerList_buffer_9_fu_1786_p2   |         -|   0|  0|  15|           5|           8|
    |sub_ln938_fu_1506_p2               |         -|   0|  0|  15|           8|           8|
    |and_ln937_fu_1486_p2               |       and|   0|  0|   6|           1|           1|
    |getHelperList_buffer_fu_1430_p2    |      icmp|   0|  0|  11|           8|           2|
    |icmp_ln1065_10_fu_1780_p2          |      icmp|   0|  0|  11|           8|           1|
    |icmp_ln1065_11_fu_1836_p2          |      icmp|   0|  0|  11|           8|           1|
    |icmp_ln1065_12_fu_1892_p2          |      icmp|   0|  0|  11|           8|           1|
    |icmp_ln1065_13_fu_1948_p2          |      icmp|   0|  0|  11|           8|           1|
    |icmp_ln1065_14_fu_2004_p2          |      icmp|   0|  0|  11|           8|           1|
    |icmp_ln1065_15_fu_2060_p2          |      icmp|   0|  0|  11|           8|           1|
    |icmp_ln1065_16_fu_2116_p2          |      icmp|   0|  0|  11|           8|           1|
    |icmp_ln1065_17_fu_2172_p2          |      icmp|   0|  0|  11|           8|           1|
    |icmp_ln1065_18_fu_2228_p2          |      icmp|   0|  0|  11|           8|           1|
    |icmp_ln1065_19_fu_2284_p2          |      icmp|   0|  0|  11|           8|           1|
    |icmp_ln1065_20_fu_2340_p2          |      icmp|   0|  0|  11|           8|           1|
    |icmp_ln1065_5_fu_1492_p2           |      icmp|   0|  0|  11|           8|           1|
    |icmp_ln1065_6_fu_1556_p2           |      icmp|   0|  0|  11|           8|           1|
    |icmp_ln1065_7_fu_1612_p2           |      icmp|   0|  0|  11|           8|           1|
    |icmp_ln1065_8_fu_1668_p2           |      icmp|   0|  0|  11|           8|           1|
    |icmp_ln1065_9_fu_1724_p2           |      icmp|   0|  0|  11|           8|           1|
    |icmp_ln1065_fu_1474_p2             |      icmp|   0|  0|  11|           8|           1|
    |icmp_ln1073_fu_1480_p2             |      icmp|   0|  0|  11|           8|           5|
    |getWokerList_buffer_10_fu_1792_p3  |    select|   0|  0|   8|           1|           8|
    |getWokerList_buffer_12_fu_1848_p3  |    select|   0|  0|   8|           1|           8|
    |getWokerList_buffer_14_fu_1904_p3  |    select|   0|  0|   8|           1|           8|
    |getWokerList_buffer_16_fu_1960_p3  |    select|   0|  0|   8|           1|           8|
    |getWokerList_buffer_18_fu_2016_p3  |    select|   0|  0|   8|           1|           8|
    |getWokerList_buffer_20_fu_2072_p3  |    select|   0|  0|   8|           1|           8|
    |getWokerList_buffer_22_fu_2128_p3  |    select|   0|  0|   8|           1|           8|
    |getWokerList_buffer_24_fu_2184_p3  |    select|   0|  0|   8|           1|           8|
    |getWokerList_buffer_26_fu_2240_p3  |    select|   0|  0|   8|           1|           8|
    |getWokerList_buffer_28_fu_2296_p3  |    select|   0|  0|   8|           1|           8|
    |getWokerList_buffer_2_fu_1568_p3   |    select|   0|  0|   8|           1|           8|
    |getWokerList_buffer_30_fu_2352_p3  |    select|   0|  0|   8|           1|           8|
    |getWokerList_buffer_4_fu_1624_p3   |    select|   0|  0|   8|           1|           8|
    |getWokerList_buffer_6_fu_1680_p3   |    select|   0|  0|   8|           1|           8|
    |getWokerList_buffer_8_fu_1736_p3   |    select|   0|  0|   8|           1|           8|
    |getWokerList_buffer_fu_1512_p3     |    select|   0|  0|   8|           1|           8|
    |select_ln859_fu_1436_p3            |    select|   0|  0|   2|           1|           2|
    |select_ln938_fu_1498_p3            |    select|   0|  0|   5|           1|           2|
    |t2_V_10_fu_2110_p2                 |       xor|   0|  0|   8|           8|           2|
    |t2_V_11_fu_2166_p2                 |       xor|   0|  0|   8|           8|           2|
    |t2_V_12_fu_2222_p2                 |       xor|   0|  0|   8|           8|           2|
    |t2_V_13_fu_2278_p2                 |       xor|   0|  0|   8|           8|           2|
    |t2_V_14_fu_2334_p2                 |       xor|   0|  0|   8|           8|           2|
    |t2_V_1_fu_1606_p2                  |       xor|   0|  0|   8|           8|           2|
    |t2_V_2_fu_1662_p2                  |       xor|   0|  0|   8|           8|           2|
    |t2_V_3_fu_1718_p2                  |       xor|   0|  0|   8|           8|           2|
    |t2_V_4_fu_1774_p2                  |       xor|   0|  0|   8|           8|           2|
    |t2_V_5_fu_1830_p2                  |       xor|   0|  0|   8|           8|           2|
    |t2_V_6_fu_1886_p2                  |       xor|   0|  0|   8|           8|           2|
    |t2_V_7_fu_1942_p2                  |       xor|   0|  0|   8|           8|           2|
    |t2_V_8_fu_1998_p2                  |       xor|   0|  0|   8|           8|           2|
    |t2_V_9_fu_2054_p2                  |       xor|   0|  0|   8|           8|           2|
    |t2_V_fu_1550_p2                    |       xor|   0|  0|   8|           8|           2|
    +-----------------------------------+----------+----+---+----+------------+------------+
    |Total                              |          |   0|  0| 950|         502|         443|
    +-----------------------------------+----------+----+---+----+------------+------------+

    * Multiplexer: 
    N/A

    * Register: 
    N/A



================================================================
== Interface
================================================================
* Summary: 
+--------------+-----+-----+------------+------------------+--------------+
|   RTL Ports  | Dir | Bits|  Protocol  |   Source Object  |    C Type    |
+--------------+-----+-----+------------+------------------+--------------+
|ap_ready      |  out|    1|  ap_ctrl_hs|  MPCallocate_0627|  return value|
|ap_return_0   |  out|    8|  ap_ctrl_hs|  MPCallocate_0627|  return value|
|ap_return_1   |  out|    8|  ap_ctrl_hs|  MPCallocate_0627|  return value|
|ap_return_2   |  out|    8|  ap_ctrl_hs|  MPCallocate_0627|  return value|
|ap_return_3   |  out|    8|  ap_ctrl_hs|  MPCallocate_0627|  return value|
|ap_return_4   |  out|    8|  ap_ctrl_hs|  MPCallocate_0627|  return value|
|ap_return_5   |  out|    8|  ap_ctrl_hs|  MPCallocate_0627|  return value|
|ap_return_6   |  out|    8|  ap_ctrl_hs|  MPCallocate_0627|  return value|
|ap_return_7   |  out|    8|  ap_ctrl_hs|  MPCallocate_0627|  return value|
|ap_return_8   |  out|    8|  ap_ctrl_hs|  MPCallocate_0627|  return value|
|ap_return_9   |  out|    8|  ap_ctrl_hs|  MPCallocate_0627|  return value|
|ap_return_10  |  out|    8|  ap_ctrl_hs|  MPCallocate_0627|  return value|
|ap_return_11  |  out|    8|  ap_ctrl_hs|  MPCallocate_0627|  return value|
|ap_return_12  |  out|    8|  ap_ctrl_hs|  MPCallocate_0627|  return value|
|ap_return_13  |  out|    8|  ap_ctrl_hs|  MPCallocate_0627|  return value|
|ap_return_14  |  out|    8|  ap_ctrl_hs|  MPCallocate_0627|  return value|
|ap_return_15  |  out|    8|  ap_ctrl_hs|  MPCallocate_0627|  return value|
|ap_return_16  |  out|    8|  ap_ctrl_hs|  MPCallocate_0627|  return value|
|ap_ce         |   in|    1|  ap_ctrl_hs|  MPCallocate_0627|  return value|
|p_read        |   in|    8|     ap_none|            p_read|        scalar|
|p_read16      |   in|    8|     ap_none|          p_read16|        scalar|
|p_read17      |   in|    8|     ap_none|          p_read17|        scalar|
|p_read18      |   in|    8|     ap_none|          p_read18|        scalar|
|p_read19      |   in|    8|     ap_none|          p_read19|        scalar|
|p_read20      |   in|    8|     ap_none|          p_read20|        scalar|
|p_read21      |   in|    8|     ap_none|          p_read21|        scalar|
|p_read22      |   in|    8|     ap_none|          p_read22|        scalar|
|p_read23      |   in|    8|     ap_none|          p_read23|        scalar|
|p_read24      |   in|    8|     ap_none|          p_read24|        scalar|
|p_read25      |   in|    8|     ap_none|          p_read25|        scalar|
|p_read26      |   in|    8|     ap_none|          p_read26|        scalar|
|p_read27      |   in|    8|     ap_none|          p_read27|        scalar|
|p_read28      |   in|    8|     ap_none|          p_read28|        scalar|
|p_read29      |   in|    8|     ap_none|          p_read29|        scalar|
|p_read30      |   in|    8|     ap_none|          p_read30|        scalar|
|p_read31      |   in|    8|     ap_none|          p_read31|        scalar|
|p_read32      |   in|    8|     ap_none|          p_read32|        scalar|
|p_read33      |   in|    8|     ap_none|          p_read33|        scalar|
|p_read34      |   in|    8|     ap_none|          p_read34|        scalar|
|p_read35      |   in|    8|     ap_none|          p_read35|        scalar|
|p_read36      |   in|    8|     ap_none|          p_read36|        scalar|
|p_read37      |   in|    8|     ap_none|          p_read37|        scalar|
|p_read38      |   in|    8|     ap_none|          p_read38|        scalar|
|p_read39      |   in|    8|     ap_none|          p_read39|        scalar|
|p_read40      |   in|    8|     ap_none|          p_read40|        scalar|
|p_read41      |   in|    8|     ap_none|          p_read41|        scalar|
|p_read42      |   in|    8|     ap_none|          p_read42|        scalar|
|p_read43      |   in|    8|     ap_none|          p_read43|        scalar|
|p_read44      |   in|    8|     ap_none|          p_read44|        scalar|
|p_read45      |   in|    8|     ap_none|          p_read45|        scalar|
|p_read46      |   in|    8|     ap_none|          p_read46|        scalar|
|p_read47      |   in|    8|     ap_none|          p_read47|        scalar|
|p_read48      |   in|    8|     ap_none|          p_read48|        scalar|
|p_read49      |   in|    8|     ap_none|          p_read49|        scalar|
|p_read50      |   in|    8|     ap_none|          p_read50|        scalar|
|p_read51      |   in|    8|     ap_none|          p_read51|        scalar|
|p_read52      |   in|    8|     ap_none|          p_read52|        scalar|
|p_read53      |   in|    8|     ap_none|          p_read53|        scalar|
|p_read54      |   in|    8|     ap_none|          p_read54|        scalar|
|p_read55      |   in|    8|     ap_none|          p_read55|        scalar|
|p_read56      |   in|    8|     ap_none|          p_read56|        scalar|
|p_read57      |   in|    8|     ap_none|          p_read57|        scalar|
|p_read58      |   in|    8|     ap_none|          p_read58|        scalar|
|p_read59      |   in|    8|     ap_none|          p_read59|        scalar|
|p_read60      |   in|    8|     ap_none|          p_read60|        scalar|
|p_read61      |   in|    8|     ap_none|          p_read61|        scalar|
|p_read62      |   in|    8|     ap_none|          p_read62|        scalar|
|p_read63      |   in|    8|     ap_none|          p_read63|        scalar|
|p_read64      |   in|    8|     ap_none|          p_read64|        scalar|
|p_read65      |   in|    8|     ap_none|          p_read65|        scalar|
|p_read66      |   in|    8|     ap_none|          p_read66|        scalar|
|p_read67      |   in|    8|     ap_none|          p_read67|        scalar|
|p_read68      |   in|    8|     ap_none|          p_read68|        scalar|
|p_read69      |   in|    8|     ap_none|          p_read69|        scalar|
|p_read70      |   in|    8|     ap_none|          p_read70|        scalar|
|p_read71      |   in|    8|     ap_none|          p_read71|        scalar|
|p_read72      |   in|    8|     ap_none|          p_read72|        scalar|
|p_read73      |   in|    8|     ap_none|          p_read73|        scalar|
|p_read74      |   in|    8|     ap_none|          p_read74|        scalar|
|p_read75      |   in|    8|     ap_none|          p_read75|        scalar|
|p_read76      |   in|    8|     ap_none|          p_read76|        scalar|
|p_read77      |   in|    8|     ap_none|          p_read77|        scalar|
|p_read78      |   in|    8|     ap_none|          p_read78|        scalar|
|p_read79      |   in|    8|     ap_none|          p_read79|        scalar|
|p_read80      |   in|    8|     ap_none|          p_read80|        scalar|
|p_read81      |   in|    8|     ap_none|          p_read81|        scalar|
|p_read82      |   in|    8|     ap_none|          p_read82|        scalar|
|p_read83      |   in|    8|     ap_none|          p_read83|        scalar|
|p_read84      |   in|    8|     ap_none|          p_read84|        scalar|
|p_read85      |   in|    8|     ap_none|          p_read85|        scalar|
|p_read86      |   in|    8|     ap_none|          p_read86|        scalar|
|p_read87      |   in|    8|     ap_none|          p_read87|        scalar|
|p_read88      |   in|    8|     ap_none|          p_read88|        scalar|
|p_read89      |   in|    8|     ap_none|          p_read89|        scalar|
|p_read90      |   in|    8|     ap_none|          p_read90|        scalar|
|p_read91      |   in|    8|     ap_none|          p_read91|        scalar|
|p_read92      |   in|    8|     ap_none|          p_read92|        scalar|
|p_read93      |   in|    8|     ap_none|          p_read93|        scalar|
|p_read94      |   in|    8|     ap_none|          p_read94|        scalar|
|p_read95      |   in|    8|     ap_none|          p_read95|        scalar|
|p_read96      |   in|    8|     ap_none|          p_read96|        scalar|
|p_read97      |   in|    8|     ap_none|          p_read97|        scalar|
|p_read98      |   in|    8|     ap_none|          p_read98|        scalar|
|p_read99      |   in|    8|     ap_none|          p_read99|        scalar|
|p_read100     |   in|    8|     ap_none|         p_read100|        scalar|
|p_read101     |   in|    8|     ap_none|         p_read101|        scalar|
|p_read102     |   in|    8|     ap_none|         p_read102|        scalar|
|p_read103     |   in|    8|     ap_none|         p_read103|        scalar|
|p_read104     |   in|    8|     ap_none|         p_read104|        scalar|
|p_read105     |   in|    8|     ap_none|         p_read105|        scalar|
|p_read106     |   in|    8|     ap_none|         p_read106|        scalar|
|p_read107     |   in|    8|     ap_none|         p_read107|        scalar|
|p_read108     |   in|    8|     ap_none|         p_read108|        scalar|
|p_read109     |   in|    8|     ap_none|         p_read109|        scalar|
|p_read110     |   in|    8|     ap_none|         p_read110|        scalar|
|p_read111     |   in|    8|     ap_none|         p_read111|        scalar|
|p_read112     |   in|    8|     ap_none|         p_read112|        scalar|
|p_read113     |   in|    8|     ap_none|         p_read113|        scalar|
|p_read114     |   in|    8|     ap_none|         p_read114|        scalar|
|p_read115     |   in|    8|     ap_none|         p_read115|        scalar|
|p_read116     |   in|    8|     ap_none|         p_read116|        scalar|
|p_read117     |   in|    8|     ap_none|         p_read117|        scalar|
|p_read118     |   in|    8|     ap_none|         p_read118|        scalar|
|p_read119     |   in|    8|     ap_none|         p_read119|        scalar|
|p_read120     |   in|    8|     ap_none|         p_read120|        scalar|
|p_read121     |   in|    8|     ap_none|         p_read121|        scalar|
|p_read122     |   in|    8|     ap_none|         p_read122|        scalar|
|p_read123     |   in|    8|     ap_none|         p_read123|        scalar|
|p_read124     |   in|    8|     ap_none|         p_read124|        scalar|
|p_read125     |   in|    8|     ap_none|         p_read125|        scalar|
|p_read126     |   in|    8|     ap_none|         p_read126|        scalar|
|p_read127     |   in|    8|     ap_none|         p_read127|        scalar|
|p_read128     |   in|    8|     ap_none|         p_read128|        scalar|
|p_read129     |   in|    8|     ap_none|         p_read129|        scalar|
|p_read130     |   in|    8|     ap_none|         p_read130|        scalar|
|p_read131     |   in|    8|     ap_none|         p_read131|        scalar|
|p_read132     |   in|    8|     ap_none|         p_read132|        scalar|
|p_read133     |   in|    8|     ap_none|         p_read133|        scalar|
|p_read134     |   in|    8|     ap_none|         p_read134|        scalar|
|p_read135     |   in|    8|     ap_none|         p_read135|        scalar|
|p_read136     |   in|    8|     ap_none|         p_read136|        scalar|
|p_read137     |   in|    8|     ap_none|         p_read137|        scalar|
|p_read138     |   in|    8|     ap_none|         p_read138|        scalar|
|p_read139     |   in|    8|     ap_none|         p_read139|        scalar|
|p_read140     |   in|    8|     ap_none|         p_read140|        scalar|
|p_read141     |   in|    8|     ap_none|         p_read141|        scalar|
|p_read142     |   in|    8|     ap_none|         p_read142|        scalar|
|p_read143     |   in|    8|     ap_none|         p_read143|        scalar|
|p_read144     |   in|    8|     ap_none|         p_read144|        scalar|
|p_read145     |   in|    8|     ap_none|         p_read145|        scalar|
|p_read146     |   in|    8|     ap_none|         p_read146|        scalar|
|p_read147     |   in|    8|     ap_none|         p_read147|        scalar|
|p_read148     |   in|    8|     ap_none|         p_read148|        scalar|
|p_read149     |   in|    8|     ap_none|         p_read149|        scalar|
|p_read150     |   in|    8|     ap_none|         p_read150|        scalar|
|p_read151     |   in|    8|     ap_none|         p_read151|        scalar|
|p_read152     |   in|    8|     ap_none|         p_read152|        scalar|
|p_read153     |   in|    8|     ap_none|         p_read153|        scalar|
|p_read154     |   in|    8|     ap_none|         p_read154|        scalar|
|p_read155     |   in|    8|     ap_none|         p_read155|        scalar|
|p_read156     |   in|    8|     ap_none|         p_read156|        scalar|
|p_read157     |   in|    8|     ap_none|         p_read157|        scalar|
|p_read158     |   in|    8|     ap_none|         p_read158|        scalar|
|p_read159     |   in|    8|     ap_none|         p_read159|        scalar|
|p_read160     |   in|    8|     ap_none|         p_read160|        scalar|
|p_read161     |   in|    8|     ap_none|         p_read161|        scalar|
|p_read162     |   in|    8|     ap_none|         p_read162|        scalar|
|p_read163     |   in|    8|     ap_none|         p_read163|        scalar|
|p_read164     |   in|    8|     ap_none|         p_read164|        scalar|
|p_read165     |   in|    8|     ap_none|         p_read165|        scalar|
|p_read166     |   in|    8|     ap_none|         p_read166|        scalar|
|p_read167     |   in|    8|     ap_none|         p_read167|        scalar|
|p_read168     |   in|    8|     ap_none|         p_read168|        scalar|
|p_read169     |   in|    8|     ap_none|         p_read169|        scalar|
|p_read170     |   in|    8|     ap_none|         p_read170|        scalar|
|p_read171     |   in|    8|     ap_none|         p_read171|        scalar|
|p_read172     |   in|    8|     ap_none|         p_read172|        scalar|
|p_read173     |   in|    8|     ap_none|         p_read173|        scalar|
|p_read174     |   in|    8|     ap_none|         p_read174|        scalar|
|p_read175     |   in|    8|     ap_none|         p_read175|        scalar|
|p_read176     |   in|    8|     ap_none|         p_read176|        scalar|
|p_read177     |   in|    8|     ap_none|         p_read177|        scalar|
|p_read178     |   in|    8|     ap_none|         p_read178|        scalar|
|p_read179     |   in|    8|     ap_none|         p_read179|        scalar|
|p_read180     |   in|    8|     ap_none|         p_read180|        scalar|
|p_read181     |   in|    8|     ap_none|         p_read181|        scalar|
|p_read182     |   in|    8|     ap_none|         p_read182|        scalar|
|p_read183     |   in|    8|     ap_none|         p_read183|        scalar|
|p_read184     |   in|    8|     ap_none|         p_read184|        scalar|
|p_read185     |   in|    8|     ap_none|         p_read185|        scalar|
|p_read186     |   in|    8|     ap_none|         p_read186|        scalar|
|p_read187     |   in|    8|     ap_none|         p_read187|        scalar|
|p_read188     |   in|    8|     ap_none|         p_read188|        scalar|
|p_read189     |   in|    8|     ap_none|         p_read189|        scalar|
|p_read190     |   in|    8|     ap_none|         p_read190|        scalar|
|p_read191     |   in|    8|     ap_none|         p_read191|        scalar|
+--------------+-----+-----+------------+------------------+--------------+

