

================================================================
== Vitis HLS Report for 'MPCthread'
================================================================
* Date:           Mon Feb 12 12:33:26 2024

* Version:        2022.1 (Build 3526262 on Mon Apr 18 15:48:16 MDT 2022)
* Project:        HLS_v1_v4_NPC_SDA_20khz
* Solution:       solution1 (Vivado IP Flow Target)
* Product family: kintex7
* Target device:  xc7k410t-fbg900-1


================================================================
== Performance Estimates
================================================================
+ Timing: 
    * Summary: 
    +--------+----------+----------+------------+
    |  Clock |  Target  | Estimated| Uncertainty|
    +--------+----------+----------+------------+
    |ap_clk  |  10.00 ns|  6.580 ns|     2.70 ns|
    +--------+----------+----------+------------+

+ Latency: 
    * Summary: 
    +---------+---------+----------+----------+-----+-----+---------+
    |  Latency (cycles) |  Latency (absolute) |  Interval | Pipeline|
    |   min   |   max   |    min   |    max   | min | max |   Type  |
    +---------+---------+----------+----------+-----+-----+---------+
    |        ?|        ?|         ?|         ?|    ?|    ?|       no|
    +---------+---------+----------+----------+-----+-----+---------+

    + Detail: 
        * Instance: 
        +---------------------+----------+---------+---------+----------+----------+-----+-----+---------+
        |                     |          |  Latency (cycles) |  Latency (absolute) |  Interval | Pipeline|
        |       Instance      |  Module  |   min   |   max   |    min   |    max   | min | max |   Type  |
        +---------------------+----------+---------+---------+----------+----------+-----+-----+---------+
        |grp_ThreadPE_fu_668  |ThreadPE  |        ?|        ?|         ?|         ?|    ?|    ?|       no|
        +---------------------+----------+---------+---------+----------+----------+-----+-----+---------+

        * Loop: 
        N/A



================================================================
== Utilization Estimates
================================================================
* Summary: 
+-----------------+---------+------+--------+--------+-----+
|       Name      | BRAM_18K|  DSP |   FF   |   LUT  | URAM|
+-----------------+---------+------+--------+--------+-----+
|DSP              |        -|     -|       -|       -|    -|
|Expression       |        -|     -|       0|      28|    -|
|FIFO             |        -|     -|       -|       -|    -|
|Instance         |        -|     4|    2974|    5410|    -|
|Memory           |        -|     -|       -|       -|    -|
|Multiplexer      |        -|     -|       -|     931|    -|
|Register         |        -|     -|    1093|       -|    -|
+-----------------+---------+------+--------+--------+-----+
|Total            |        0|     4|    4067|    6369|    0|
+-----------------+---------+------+--------+--------+-----+
|Available        |     1590|  1540|  508400|  254200|    0|
+-----------------+---------+------+--------+--------+-----+
|Utilization (%)  |        0|    ~0|      ~0|       2|    0|
+-----------------+---------+------+--------+--------+-----+

+ Detail: 
    * Instance: 
    +---------------------+----------+---------+----+------+------+-----+
    |       Instance      |  Module  | BRAM_18K| DSP|  FF  |  LUT | URAM|
    +---------------------+----------+---------+----+------+------+-----+
    |grp_ThreadPE_fu_668  |ThreadPE  |        0|   4|  2974|  5410|    0|
    +---------------------+----------+---------+----+------+------+-----+
    |Total                |          |        0|   4|  2974|  5410|    0|
    +---------------------+----------+---------+----+------+------+-----+

    * DSP: 
    N/A

    * Memory: 
    N/A

    * FIFO: 
    N/A

    * Expression: 
    +---------------------------------+----------+----+---+----+------------+------------+
    |          Variable Name          | Operation| DSP| FF| LUT| Bitwidth P0| Bitwidth P1|
    +---------------------------------+----------+----+---+----+------------+------------+
    |ap_block_state2_on_subcall_done  |       and|   0|  0|   6|           1|           1|
    |ap_condition_4072                |       and|   0|  0|   6|           1|           1|
    |ap_condition_4075                |       and|   0|  0|   6|           1|           1|
    |icmp_ln822_fu_768_p2             |      icmp|   0|  0|  10|           7|           1|
    +---------------------------------+----------+----+---+----+------------+------------+
    |Total                            |          |   0|  0|  28|          10|           4|
    +---------------------------------+----------+----+---+----+------------+------------+

    * Multiplexer: 
    +-----------------------------------------+----+-----------+-----+-----------+
    |                   Name                  | LUT| Input Size| Bits| Total Bits|
    +-----------------------------------------+----+-----------+-----+-----------+
    |CalcNum_0_reg_362                        |   9|          2|   16|         32|
    |J_current_0_reg_659                      |   9|          2|   32|         64|
    |J_visited_0_0_reg_479                    |   9|          2|   32|         64|
    |J_visited_1_0_reg_488                    |   9|          2|   32|         64|
    |J_visited_2_0_reg_497                    |   9|          2|   32|         64|
    |J_visited_3_0_reg_506                    |   9|          2|   32|         64|
    |J_visited_4_0_reg_515                    |   9|          2|   32|         64|
    |J_visited_5_0_reg_524                    |   9|          2|   32|         64|
    |J_visited_6_0_reg_533                    |   9|          2|   32|         64|
    |J_visited_7_0_reg_542                    |   9|          2|   32|         64|
    |J_visited_8_0_reg_551                    |   9|          2|   32|         64|
    |Jmin_0_reg_641                           |   9|          2|   32|         64|
    |ap_NS_fsm                                |  13|          3|    1|          3|
    |ap_phi_mux_CalcNum_0_phi_fu_365_p4       |   9|          2|   16|         32|
    |ap_phi_mux_J_current_0_phi_fu_662_p4     |   9|          2|   32|         64|
    |ap_phi_mux_J_visited_0_0_phi_fu_482_p4   |   9|          2|   32|         64|
    |ap_phi_mux_J_visited_1_0_phi_fu_491_p4   |   9|          2|   32|         64|
    |ap_phi_mux_J_visited_2_0_phi_fu_500_p4   |   9|          2|   32|         64|
    |ap_phi_mux_J_visited_3_0_phi_fu_509_p4   |   9|          2|   32|         64|
    |ap_phi_mux_J_visited_4_0_phi_fu_518_p4   |   9|          2|   32|         64|
    |ap_phi_mux_J_visited_5_0_phi_fu_527_p4   |   9|          2|   32|         64|
    |ap_phi_mux_J_visited_6_0_phi_fu_536_p4   |   9|          2|   32|         64|
    |ap_phi_mux_J_visited_7_0_phi_fu_545_p4   |   9|          2|   32|         64|
    |ap_phi_mux_J_visited_8_0_phi_fu_554_p4   |   9|          2|   32|         64|
    |ap_phi_mux_Jmin_0_phi_fu_644_p4          |   9|          2|   32|         64|
    |ap_phi_mux_branch_0_phi_fu_392_p4        |   9|          2|    8|         16|
    |ap_phi_mux_helpedList_0_0_phi_fu_563_p4  |   9|          2|    8|         16|
    |ap_phi_mux_helpedList_1_0_phi_fu_572_p4  |   9|          2|    8|         16|
    |ap_phi_mux_helpedList_2_0_phi_fu_581_p4  |   9|          2|    8|         16|
    |ap_phi_mux_helpedList_3_0_phi_fu_590_p4  |   9|          2|    8|         16|
    |ap_phi_mux_helpedList_4_0_phi_fu_599_p4  |   9|          2|    8|         16|
    |ap_phi_mux_helpedList_5_0_phi_fu_608_p4  |   9|          2|    8|         16|
    |ap_phi_mux_helpedList_6_0_phi_fu_617_p4  |   9|          2|    8|         16|
    |ap_phi_mux_helpedList_7_0_phi_fu_626_p4  |   9|          2|    8|         16|
    |ap_phi_mux_helpedList_8_0_phi_fu_635_p4  |   9|          2|    8|         16|
    |ap_phi_mux_index_0_phi_fu_383_p4         |   9|          2|    8|         16|
    |ap_phi_mux_location_0_0_phi_fu_401_p4    |   9|          2|    8|         16|
    |ap_phi_mux_location_1_0_phi_fu_410_p4    |   9|          2|    8|         16|
    |ap_phi_mux_location_2_0_phi_fu_419_p4    |   9|          2|    8|         16|
    |ap_phi_mux_location_3_0_phi_fu_428_p4    |   9|          2|    8|         16|
    |ap_phi_mux_location_4_0_phi_fu_437_p4    |   9|          2|    8|         16|
    |ap_phi_mux_location_5_0_phi_fu_446_p4    |   9|          2|    8|         16|
    |ap_phi_mux_location_6_0_phi_fu_455_p4    |   9|          2|    8|         16|
    |ap_phi_mux_location_7_0_phi_fu_464_p4    |   9|          2|    8|         16|
    |ap_phi_mux_location_8_0_phi_fu_473_p4    |   9|          2|    8|         16|
    |ap_phi_mux_nextgate_0_phi_fu_374_p4      |   9|          2|    8|         16|
    |ap_phi_mux_state_0_phi_fu_653_p4         |   9|          2|    8|         16|
    |ap_return_0                              |   9|          2|   16|         32|
    |ap_return_1                              |   9|          2|    8|         16|
    |ap_return_10                             |   9|          2|    8|         16|
    |ap_return_11                             |   9|          2|    8|         16|
    |ap_return_12                             |   9|          2|    8|         16|
    |ap_return_13                             |   9|          2|   32|         64|
    |ap_return_14                             |   9|          2|   32|         64|
    |ap_return_15                             |   9|          2|   32|         64|
    |ap_return_16                             |   9|          2|   32|         64|
    |ap_return_17                             |   9|          2|   32|         64|
    |ap_return_18                             |   9|          2|   32|         64|
    |ap_return_19                             |   9|          2|   32|         64|
    |ap_return_2                              |   9|          2|    8|         16|
    |ap_return_20                             |   9|          2|   32|         64|
    |ap_return_21                             |   9|          2|   32|         64|
    |ap_return_22                             |   9|          2|    8|         16|
    |ap_return_23                             |   9|          2|    8|         16|
    |ap_return_24                             |   9|          2|    8|         16|
    |ap_return_25                             |   9|          2|    8|         16|
    |ap_return_26                             |   9|          2|    8|         16|
    |ap_return_27                             |   9|          2|    8|         16|
    |ap_return_28                             |   9|          2|    8|         16|
    |ap_return_29                             |   9|          2|    8|         16|
    |ap_return_3                              |   9|          2|    8|         16|
    |ap_return_30                             |   9|          2|    8|         16|
    |ap_return_31                             |   9|          2|   32|         64|
    |ap_return_32                             |   9|          2|    8|         16|
    |ap_return_33                             |   9|          2|   32|         64|
    |ap_return_4                              |   9|          2|    8|         16|
    |ap_return_5                              |   9|          2|    8|         16|
    |ap_return_6                              |   9|          2|    8|         16|
    |ap_return_7                              |   9|          2|    8|         16|
    |ap_return_8                              |   9|          2|    8|         16|
    |ap_return_9                              |   9|          2|    8|         16|
    |branch_0_reg_389                         |   9|          2|    8|         16|
    |helpedList_0_0_reg_560                   |   9|          2|    8|         16|
    |helpedList_1_0_reg_569                   |   9|          2|    8|         16|
    |helpedList_2_0_reg_578                   |   9|          2|    8|         16|
    |helpedList_3_0_reg_587                   |   9|          2|    8|         16|
    |helpedList_4_0_reg_596                   |   9|          2|    8|         16|
    |helpedList_5_0_reg_605                   |   9|          2|    8|         16|
    |helpedList_6_0_reg_614                   |   9|          2|    8|         16|
    |helpedList_7_0_reg_623                   |   9|          2|    8|         16|
    |helpedList_8_0_reg_632                   |   9|          2|    8|         16|
    |index_0_reg_380                          |   9|          2|    8|         16|
    |location_0_0_reg_398                     |   9|          2|    8|         16|
    |location_1_0_reg_407                     |   9|          2|    8|         16|
    |location_2_0_reg_416                     |   9|          2|    8|         16|
    |location_3_0_reg_425                     |   9|          2|    8|         16|
    |location_4_0_reg_434                     |   9|          2|    8|         16|
    |location_5_0_reg_443                     |   9|          2|    8|         16|
    |location_6_0_reg_452                     |   9|          2|    8|         16|
    |location_7_0_reg_461                     |   9|          2|    8|         16|
    |location_8_0_reg_470                     |   9|          2|    8|         16|
    |nextgate_0_reg_371                       |   9|          2|    8|         16|
    |state_0_reg_650                          |   9|          2|    8|         16|
    +-----------------------------------------+----+-----------+-----+-----------+
    |Total                                    | 931|        207| 1633|       3267|
    +-----------------------------------------+----+-----------+-----+-----------+

    * Register: 
    +----------------------------------+----+----+-----+-----------+
    |               Name               | FF | LUT| Bits| Const Bits|
    +----------------------------------+----+----+-----+-----------+
    |CalcNum_0_reg_362                 |  16|   0|   16|          0|
    |J_current_0_reg_659               |  32|   0|   32|          0|
    |J_visited_0_0_reg_479             |  32|   0|   32|          0|
    |J_visited_1_0_reg_488             |  32|   0|   32|          0|
    |J_visited_2_0_reg_497             |  32|   0|   32|          0|
    |J_visited_3_0_reg_506             |  32|   0|   32|          0|
    |J_visited_4_0_reg_515             |  32|   0|   32|          0|
    |J_visited_5_0_reg_524             |  32|   0|   32|          0|
    |J_visited_6_0_reg_533             |  32|   0|   32|          0|
    |J_visited_7_0_reg_542             |  32|   0|   32|          0|
    |J_visited_8_0_reg_551             |  32|   0|   32|          0|
    |Jmin_0_reg_641                    |  32|   0|   32|          0|
    |ap_CS_fsm                         |   2|   0|    2|          0|
    |ap_return_0_preg                  |  16|   0|   16|          0|
    |ap_return_10_preg                 |   8|   0|    8|          0|
    |ap_return_11_preg                 |   8|   0|    8|          0|
    |ap_return_12_preg                 |   8|   0|    8|          0|
    |ap_return_13_preg                 |  32|   0|   32|          0|
    |ap_return_14_preg                 |  32|   0|   32|          0|
    |ap_return_15_preg                 |  32|   0|   32|          0|
    |ap_return_16_preg                 |  32|   0|   32|          0|
    |ap_return_17_preg                 |  32|   0|   32|          0|
    |ap_return_18_preg                 |  32|   0|   32|          0|
    |ap_return_19_preg                 |  32|   0|   32|          0|
    |ap_return_1_preg                  |   8|   0|    8|          0|
    |ap_return_20_preg                 |  32|   0|   32|          0|
    |ap_return_21_preg                 |  32|   0|   32|          0|
    |ap_return_22_preg                 |   8|   0|    8|          0|
    |ap_return_23_preg                 |   8|   0|    8|          0|
    |ap_return_24_preg                 |   8|   0|    8|          0|
    |ap_return_25_preg                 |   8|   0|    8|          0|
    |ap_return_26_preg                 |   8|   0|    8|          0|
    |ap_return_27_preg                 |   8|   0|    8|          0|
    |ap_return_28_preg                 |   8|   0|    8|          0|
    |ap_return_29_preg                 |   8|   0|    8|          0|
    |ap_return_2_preg                  |   8|   0|    8|          0|
    |ap_return_30_preg                 |   8|   0|    8|          0|
    |ap_return_31_preg                 |  32|   0|   32|          0|
    |ap_return_32_preg                 |   8|   0|    8|          0|
    |ap_return_33_preg                 |  32|   0|   32|          0|
    |ap_return_3_preg                  |   8|   0|    8|          0|
    |ap_return_4_preg                  |   8|   0|    8|          0|
    |ap_return_5_preg                  |   8|   0|    8|          0|
    |ap_return_6_preg                  |   8|   0|    8|          0|
    |ap_return_7_preg                  |   8|   0|    8|          0|
    |ap_return_8_preg                  |   8|   0|    8|          0|
    |ap_return_9_preg                  |   8|   0|    8|          0|
    |branch_0_reg_389                  |   8|   0|    8|          0|
    |empty_reg_1381                    |   1|   0|    1|          0|
    |grp_ThreadPE_fu_668_ap_start_reg  |   1|   0|    1|          0|
    |helpedList_0_0_reg_560            |   8|   0|    8|          0|
    |helpedList_1_0_reg_569            |   8|   0|    8|          0|
    |helpedList_2_0_reg_578            |   8|   0|    8|          0|
    |helpedList_3_0_reg_587            |   8|   0|    8|          0|
    |helpedList_4_0_reg_596            |   8|   0|    8|          0|
    |helpedList_5_0_reg_605            |   8|   0|    8|          0|
    |helpedList_6_0_reg_614            |   8|   0|    8|          0|
    |helpedList_7_0_reg_623            |   8|   0|    8|          0|
    |helpedList_8_0_reg_632            |   8|   0|    8|          0|
    |icmp_ln822_reg_1386               |   1|   0|    1|          0|
    |index_0_reg_380                   |   8|   0|    8|          0|
    |location_0_0_reg_398              |   8|   0|    8|          0|
    |location_1_0_reg_407              |   8|   0|    8|          0|
    |location_2_0_reg_416              |   8|   0|    8|          0|
    |location_3_0_reg_425              |   8|   0|    8|          0|
    |location_4_0_reg_434              |   8|   0|    8|          0|
    |location_5_0_reg_443              |   8|   0|    8|          0|
    |location_6_0_reg_452              |   8|   0|    8|          0|
    |location_7_0_reg_461              |   8|   0|    8|          0|
    |location_8_0_reg_470              |   8|   0|    8|          0|
    |nextgate_0_reg_371                |   8|   0|    8|          0|
    |state_0_reg_650                   |   8|   0|    8|          0|
    +----------------------------------+----+----+-----+-----------+
    |Total                             |1093|   0| 1093|          0|
    +----------------------------------+----+----+-----+-----------+



================================================================
== Interface
================================================================
* Summary: 
+--------------------------+-----+-----+------------+--------------------------+--------------+
|         RTL Ports        | Dir | Bits|  Protocol  |       Source Object      |    C Type    |
+--------------------------+-----+-----+------------+--------------------------+--------------+
|ap_clk                    |   in|    1|  ap_ctrl_hs|                 MPCthread|  return value|
|ap_rst                    |   in|    1|  ap_ctrl_hs|                 MPCthread|  return value|
|ap_start                  |   in|    1|  ap_ctrl_hs|                 MPCthread|  return value|
|ap_done                   |  out|    1|  ap_ctrl_hs|                 MPCthread|  return value|
|ap_idle                   |  out|    1|  ap_ctrl_hs|                 MPCthread|  return value|
|ap_ready                  |  out|    1|  ap_ctrl_hs|                 MPCthread|  return value|
|ap_return_0               |  out|   16|  ap_ctrl_hs|                 MPCthread|  return value|
|ap_return_1               |  out|    8|  ap_ctrl_hs|                 MPCthread|  return value|
|ap_return_2               |  out|    8|  ap_ctrl_hs|                 MPCthread|  return value|
|ap_return_3               |  out|    8|  ap_ctrl_hs|                 MPCthread|  return value|
|ap_return_4               |  out|    8|  ap_ctrl_hs|                 MPCthread|  return value|
|ap_return_5               |  out|    8|  ap_ctrl_hs|                 MPCthread|  return value|
|ap_return_6               |  out|    8|  ap_ctrl_hs|                 MPCthread|  return value|
|ap_return_7               |  out|    8|  ap_ctrl_hs|                 MPCthread|  return value|
|ap_return_8               |  out|    8|  ap_ctrl_hs|                 MPCthread|  return value|
|ap_return_9               |  out|    8|  ap_ctrl_hs|                 MPCthread|  return value|
|ap_return_10              |  out|    8|  ap_ctrl_hs|                 MPCthread|  return value|
|ap_return_11              |  out|    8|  ap_ctrl_hs|                 MPCthread|  return value|
|ap_return_12              |  out|    8|  ap_ctrl_hs|                 MPCthread|  return value|
|ap_return_13              |  out|   32|  ap_ctrl_hs|                 MPCthread|  return value|
|ap_return_14              |  out|   32|  ap_ctrl_hs|                 MPCthread|  return value|
|ap_return_15              |  out|   32|  ap_ctrl_hs|                 MPCthread|  return value|
|ap_return_16              |  out|   32|  ap_ctrl_hs|                 MPCthread|  return value|
|ap_return_17              |  out|   32|  ap_ctrl_hs|                 MPCthread|  return value|
|ap_return_18              |  out|   32|  ap_ctrl_hs|                 MPCthread|  return value|
|ap_return_19              |  out|   32|  ap_ctrl_hs|                 MPCthread|  return value|
|ap_return_20              |  out|   32|  ap_ctrl_hs|                 MPCthread|  return value|
|ap_return_21              |  out|   32|  ap_ctrl_hs|                 MPCthread|  return value|
|ap_return_22              |  out|    8|  ap_ctrl_hs|                 MPCthread|  return value|
|ap_return_23              |  out|    8|  ap_ctrl_hs|                 MPCthread|  return value|
|ap_return_24              |  out|    8|  ap_ctrl_hs|                 MPCthread|  return value|
|ap_return_25              |  out|    8|  ap_ctrl_hs|                 MPCthread|  return value|
|ap_return_26              |  out|    8|  ap_ctrl_hs|                 MPCthread|  return value|
|ap_return_27              |  out|    8|  ap_ctrl_hs|                 MPCthread|  return value|
|ap_return_28              |  out|    8|  ap_ctrl_hs|                 MPCthread|  return value|
|ap_return_29              |  out|    8|  ap_ctrl_hs|                 MPCthread|  return value|
|ap_return_30              |  out|    8|  ap_ctrl_hs|                 MPCthread|  return value|
|ap_return_31              |  out|   32|  ap_ctrl_hs|                 MPCthread|  return value|
|ap_return_32              |  out|    8|  ap_ctrl_hs|                 MPCthread|  return value|
|ap_return_33              |  out|   32|  ap_ctrl_hs|                 MPCthread|  return value|
|ap_ce                     |   in|    1|  ap_ctrl_hs|                 MPCthread|  return value|
|p_read                    |   in|   32|     ap_none|                    p_read|        scalar|
|p_read1                   |   in|   16|     ap_none|                   p_read1|        scalar|
|p_read3                   |   in|    8|     ap_none|                   p_read3|        scalar|
|p_read2                   |   in|    8|     ap_none|                   p_read2|        scalar|
|p_read5                   |   in|    8|     ap_none|                   p_read5|        scalar|
|INIT_index                |   in|    8|     ap_none|                INIT_index|        scalar|
|p_read6                   |   in|    8|     ap_none|                   p_read6|        scalar|
|INIT_branch               |   in|    8|     ap_none|               INIT_branch|        scalar|
|p_read7                   |   in|    8|     ap_none|                   p_read7|        scalar|
|p_read8                   |   in|    8|     ap_none|                   p_read8|        scalar|
|p_read9                   |   in|    8|     ap_none|                   p_read9|        scalar|
|p_read10                  |   in|    8|     ap_none|                  p_read10|        scalar|
|p_read11                  |   in|    8|     ap_none|                  p_read11|        scalar|
|p_read12                  |   in|    8|     ap_none|                  p_read12|        scalar|
|p_read13                  |   in|    8|     ap_none|                  p_read13|        scalar|
|p_read14                  |   in|    8|     ap_none|                  p_read14|        scalar|
|p_read15                  |   in|    8|     ap_none|                  p_read15|        scalar|
|p_read4                   |   in|   32|     ap_none|                   p_read4|        scalar|
|p_read17                  |   in|   32|     ap_none|                  p_read17|        scalar|
|p_read18                  |   in|   32|     ap_none|                  p_read18|        scalar|
|p_read19                  |   in|   32|     ap_none|                  p_read19|        scalar|
|p_read20                  |   in|   32|     ap_none|                  p_read20|        scalar|
|p_read21                  |   in|   32|     ap_none|                  p_read21|        scalar|
|p_read22                  |   in|   32|     ap_none|                  p_read22|        scalar|
|p_read23                  |   in|   32|     ap_none|                  p_read23|        scalar|
|p_read24                  |   in|   32|     ap_none|                  p_read24|        scalar|
|p_read25                  |   in|   32|     ap_none|                  p_read25|        scalar|
|p_read26                  |   in|    8|     ap_none|                  p_read26|        scalar|
|p_read27                  |   in|    8|     ap_none|                  p_read27|        scalar|
|p_read28                  |   in|    8|     ap_none|                  p_read28|        scalar|
|p_read29                  |   in|    8|     ap_none|                  p_read29|        scalar|
|p_read30                  |   in|    8|     ap_none|                  p_read30|        scalar|
|p_read31                  |   in|    8|     ap_none|                  p_read31|        scalar|
|p_read32                  |   in|    8|     ap_none|                  p_read32|        scalar|
|p_read33                  |   in|    8|     ap_none|                  p_read33|        scalar|
|p_read34                  |   in|    8|     ap_none|                  p_read34|        scalar|
|helper_assignment_number  |   in|    8|     ap_none|  helper_assignment_number|        scalar|
|p_read35                  |   in|    7|     ap_none|                  p_read35|        scalar|
|p_read16                  |   in|    7|     ap_none|                  p_read16|        scalar|
|p_read210                 |   in|    7|     ap_none|                 p_read210|        scalar|
|UBarUnc_address0          |  out|    4|   ap_memory|                   UBarUnc|         array|
|UBarUnc_ce0               |  out|    1|   ap_memory|                   UBarUnc|         array|
|UBarUnc_q0                |   in|   16|   ap_memory|                   UBarUnc|         array|
+--------------------------+-----+-----+------------+--------------------------+--------------+

