

================================================================
== Vitis HLS Report for 'MPCthread'
================================================================
* Date:           Thu Dec 21 15:32:23 2023

* Version:        2022.1 (Build 3526262 on Mon Apr 18 15:48:16 MDT 2022)
* Project:        PHC_v23_v16_NPC
* Solution:       solution1 (Vivado IP Flow Target)
* Product family: kintex7
* Target device:  xc7k410t-fbg900-1


================================================================
== Performance Estimates
================================================================
+ Timing: 
    * Summary: 
    +--------+----------+----------+------------+
    |  Clock |  Target  | Estimated| Uncertainty|
    +--------+----------+----------+------------+
    |ap_clk  |  10.00 ns|  7.028 ns|     2.70 ns|
    +--------+----------+----------+------------+

+ Latency: 
    * Summary: 
    +---------+---------+----------+----------+-----+-----+---------+
    |  Latency (cycles) |  Latency (absolute) |  Interval | Pipeline|
    |   min   |   max   |    min   |    max   | min | max |   Type  |
    +---------+---------+----------+----------+-----+-----+---------+
    |        ?|        ?|         ?|         ?|    ?|    ?|       no|
    +---------+---------+----------+----------+-----+-----+---------+

    + Detail: 
        * Instance: 
        +---------------------+----------+---------+---------+----------+----------+-----+-----+---------+
        |                     |          |  Latency (cycles) |  Latency (absolute) |  Interval | Pipeline|
        |       Instance      |  Module  |   min   |   max   |    min   |    max   | min | max |   Type  |
        +---------------------+----------+---------+---------+----------+----------+-----+-----+---------+
        |grp_ThreadPE_fu_803  |ThreadPE  |        ?|        ?|         ?|         ?|    ?|    ?|       no|
        +---------------------+----------+---------+---------+----------+----------+-----+-----+---------+

        * Loop: 
        N/A



================================================================
== Utilization Estimates
================================================================
* Summary: 
+-----------------+---------+------+--------+--------+-----+
|       Name      | BRAM_18K|  DSP |   FF   |   LUT  | URAM|
+-----------------+---------+------+--------+--------+-----+
|DSP              |        -|     -|       -|       -|    -|
|Expression       |        -|     -|       0|      28|    -|
|FIFO             |        -|     -|       -|       -|    -|
|Instance         |        5|    24|    2038|    4929|    -|
|Memory           |        -|     -|       -|       -|    -|
|Multiplexer      |        -|     -|       -|    1084|    -|
|Register         |        -|     -|    1253|       -|    -|
+-----------------+---------+------+--------+--------+-----+
|Total            |        5|    24|    3291|    6041|    0|
+-----------------+---------+------+--------+--------+-----+
|Available        |     1590|  1540|  508400|  254200|    0|
+-----------------+---------+------+--------+--------+-----+
|Utilization (%)  |       ~0|     1|      ~0|       2|    0|
+-----------------+---------+------+--------+--------+-----+

+ Detail: 
    * Instance: 
    +---------------------+----------+---------+----+------+------+-----+
    |       Instance      |  Module  | BRAM_18K| DSP|  FF  |  LUT | URAM|
    +---------------------+----------+---------+----+------+------+-----+
    |grp_ThreadPE_fu_803  |ThreadPE  |        5|  24|  2038|  4929|    0|
    +---------------------+----------+---------+----+------+------+-----+
    |Total                |          |        5|  24|  2038|  4929|    0|
    +---------------------+----------+---------+----+------+------+-----+

    * DSP: 
    N/A

    * Memory: 
    N/A

    * FIFO: 
    N/A

    * Expression: 
    +---------------------------------+----------+----+---+----+------------+------------+
    |          Variable Name          | Operation| DSP| FF| LUT| Bitwidth P0| Bitwidth P1|
    +---------------------------------+----------+----+---+----+------------+------------+
    |ap_block_state2_on_subcall_done  |       and|   0|  0|   6|           1|           1|
    |ap_condition_4518                |       and|   0|  0|   6|           1|           1|
    |ap_condition_4522                |       and|   0|  0|   6|           1|           1|
    |icmp_ln814_fu_969_p2             |      icmp|   0|  0|  10|           7|           1|
    +---------------------------------+----------+----+---+----+------------+------------+
    |Total                            |          |   0|  0|  28|          10|           4|
    +---------------------------------+----------+----+---+----+------------+------------+

    * Multiplexer: 
    +-------------------------------------------+----+-----------+-----+-----------+
    |                    Name                   | LUT| Input Size| Bits| Total Bits|
    +-------------------------------------------+----+-----------+-----+-----------+
    |CalcNum_0_reg_488                          |   9|          2|   16|         32|
    |J_current_0_reg_758                        |   9|          2|   32|         64|
    |J_visited_0_0_reg_767                      |   9|          2|   32|         64|
    |J_visited_1_0_reg_776                      |   9|          2|   32|         64|
    |J_visited_2_0_reg_785                      |   9|          2|   32|         64|
    |J_visited_3_0_reg_794                      |   9|          2|   32|         64|
    |Jmin_0_reg_524                             |   9|          2|   32|         64|
    |ap_NS_fsm                                  |  13|          3|    1|          3|
    |ap_phi_mux_CalcNum_0_phi_fu_491_p4         |   9|          2|   16|         32|
    |ap_phi_mux_J_current_0_phi_fu_761_p4       |   9|          2|   32|         64|
    |ap_phi_mux_J_visited_0_0_phi_fu_770_p4     |   9|          2|   32|         64|
    |ap_phi_mux_J_visited_1_0_phi_fu_779_p4     |   9|          2|   32|         64|
    |ap_phi_mux_J_visited_2_0_phi_fu_788_p4     |   9|          2|   32|         64|
    |ap_phi_mux_J_visited_3_0_phi_fu_797_p4     |   9|          2|   32|         64|
    |ap_phi_mux_Jmin_0_phi_fu_527_p4            |   9|          2|   32|         64|
    |ap_phi_mux_branch_0_phi_fu_518_p4          |   9|          2|    8|         16|
    |ap_phi_mux_index_0_phi_fu_509_p4           |   9|          2|    8|         16|
    |ap_phi_mux_nextgate_0_phi_fu_500_p4        |   9|          2|    8|         16|
    |ap_phi_mux_state_0_phi_fu_536_p4           |   9|          2|    8|         16|
    |ap_phi_mux_xn_visited_0_0_0_phi_fu_545_p4  |   9|          2|   16|         32|
    |ap_phi_mux_xn_visited_0_1_0_phi_fu_554_p4  |   9|          2|   16|         32|
    |ap_phi_mux_xn_visited_0_2_0_phi_fu_563_p4  |   9|          2|   16|         32|
    |ap_phi_mux_xn_visited_0_3_0_phi_fu_572_p4  |   9|          2|   16|         32|
    |ap_phi_mux_xn_visited_0_4_0_phi_fu_581_p4  |   9|          2|   16|         32|
    |ap_phi_mux_xn_visited_0_5_0_phi_fu_590_p4  |   9|          2|   16|         32|
    |ap_phi_mux_xn_visited_1_0_0_phi_fu_599_p4  |   9|          2|   16|         32|
    |ap_phi_mux_xn_visited_1_1_0_phi_fu_608_p4  |   9|          2|   16|         32|
    |ap_phi_mux_xn_visited_1_2_0_phi_fu_617_p4  |   9|          2|   16|         32|
    |ap_phi_mux_xn_visited_1_3_0_phi_fu_626_p4  |   9|          2|   16|         32|
    |ap_phi_mux_xn_visited_1_4_0_phi_fu_635_p4  |   9|          2|   16|         32|
    |ap_phi_mux_xn_visited_1_5_0_phi_fu_644_p4  |   9|          2|   16|         32|
    |ap_phi_mux_xn_visited_2_0_0_phi_fu_653_p4  |   9|          2|   16|         32|
    |ap_phi_mux_xn_visited_2_1_0_phi_fu_662_p4  |   9|          2|   16|         32|
    |ap_phi_mux_xn_visited_2_2_0_phi_fu_671_p4  |   9|          2|   16|         32|
    |ap_phi_mux_xn_visited_2_3_0_phi_fu_680_p4  |   9|          2|   16|         32|
    |ap_phi_mux_xn_visited_2_4_0_phi_fu_689_p4  |   9|          2|   16|         32|
    |ap_phi_mux_xn_visited_2_5_0_phi_fu_698_p4  |   9|          2|   16|         32|
    |ap_phi_mux_xn_visited_3_0_0_phi_fu_707_p4  |   9|          2|   16|         32|
    |ap_phi_mux_xn_visited_3_1_0_phi_fu_716_p4  |   9|          2|   16|         32|
    |ap_phi_mux_xn_visited_3_2_0_phi_fu_725_p4  |   9|          2|   16|         32|
    |ap_phi_mux_xn_visited_3_3_0_phi_fu_734_p4  |   9|          2|   16|         32|
    |ap_phi_mux_xn_visited_3_4_0_phi_fu_743_p4  |   9|          2|   16|         32|
    |ap_phi_mux_xn_visited_3_5_0_phi_fu_752_p4  |   9|          2|   16|         32|
    |ap_return_0                                |   9|          2|   16|         32|
    |ap_return_1                                |   9|          2|    8|         16|
    |ap_return_10                               |   9|          2|   16|         32|
    |ap_return_11                               |   9|          2|   16|         32|
    |ap_return_12                               |   9|          2|   16|         32|
    |ap_return_13                               |   9|          2|   16|         32|
    |ap_return_14                               |   9|          2|   16|         32|
    |ap_return_15                               |   9|          2|   16|         32|
    |ap_return_16                               |   9|          2|   16|         32|
    |ap_return_17                               |   9|          2|   16|         32|
    |ap_return_18                               |   9|          2|   16|         32|
    |ap_return_19                               |   9|          2|   16|         32|
    |ap_return_2                                |   9|          2|    8|         16|
    |ap_return_20                               |   9|          2|   16|         32|
    |ap_return_21                               |   9|          2|   16|         32|
    |ap_return_22                               |   9|          2|   16|         32|
    |ap_return_23                               |   9|          2|   16|         32|
    |ap_return_24                               |   9|          2|   16|         32|
    |ap_return_25                               |   9|          2|   16|         32|
    |ap_return_26                               |   9|          2|   16|         32|
    |ap_return_27                               |   9|          2|   16|         32|
    |ap_return_28                               |   9|          2|   16|         32|
    |ap_return_29                               |   9|          2|   16|         32|
    |ap_return_3                                |   9|          2|    8|         16|
    |ap_return_30                               |   9|          2|   32|         64|
    |ap_return_31                               |   9|          2|   32|         64|
    |ap_return_32                               |   9|          2|   32|         64|
    |ap_return_33                               |   9|          2|   32|         64|
    |ap_return_34                               |   9|          2|   32|         64|
    |ap_return_4                                |   9|          2|   32|         64|
    |ap_return_5                                |   9|          2|    8|         16|
    |ap_return_6                                |   9|          2|   16|         32|
    |ap_return_7                                |   9|          2|   16|         32|
    |ap_return_8                                |   9|          2|   16|         32|
    |ap_return_9                                |   9|          2|   16|         32|
    |branch_0_reg_515                           |   9|          2|    8|         16|
    |helpedList_0_o                             |   9|          2|    8|         16|
    |helpedList_1_o                             |   9|          2|    8|         16|
    |helpedList_2_o                             |   9|          2|    8|         16|
    |helpedList_3_o                             |   9|          2|    8|         16|
    |index_0_reg_506                            |   9|          2|    8|         16|
    |location_0_o                               |   9|          2|    8|         16|
    |location_1_o                               |   9|          2|    8|         16|
    |location_2_o                               |   9|          2|    8|         16|
    |location_3_o                               |   9|          2|    8|         16|
    |nextgate_0_reg_497                         |   9|          2|    8|         16|
    |state_0_reg_533                            |   9|          2|    8|         16|
    |xn_current_0_o                             |   9|          2|   16|         32|
    |xn_current_1_o                             |   9|          2|   16|         32|
    |xn_current_2_o                             |   9|          2|   16|         32|
    |xn_current_3_o                             |   9|          2|   16|         32|
    |xn_current_4_o                             |   9|          2|   16|         32|
    |xn_current_5_o                             |   9|          2|   16|         32|
    |xn_visited_0_0_0_reg_542                   |   9|          2|   16|         32|
    |xn_visited_0_1_0_reg_551                   |   9|          2|   16|         32|
    |xn_visited_0_2_0_reg_560                   |   9|          2|   16|         32|
    |xn_visited_0_3_0_reg_569                   |   9|          2|   16|         32|
    |xn_visited_0_4_0_reg_578                   |   9|          2|   16|         32|
    |xn_visited_0_5_0_reg_587                   |   9|          2|   16|         32|
    |xn_visited_1_0_0_reg_596                   |   9|          2|   16|         32|
    |xn_visited_1_1_0_reg_605                   |   9|          2|   16|         32|
    |xn_visited_1_2_0_reg_614                   |   9|          2|   16|         32|
    |xn_visited_1_3_0_reg_623                   |   9|          2|   16|         32|
    |xn_visited_1_4_0_reg_632                   |   9|          2|   16|         32|
    |xn_visited_1_5_0_reg_641                   |   9|          2|   16|         32|
    |xn_visited_2_0_0_reg_650                   |   9|          2|   16|         32|
    |xn_visited_2_1_0_reg_659                   |   9|          2|   16|         32|
    |xn_visited_2_2_0_reg_668                   |   9|          2|   16|         32|
    |xn_visited_2_3_0_reg_677                   |   9|          2|   16|         32|
    |xn_visited_2_4_0_reg_686                   |   9|          2|   16|         32|
    |xn_visited_2_5_0_reg_695                   |   9|          2|   16|         32|
    |xn_visited_3_0_0_reg_704                   |   9|          2|   16|         32|
    |xn_visited_3_1_0_reg_713                   |   9|          2|   16|         32|
    |xn_visited_3_2_0_reg_722                   |   9|          2|   16|         32|
    |xn_visited_3_3_0_reg_731                   |   9|          2|   16|         32|
    |xn_visited_3_4_0_reg_740                   |   9|          2|   16|         32|
    |xn_visited_3_5_0_reg_749                   |   9|          2|   16|         32|
    +-------------------------------------------+----+-----------+-----+-----------+
    |Total                                      |1084|        241| 2033|       4067|
    +-------------------------------------------+----+-----------+-----+-----------+

    * Register: 
    +----------------------------------+----+----+-----+-----------+
    |               Name               | FF | LUT| Bits| Const Bits|
    +----------------------------------+----+----+-----+-----------+
    |CalcNum_0_reg_488                 |  16|   0|   16|          0|
    |J_current_0_reg_758               |  32|   0|   32|          0|
    |J_visited_0_0_reg_767             |  32|   0|   32|          0|
    |J_visited_1_0_reg_776             |  32|   0|   32|          0|
    |J_visited_2_0_reg_785             |  32|   0|   32|          0|
    |J_visited_3_0_reg_794             |  32|   0|   32|          0|
    |Jmin_0_reg_524                    |  32|   0|   32|          0|
    |ap_CS_fsm                         |   2|   0|    2|          0|
    |ap_return_0_preg                  |  16|   0|   16|          0|
    |ap_return_10_preg                 |  16|   0|   16|          0|
    |ap_return_11_preg                 |  16|   0|   16|          0|
    |ap_return_12_preg                 |  16|   0|   16|          0|
    |ap_return_13_preg                 |  16|   0|   16|          0|
    |ap_return_14_preg                 |  16|   0|   16|          0|
    |ap_return_15_preg                 |  16|   0|   16|          0|
    |ap_return_16_preg                 |  16|   0|   16|          0|
    |ap_return_17_preg                 |  16|   0|   16|          0|
    |ap_return_18_preg                 |  16|   0|   16|          0|
    |ap_return_19_preg                 |  16|   0|   16|          0|
    |ap_return_1_preg                  |   8|   0|    8|          0|
    |ap_return_20_preg                 |  16|   0|   16|          0|
    |ap_return_21_preg                 |  16|   0|   16|          0|
    |ap_return_22_preg                 |  16|   0|   16|          0|
    |ap_return_23_preg                 |  16|   0|   16|          0|
    |ap_return_24_preg                 |  16|   0|   16|          0|
    |ap_return_25_preg                 |  16|   0|   16|          0|
    |ap_return_26_preg                 |  16|   0|   16|          0|
    |ap_return_27_preg                 |  16|   0|   16|          0|
    |ap_return_28_preg                 |  16|   0|   16|          0|
    |ap_return_29_preg                 |  16|   0|   16|          0|
    |ap_return_2_preg                  |   8|   0|    8|          0|
    |ap_return_30_preg                 |  32|   0|   32|          0|
    |ap_return_31_preg                 |  32|   0|   32|          0|
    |ap_return_32_preg                 |  32|   0|   32|          0|
    |ap_return_33_preg                 |  32|   0|   32|          0|
    |ap_return_34_preg                 |  32|   0|   32|          0|
    |ap_return_3_preg                  |   8|   0|    8|          0|
    |ap_return_4_preg                  |  32|   0|   32|          0|
    |ap_return_5_preg                  |   8|   0|    8|          0|
    |ap_return_6_preg                  |  16|   0|   16|          0|
    |ap_return_7_preg                  |  16|   0|   16|          0|
    |ap_return_8_preg                  |  16|   0|   16|          0|
    |ap_return_9_preg                  |  16|   0|   16|          0|
    |branch_0_reg_515                  |   8|   0|    8|          0|
    |empty_reg_1649                    |   1|   0|    1|          0|
    |grp_ThreadPE_fu_803_ap_start_reg  |   1|   0|    1|          0|
    |icmp_ln814_reg_1654               |   1|   0|    1|          0|
    |index_0_reg_506                   |   8|   0|    8|          0|
    |nextgate_0_reg_497                |   8|   0|    8|          0|
    |state_0_reg_533                   |   8|   0|    8|          0|
    |xn_visited_0_0_0_reg_542          |  16|   0|   16|          0|
    |xn_visited_0_1_0_reg_551          |  16|   0|   16|          0|
    |xn_visited_0_2_0_reg_560          |  16|   0|   16|          0|
    |xn_visited_0_3_0_reg_569          |  16|   0|   16|          0|
    |xn_visited_0_4_0_reg_578          |  16|   0|   16|          0|
    |xn_visited_0_5_0_reg_587          |  16|   0|   16|          0|
    |xn_visited_1_0_0_reg_596          |  16|   0|   16|          0|
    |xn_visited_1_1_0_reg_605          |  16|   0|   16|          0|
    |xn_visited_1_2_0_reg_614          |  16|   0|   16|          0|
    |xn_visited_1_3_0_reg_623          |  16|   0|   16|          0|
    |xn_visited_1_4_0_reg_632          |  16|   0|   16|          0|
    |xn_visited_1_5_0_reg_641          |  16|   0|   16|          0|
    |xn_visited_2_0_0_reg_650          |  16|   0|   16|          0|
    |xn_visited_2_1_0_reg_659          |  16|   0|   16|          0|
    |xn_visited_2_2_0_reg_668          |  16|   0|   16|          0|
    |xn_visited_2_3_0_reg_677          |  16|   0|   16|          0|
    |xn_visited_2_4_0_reg_686          |  16|   0|   16|          0|
    |xn_visited_2_5_0_reg_695          |  16|   0|   16|          0|
    |xn_visited_3_0_0_reg_704          |  16|   0|   16|          0|
    |xn_visited_3_1_0_reg_713          |  16|   0|   16|          0|
    |xn_visited_3_2_0_reg_722          |  16|   0|   16|          0|
    |xn_visited_3_3_0_reg_731          |  16|   0|   16|          0|
    |xn_visited_3_4_0_reg_740          |  16|   0|   16|          0|
    |xn_visited_3_5_0_reg_749          |  16|   0|   16|          0|
    +----------------------------------+----+----+-----+-----------+
    |Total                             |1253|   0| 1253|          0|
    +----------------------------------+----+----+-----+-----------+



================================================================
== Interface
================================================================
* Summary: 
+--------------------------+-----+-----+------------+--------------------------+--------------+
|         RTL Ports        | Dir | Bits|  Protocol  |       Source Object      |    C Type    |
+--------------------------+-----+-----+------------+--------------------------+--------------+
|ap_clk                    |   in|    1|  ap_ctrl_hs|                 MPCthread|  return value|
|ap_rst                    |   in|    1|  ap_ctrl_hs|                 MPCthread|  return value|
|ap_start                  |   in|    1|  ap_ctrl_hs|                 MPCthread|  return value|
|ap_done                   |  out|    1|  ap_ctrl_hs|                 MPCthread|  return value|
|ap_idle                   |  out|    1|  ap_ctrl_hs|                 MPCthread|  return value|
|ap_ready                  |  out|    1|  ap_ctrl_hs|                 MPCthread|  return value|
|ap_return_0               |  out|   16|  ap_ctrl_hs|                 MPCthread|  return value|
|ap_return_1               |  out|    8|  ap_ctrl_hs|                 MPCthread|  return value|
|ap_return_2               |  out|    8|  ap_ctrl_hs|                 MPCthread|  return value|
|ap_return_3               |  out|    8|  ap_ctrl_hs|                 MPCthread|  return value|
|ap_return_4               |  out|   32|  ap_ctrl_hs|                 MPCthread|  return value|
|ap_return_5               |  out|    8|  ap_ctrl_hs|                 MPCthread|  return value|
|ap_return_6               |  out|   16|  ap_ctrl_hs|                 MPCthread|  return value|
|ap_return_7               |  out|   16|  ap_ctrl_hs|                 MPCthread|  return value|
|ap_return_8               |  out|   16|  ap_ctrl_hs|                 MPCthread|  return value|
|ap_return_9               |  out|   16|  ap_ctrl_hs|                 MPCthread|  return value|
|ap_return_10              |  out|   16|  ap_ctrl_hs|                 MPCthread|  return value|
|ap_return_11              |  out|   16|  ap_ctrl_hs|                 MPCthread|  return value|
|ap_return_12              |  out|   16|  ap_ctrl_hs|                 MPCthread|  return value|
|ap_return_13              |  out|   16|  ap_ctrl_hs|                 MPCthread|  return value|
|ap_return_14              |  out|   16|  ap_ctrl_hs|                 MPCthread|  return value|
|ap_return_15              |  out|   16|  ap_ctrl_hs|                 MPCthread|  return value|
|ap_return_16              |  out|   16|  ap_ctrl_hs|                 MPCthread|  return value|
|ap_return_17              |  out|   16|  ap_ctrl_hs|                 MPCthread|  return value|
|ap_return_18              |  out|   16|  ap_ctrl_hs|                 MPCthread|  return value|
|ap_return_19              |  out|   16|  ap_ctrl_hs|                 MPCthread|  return value|
|ap_return_20              |  out|   16|  ap_ctrl_hs|                 MPCthread|  return value|
|ap_return_21              |  out|   16|  ap_ctrl_hs|                 MPCthread|  return value|
|ap_return_22              |  out|   16|  ap_ctrl_hs|                 MPCthread|  return value|
|ap_return_23              |  out|   16|  ap_ctrl_hs|                 MPCthread|  return value|
|ap_return_24              |  out|   16|  ap_ctrl_hs|                 MPCthread|  return value|
|ap_return_25              |  out|   16|  ap_ctrl_hs|                 MPCthread|  return value|
|ap_return_26              |  out|   16|  ap_ctrl_hs|                 MPCthread|  return value|
|ap_return_27              |  out|   16|  ap_ctrl_hs|                 MPCthread|  return value|
|ap_return_28              |  out|   16|  ap_ctrl_hs|                 MPCthread|  return value|
|ap_return_29              |  out|   16|  ap_ctrl_hs|                 MPCthread|  return value|
|ap_return_30              |  out|   32|  ap_ctrl_hs|                 MPCthread|  return value|
|ap_return_31              |  out|   32|  ap_ctrl_hs|                 MPCthread|  return value|
|ap_return_32              |  out|   32|  ap_ctrl_hs|                 MPCthread|  return value|
|ap_return_33              |  out|   32|  ap_ctrl_hs|                 MPCthread|  return value|
|ap_return_34              |  out|   32|  ap_ctrl_hs|                 MPCthread|  return value|
|ap_ce                     |   in|    1|  ap_ctrl_hs|                 MPCthread|  return value|
|p_read                    |   in|   32|     ap_none|                    p_read|        scalar|
|p_read1                   |   in|   16|     ap_none|                   p_read1|        scalar|
|p_read3                   |   in|    8|     ap_none|                   p_read3|        scalar|
|p_read2                   |   in|    8|     ap_none|                   p_read2|        scalar|
|xn_current_0_i            |   in|   16|     ap_ovld|              xn_current_0|       pointer|
|xn_current_0_o            |  out|   16|     ap_ovld|              xn_current_0|       pointer|
|xn_current_0_o_ap_vld     |  out|    1|     ap_ovld|              xn_current_0|       pointer|
|xn_current_1_i            |   in|   16|     ap_ovld|              xn_current_1|       pointer|
|xn_current_1_o            |  out|   16|     ap_ovld|              xn_current_1|       pointer|
|xn_current_1_o_ap_vld     |  out|    1|     ap_ovld|              xn_current_1|       pointer|
|xn_current_2_i            |   in|   16|     ap_ovld|              xn_current_2|       pointer|
|xn_current_2_o            |  out|   16|     ap_ovld|              xn_current_2|       pointer|
|xn_current_2_o_ap_vld     |  out|    1|     ap_ovld|              xn_current_2|       pointer|
|xn_current_3_i            |   in|   16|     ap_ovld|              xn_current_3|       pointer|
|xn_current_3_o            |  out|   16|     ap_ovld|              xn_current_3|       pointer|
|xn_current_3_o_ap_vld     |  out|    1|     ap_ovld|              xn_current_3|       pointer|
|xn_current_4_i            |   in|   16|     ap_ovld|              xn_current_4|       pointer|
|xn_current_4_o            |  out|   16|     ap_ovld|              xn_current_4|       pointer|
|xn_current_4_o_ap_vld     |  out|    1|     ap_ovld|              xn_current_4|       pointer|
|xn_current_5_i            |   in|   16|     ap_ovld|              xn_current_5|       pointer|
|xn_current_5_o            |  out|   16|     ap_ovld|              xn_current_5|       pointer|
|xn_current_5_o_ap_vld     |  out|    1|     ap_ovld|              xn_current_5|       pointer|
|p_read4                   |   in|   16|     ap_none|                   p_read4|        scalar|
|p_read5                   |   in|   16|     ap_none|                   p_read5|        scalar|
|p_read6                   |   in|   16|     ap_none|                   p_read6|        scalar|
|p_read7                   |   in|   16|     ap_none|                   p_read7|        scalar|
|p_read8                   |   in|   16|     ap_none|                   p_read8|        scalar|
|p_read9                   |   in|   16|     ap_none|                   p_read9|        scalar|
|p_read10                  |   in|   16|     ap_none|                  p_read10|        scalar|
|p_read11                  |   in|   16|     ap_none|                  p_read11|        scalar|
|p_read12                  |   in|   16|     ap_none|                  p_read12|        scalar|
|p_read13                  |   in|   16|     ap_none|                  p_read13|        scalar|
|p_read14                  |   in|   16|     ap_none|                  p_read14|        scalar|
|p_read15                  |   in|   16|     ap_none|                  p_read15|        scalar|
|p_read16                  |   in|   16|     ap_none|                  p_read16|        scalar|
|p_read17                  |   in|   16|     ap_none|                  p_read17|        scalar|
|p_read18                  |   in|   16|     ap_none|                  p_read18|        scalar|
|p_read19                  |   in|   16|     ap_none|                  p_read19|        scalar|
|p_read20                  |   in|   16|     ap_none|                  p_read20|        scalar|
|p_read21                  |   in|   16|     ap_none|                  p_read21|        scalar|
|p_read22                  |   in|   16|     ap_none|                  p_read22|        scalar|
|p_read23                  |   in|   16|     ap_none|                  p_read23|        scalar|
|p_read24                  |   in|   16|     ap_none|                  p_read24|        scalar|
|p_read25                  |   in|   16|     ap_none|                  p_read25|        scalar|
|p_read26                  |   in|   16|     ap_none|                  p_read26|        scalar|
|p_read27                  |   in|   16|     ap_none|                  p_read27|        scalar|
|p_read29                  |   in|    8|     ap_none|                  p_read29|        scalar|
|INIT_index                |   in|    8|     ap_none|                INIT_index|        scalar|
|p_read30                  |   in|    8|     ap_none|                  p_read30|        scalar|
|INIT_branch               |   in|    8|     ap_none|               INIT_branch|        scalar|
|location_0_i              |   in|    8|     ap_ovld|                location_0|       pointer|
|location_0_o              |  out|    8|     ap_ovld|                location_0|       pointer|
|location_0_o_ap_vld       |  out|    1|     ap_ovld|                location_0|       pointer|
|location_1_i              |   in|    8|     ap_ovld|                location_1|       pointer|
|location_1_o              |  out|    8|     ap_ovld|                location_1|       pointer|
|location_1_o_ap_vld       |  out|    1|     ap_ovld|                location_1|       pointer|
|location_2_i              |   in|    8|     ap_ovld|                location_2|       pointer|
|location_2_o              |  out|    8|     ap_ovld|                location_2|       pointer|
|location_2_o_ap_vld       |  out|    1|     ap_ovld|                location_2|       pointer|
|location_3_i              |   in|    8|     ap_ovld|                location_3|       pointer|
|location_3_o              |  out|    8|     ap_ovld|                location_3|       pointer|
|location_3_o_ap_vld       |  out|    1|     ap_ovld|                location_3|       pointer|
|p_read28                  |   in|   32|     ap_none|                  p_read28|        scalar|
|p_read31                  |   in|   32|     ap_none|                  p_read31|        scalar|
|p_read32                  |   in|   32|     ap_none|                  p_read32|        scalar|
|p_read33                  |   in|   32|     ap_none|                  p_read33|        scalar|
|p_read34                  |   in|   32|     ap_none|                  p_read34|        scalar|
|helpedList_0_i            |   in|    8|     ap_ovld|              helpedList_0|       pointer|
|helpedList_0_o            |  out|    8|     ap_ovld|              helpedList_0|       pointer|
|helpedList_0_o_ap_vld     |  out|    1|     ap_ovld|              helpedList_0|       pointer|
|helpedList_1_i            |   in|    8|     ap_ovld|              helpedList_1|       pointer|
|helpedList_1_o            |  out|    8|     ap_ovld|              helpedList_1|       pointer|
|helpedList_1_o_ap_vld     |  out|    1|     ap_ovld|              helpedList_1|       pointer|
|helpedList_2_i            |   in|    8|     ap_ovld|              helpedList_2|       pointer|
|helpedList_2_o            |  out|    8|     ap_ovld|              helpedList_2|       pointer|
|helpedList_2_o_ap_vld     |  out|    1|     ap_ovld|              helpedList_2|       pointer|
|helpedList_3_i            |   in|    8|     ap_ovld|              helpedList_3|       pointer|
|helpedList_3_o            |  out|    8|     ap_ovld|              helpedList_3|       pointer|
|helpedList_3_o_ap_vld     |  out|    1|     ap_ovld|              helpedList_3|       pointer|
|assignmentList            |   in|    5|     ap_none|            assignmentList|        scalar|
|helper_assignment_number  |   in|    8|     ap_none|  helper_assignment_number|        scalar|
|p_read36                  |   in|   16|     ap_none|                  p_read36|        scalar|
|p_read535                 |   in|   16|     ap_none|                 p_read535|        scalar|
|p_read636                 |   in|    5|     ap_none|                 p_read636|        scalar|
|p_read137                 |   in|   12|     ap_none|                 p_read137|        scalar|
|p_read238                 |   in|    8|     ap_none|                 p_read238|        scalar|
|p_read337                 |   in|    5|     ap_none|                 p_read337|        scalar|
|p_read439                 |   in|   12|     ap_none|                 p_read439|        scalar|
|p_read57                  |   in|    8|     ap_none|                  p_read57|        scalar|
|p_read68                  |   in|    3|     ap_none|                  p_read68|        scalar|
|p_read740                 |   in|    3|     ap_none|                 p_read740|        scalar|
|p_read841                 |   in|    3|     ap_none|                 p_read841|        scalar|
|Q_switchConst_IGBT        |   in|   10|     ap_none|        Q_switchConst_IGBT|        scalar|
+--------------------------+-----+-----+------------+--------------------------+--------------+

